[38;5;2m[i 0322 00:10:33.312703 76 compiler.py:944] Jittor(1.3.1.48) src: /root/miniconda3/envs/jittor-fanxiaoyu/lib/python3.9/site-packages/jittor[m
[38;5;2m[i 0322 00:10:33.316448 76 compiler.py:945] g++ at /usr/bin/g++(7.5.0)[m
[38;5;2m[i 0322 00:10:33.316559 76 compiler.py:946] cache_path: /root/.cache/jittor/jt1.3.1/g++7.5.0/py3.9.7/Linux-5.4.0-96xb0/IntelRXeonRCPUx84/default[m
[38;5;2m[i 0322 00:10:33.320099 76 __init__.py:376] Found /usr/local/cuda/bin/nvcc(10.2.89) at /usr/local/cuda/bin/nvcc.[m
[38;5;2m[i 0322 00:10:33.323685 76 __init__.py:376] Found addr2line(2.30) at /usr/bin/addr2line.[m
[38;5;2m[i 0322 00:10:33.439296 76 compiler.py:999] cuda key:cu10.2.89_sm_61[m
[38;5;2m[i 0322 00:10:33.618312 76 __init__.py:191] Total mem: 219.71GB, using 16 procs for compiling.[m
[38;5;2m[i 0322 00:10:33.729152 76 jit_compiler.cc:27] Load cc_path: /usr/bin/g++[m
[38;5;2m[i 0322 00:10:34.032516 76 init.cc:62] Found cuda archs: [61,][m
[38;5;2m[i 0322 00:10:34.178337 76 __init__.py:376] Found mpicc(2.1.1) at /usr/bin/mpicc.[m
[38;5;2m[i 0322 00:10:34.312680 76 compile_extern.py:29] found /usr/include/cublas.h[m
[38;5;2m[i 0322 00:10:34.325743 76 compile_extern.py:29] found /usr/lib/x86_64-linux-gnu/libcublas.so[m
[38;5;2m[i 0322 00:10:34.325937 76 compile_extern.py:29] found /usr/lib/x86_64-linux-gnu/libcublasLt.so.10[m
[38;5;2m[i 0322 00:10:34.506368 76 compile_extern.py:29] found /usr/include/cudnn.h[m
[38;5;2m[i 0322 00:10:34.523352 76 compile_extern.py:29] found /usr/lib/x86_64-linux-gnu/libcudnn.so[m
[38;5;2m[i 0322 00:10:35.166238 76 compile_extern.py:29] found /usr/local/cuda/include/curand.h[m
[38;5;2m[i 0322 00:10:35.191833 76 compile_extern.py:29] found /usr/local/cuda/lib64/libcurand.so[m
[38;5;2m[i 0322 00:10:35.260656 76 cuda_flags.cc:32] CUDA enabled.[m
[38;5;2m[i 0322 00:10:36.085584 76 dataset.py:629] Found 102 classes and 1020 images.[m
[38;5;2m[i 0322 00:10:36.091292 76 dataset.py:629] Found 102 classes and 1020 images.[m
[38;5;2m[i 0322 00:10:36.115434 76 dataset.py:629] Found 102 classes and 6149 images.[m
----------------- A new trial ---------------------
modelName ViT learning rate: 0.0005 epochs 800
epoch: 0 validAccuracy: 0.3588 trainAccuracy: 0.9186 delta: 0.3588
epoch: 1 validAccuracy: 0.3422 trainAccuracy: 0.8647 delta: -0.0166
epoch: 2 validAccuracy: 0.349 trainAccuracy: 0.8539 delta: -0.0098
epoch: 3 validAccuracy: 0.3412 trainAccuracy: 0.8667 delta: -0.0176
epoch: 4 validAccuracy: 0.3451 trainAccuracy: 0.8922 delta: -0.0137
epoch: 5 validAccuracy: 0.3618 trainAccuracy: 0.9206 delta: 0.003
epoch: 6 validAccuracy: 0.3696 trainAccuracy: 0.9637 delta: 0.0078
epoch: 7 validAccuracy: 0.3902 trainAccuracy: 0.9755 delta: 0.0206
epoch: 8 validAccuracy: 0.3735 trainAccuracy: 0.9804 delta: -0.0167
epoch: 9 validAccuracy: 0.3922 trainAccuracy: 0.9971 delta: 0.002
epoch: 10 validAccuracy: 0.3843 trainAccuracy: 0.9971 delta: -0.0079
epoch: 11 validAccuracy: 0.3951 trainAccuracy: 0.998 delta: 0.0029
epoch: 12 validAccuracy: 0.3971 trainAccuracy: 1.0 delta: 0.002
epoch: 13 validAccuracy: 0.3971 trainAccuracy: 0.999 delta: 0.0
epoch: 14 validAccuracy: 0.4049 trainAccuracy: 1.0 delta: 0.0078
epoch: 15 validAccuracy: 0.4039 trainAccuracy: 0.998 delta: -0.001
epoch: 16 validAccuracy: 0.402 trainAccuracy: 0.999 delta: -0.0029
epoch: 17 validAccuracy: 0.402 trainAccuracy: 1.0 delta: -0.0029
epoch: 18 validAccuracy: 0.4039 trainAccuracy: 0.999 delta: -0.001
epoch: 19 validAccuracy: 0.4029 trainAccuracy: 1.0 delta: -0.002
epoch: 20 validAccuracy: 0.402 trainAccuracy: 0.999 delta: -0.0029
epoch: 21 validAccuracy: 0.402 trainAccuracy: 1.0 delta: -0.0029
epoch: 22 validAccuracy: 0.399 trainAccuracy: 1.0 delta: -0.0059
epoch: 23 validAccuracy: 0.3912 trainAccuracy: 0.998 delta: -0.0137
epoch: 24 validAccuracy: 0.399 trainAccuracy: 0.9922 delta: -0.0059
epoch: 25 validAccuracy: 0.3882 trainAccuracy: 0.9902 delta: -0.0167
epoch: 26 validAccuracy: 0.3608 trainAccuracy: 0.9598 delta: -0.0441
epoch: 27 validAccuracy: 0.3167 trainAccuracy: 0.8696 delta: -0.0882
epoch: 28 validAccuracy: 0.3343 trainAccuracy: 0.7284 delta: -0.0706
epoch: 29 validAccuracy: 0.3294 trainAccuracy: 0.6775 delta: -0.0755
epoch: 30 validAccuracy: 0.3088 trainAccuracy: 0.6922 delta: -0.0961
epoch: 31 validAccuracy: 0.3333 trainAccuracy: 0.6931 delta: -0.0716
epoch: 32 validAccuracy: 0.3343 trainAccuracy: 0.7647 delta: -0.0706
epoch: 33 validAccuracy: 0.3245 trainAccuracy: 0.8127 delta: -0.0804
epoch: 34 validAccuracy: 0.3392 trainAccuracy: 0.8706 delta: -0.0657
epoch: 35 validAccuracy: 0.348 trainAccuracy: 0.8961 delta: -0.0569
epoch: 36 validAccuracy: 0.3716 trainAccuracy: 0.9373 delta: -0.0333
epoch: 37 validAccuracy: 0.3627 trainAccuracy: 0.9598 delta: -0.0422
epoch: 38 validAccuracy: 0.3794 trainAccuracy: 0.9824 delta: -0.0255
epoch: 39 validAccuracy: 0.3794 trainAccuracy: 0.9902 delta: -0.0255
epoch: 40 validAccuracy: 0.3853 trainAccuracy: 0.998 delta: -0.0196
epoch: 41 validAccuracy: 0.3863 trainAccuracy: 0.999 delta: -0.0186
epoch: 42 validAccuracy: 0.3892 trainAccuracy: 0.998 delta: -0.0157
epoch: 43 validAccuracy: 0.3892 trainAccuracy: 0.9971 delta: -0.0157
epoch: 44 validAccuracy: 0.3873 trainAccuracy: 0.998 delta: -0.0176
epoch: 45 validAccuracy: 0.3843 trainAccuracy: 1.0 delta: -0.0206
epoch: 46 validAccuracy: 0.3833 trainAccuracy: 0.998 delta: -0.0216
epoch: 47 validAccuracy: 0.3843 trainAccuracy: 0.998 delta: -0.0206
epoch: 48 validAccuracy: 0.3843 trainAccuracy: 0.999 delta: -0.0206
epoch: 49 validAccuracy: 0.3931 trainAccuracy: 1.0 delta: -0.0118
epoch: 50 validAccuracy: 0.3912 trainAccuracy: 1.0 delta: -0.0137
epoch: 51 validAccuracy: 0.3912 trainAccuracy: 0.998 delta: -0.0137
epoch: 52 validAccuracy: 0.3902 trainAccuracy: 0.999 delta: -0.0147
epoch: 53 validAccuracy: 0.3804 trainAccuracy: 0.9961 delta: -0.0245
epoch: 54 validAccuracy: 0.4 trainAccuracy: 0.9961 delta: -0.0049
epoch: 55 validAccuracy: 0.4059 trainAccuracy: 0.9961 delta: 0.001
epoch: 56 validAccuracy: 0.3941 trainAccuracy: 0.999 delta: -0.0118
epoch: 57 validAccuracy: 0.3922 trainAccuracy: 0.998 delta: -0.0137
epoch: 58 validAccuracy: 0.399 trainAccuracy: 0.9971 delta: -0.0069
epoch: 59 validAccuracy: 0.3902 trainAccuracy: 0.9961 delta: -0.0157
epoch: 60 validAccuracy: 0.3676 trainAccuracy: 0.9922 delta: -0.0383
epoch: 61 validAccuracy: 0.3902 trainAccuracy: 0.9794 delta: -0.0157
epoch: 62 validAccuracy: 0.3647 trainAccuracy: 0.9775 delta: -0.0412
epoch: 63 validAccuracy: 0.3569 trainAccuracy: 0.9559 delta: -0.049
epoch: 64 validAccuracy: 0.3716 trainAccuracy: 0.9539 delta: -0.0343
epoch: 65 validAccuracy: 0.3657 trainAccuracy: 0.9402 delta: -0.0402
epoch: 66 validAccuracy: 0.3814 trainAccuracy: 0.9588 delta: -0.0245
epoch: 67 validAccuracy: 0.3863 trainAccuracy: 0.9833 delta: -0.0196
epoch: 68 validAccuracy: 0.3863 trainAccuracy: 0.9853 delta: -0.0196
epoch: 69 validAccuracy: 0.3824 trainAccuracy: 0.9912 delta: -0.0235
epoch: 70 validAccuracy: 0.3814 trainAccuracy: 0.9951 delta: -0.0245
epoch: 71 validAccuracy: 0.3971 trainAccuracy: 0.999 delta: -0.0088
epoch: 72 validAccuracy: 0.3961 trainAccuracy: 1.0 delta: -0.0098
epoch: 73 validAccuracy: 0.399 trainAccuracy: 1.0 delta: -0.0069
epoch: 74 validAccuracy: 0.401 trainAccuracy: 1.0 delta: -0.0049
epoch: 75 validAccuracy: 0.4 trainAccuracy: 0.999 delta: -0.0059
epoch: 76 validAccuracy: 0.398 trainAccuracy: 1.0 delta: -0.0079
epoch: 77 validAccuracy: 0.398 trainAccuracy: 1.0 delta: -0.0079
epoch: 78 validAccuracy: 0.402 trainAccuracy: 0.999 delta: -0.0039
epoch: 79 validAccuracy: 0.4029 trainAccuracy: 1.0 delta: -0.003
epoch: 80 validAccuracy: 0.4 trainAccuracy: 1.0 delta: -0.0059
epoch: 81 validAccuracy: 0.4029 trainAccuracy: 1.0 delta: -0.003
epoch: 82 validAccuracy: 0.4059 trainAccuracy: 0.999 delta: 0.0
epoch: 83 validAccuracy: 0.4069 trainAccuracy: 0.999 delta: 0.001
epoch: 84 validAccuracy: 0.4069 trainAccuracy: 1.0 delta: 0.0
epoch: 85 validAccuracy: 0.4069 trainAccuracy: 0.999 delta: 0.0
epoch: 86 validAccuracy: 0.4176 trainAccuracy: 0.9922 delta: 0.0107
epoch: 87 validAccuracy: 0.3931 trainAccuracy: 0.9833 delta: -0.0245
epoch: 88 validAccuracy: 0.3667 trainAccuracy: 0.9549 delta: -0.0509
epoch: 89 validAccuracy: 0.3647 trainAccuracy: 0.9373 delta: -0.0529
epoch: 90 validAccuracy: 0.3412 trainAccuracy: 0.8902 delta: -0.0764
epoch: 91 validAccuracy: 0.3137 trainAccuracy: 0.8588 delta: -0.1039
epoch: 92 validAccuracy: 0.3304 trainAccuracy: 0.8098 delta: -0.0872
epoch: 93 validAccuracy: 0.3324 trainAccuracy: 0.8294 delta: -0.0852
epoch: 94 validAccuracy: 0.3441 trainAccuracy: 0.8598 delta: -0.0735
epoch: 95 validAccuracy: 0.3745 trainAccuracy: 0.9147 delta: -0.0431
epoch: 96 validAccuracy: 0.3725 trainAccuracy: 0.9539 delta: -0.0451
epoch: 97 validAccuracy: 0.3657 trainAccuracy: 0.9735 delta: -0.0519
epoch: 98 validAccuracy: 0.3863 trainAccuracy: 0.9853 delta: -0.0313
epoch: 99 validAccuracy: 0.401 trainAccuracy: 0.9931 delta: -0.0166
epoch: 100 validAccuracy: 0.3971 trainAccuracy: 0.998 delta: -0.0205
epoch: 101 validAccuracy: 0.4039 trainAccuracy: 0.999 delta: -0.0137
epoch: 102 validAccuracy: 0.3941 trainAccuracy: 0.998 delta: -0.0235
epoch: 103 validAccuracy: 0.399 trainAccuracy: 0.999 delta: -0.0186
epoch: 104 validAccuracy: 0.3971 trainAccuracy: 1.0 delta: -0.0205
epoch: 105 validAccuracy: 0.398 trainAccuracy: 0.999 delta: -0.0196
epoch: 106 validAccuracy: 0.398 trainAccuracy: 0.999 delta: -0.0196
epoch: 107 validAccuracy: 0.401 trainAccuracy: 0.999 delta: -0.0166
epoch: 108 validAccuracy: 0.4 trainAccuracy: 1.0 delta: -0.0176
epoch: 109 validAccuracy: 0.401 trainAccuracy: 1.0 delta: -0.0166
epoch: 110 validAccuracy: 0.398 trainAccuracy: 0.999 delta: -0.0196
epoch: 111 validAccuracy: 0.398 trainAccuracy: 0.999 delta: -0.0196
epoch: 112 validAccuracy: 0.4 trainAccuracy: 1.0 delta: -0.0176
epoch: 113 validAccuracy: 0.4069 trainAccuracy: 1.0 delta: -0.0107
epoch: 114 validAccuracy: 0.4049 trainAccuracy: 0.999 delta: -0.0127
epoch: 115 validAccuracy: 0.3951 trainAccuracy: 0.998 delta: -0.0225
epoch: 116 validAccuracy: 0.399 trainAccuracy: 1.0 delta: -0.0186
epoch: 117 validAccuracy: 0.3941 trainAccuracy: 1.0 delta: -0.0235
epoch: 118 validAccuracy: 0.3912 trainAccuracy: 1.0 delta: -0.0264
epoch: 119 validAccuracy: 0.399 trainAccuracy: 0.998 delta: -0.0186
epoch: 120 validAccuracy: 0.399 trainAccuracy: 1.0 delta: -0.0186
epoch: 121 validAccuracy: 0.3863 trainAccuracy: 0.998 delta: -0.0313
epoch: 122 validAccuracy: 0.3882 trainAccuracy: 0.9912 delta: -0.0294
epoch: 123 validAccuracy: 0.3882 trainAccuracy: 0.9853 delta: -0.0294
epoch: 124 validAccuracy: 0.3343 trainAccuracy: 0.9549 delta: -0.0833
epoch: 125 validAccuracy: 0.3529 trainAccuracy: 0.9314 delta: -0.0647
epoch: 126 validAccuracy: 0.3775 trainAccuracy: 0.9363 delta: -0.0401
epoch: 127 validAccuracy: 0.3696 trainAccuracy: 0.9588 delta: -0.048
epoch: 128 validAccuracy: 0.3716 trainAccuracy: 0.9833 delta: -0.046
epoch: 129 validAccuracy: 0.3912 trainAccuracy: 0.9941 delta: -0.0264
epoch: 130 validAccuracy: 0.3971 trainAccuracy: 0.9971 delta: -0.0205
epoch: 131 validAccuracy: 0.399 trainAccuracy: 1.0 delta: -0.0186
epoch: 132 validAccuracy: 0.4069 trainAccuracy: 1.0 delta: -0.0107
epoch: 133 validAccuracy: 0.4049 trainAccuracy: 0.998 delta: -0.0127
epoch: 134 validAccuracy: 0.4049 trainAccuracy: 1.0 delta: -0.0127
epoch: 135 validAccuracy: 0.4059 trainAccuracy: 1.0 delta: -0.0117
epoch: 136 validAccuracy: 0.4029 trainAccuracy: 1.0 delta: -0.0147
==========================================================================================
validAccuracy 0.4176 bestEpoch 86 testAccuracy 0.362 stopEpoch 136
==========================================================================================
