[38;5;2m[i 0321 12:48:53.630173 00 compiler.py:944] Jittor(1.3.1.48) src: /root/miniconda3/envs/jittor-fanxiaoyu/lib/python3.9/site-packages/jittor[m
[38;5;2m[i 0321 12:48:53.634444 00 compiler.py:945] g++ at /usr/bin/g++(7.5.0)[m
[38;5;2m[i 0321 12:48:53.634571 00 compiler.py:946] cache_path: /root/.cache/jittor/jt1.3.1/g++7.5.0/py3.9.7/Linux-5.4.0-96xb0/IntelRXeonRCPUx84/default[m
[38;5;2m[i 0321 12:48:53.638355 00 __init__.py:376] Found /usr/local/cuda/bin/nvcc(10.2.89) at /usr/local/cuda/bin/nvcc.[m
[38;5;2m[i 0321 12:48:53.642607 00 __init__.py:376] Found addr2line(2.30) at /usr/bin/addr2line.[m
[38;5;2m[i 0321 12:48:53.766239 00 compiler.py:999] cuda key:cu10.2.89_sm_61[m
[38;5;2m[i 0321 12:48:54.002027 00 __init__.py:191] Total mem: 219.71GB, using 16 procs for compiling.[m
[38;5;2m[i 0321 12:48:54.121918 00 jit_compiler.cc:27] Load cc_path: /usr/bin/g++[m
[38;5;2m[i 0321 12:48:54.396985 00 init.cc:62] Found cuda archs: [61,][m
[38;5;2m[i 0321 12:48:54.545857 00 __init__.py:376] Found mpicc(2.1.1) at /usr/bin/mpicc.[m
[38;5;2m[i 0321 12:48:54.657139 00 compile_extern.py:29] found /usr/include/cublas.h[m
[38;5;2m[i 0321 12:48:54.664753 00 compile_extern.py:29] found /usr/lib/x86_64-linux-gnu/libcublas.so[m
[38;5;2m[i 0321 12:48:54.664958 00 compile_extern.py:29] found /usr/lib/x86_64-linux-gnu/libcublasLt.so.10[m
[38;5;2m[i 0321 12:48:54.873335 00 compile_extern.py:29] found /usr/include/cudnn.h[m
[38;5;2m[i 0321 12:48:54.888799 00 compile_extern.py:29] found /usr/lib/x86_64-linux-gnu/libcudnn.so[m
[38;5;2m[i 0321 12:48:55.549337 00 compile_extern.py:29] found /usr/local/cuda/include/curand.h[m
[38;5;2m[i 0321 12:48:55.571296 00 compile_extern.py:29] found /usr/local/cuda/lib64/libcurand.so[m
[38;5;2m[i 0321 12:48:55.820304 00 cuda_flags.cc:32] CUDA enabled.[m
[38;5;2m[i 0321 12:48:55.842908 00 dataset.py:629] Found 102 classes and 1020 images.[m
[38;5;2m[i 0321 12:48:55.849672 00 dataset.py:629] Found 102 classes and 1020 images.[m
[38;5;2m[i 0321 12:48:55.878366 00 dataset.py:629] Found 102 classes and 6149 images.[m
----------------- A new trial ---------------------
modelName MLPMixer learning rate: 2.3e-05 epochs 200
epoch: 0 validAccuracy: 0.0637 trainAccuracy: 0.0216 delta: 0.0637
epoch: 1 validAccuracy: 0.0882 trainAccuracy: 0.0549 delta: 0.0245
epoch: 2 validAccuracy: 0.0951 trainAccuracy: 0.0843 delta: 0.0069
epoch: 3 validAccuracy: 0.1284 trainAccuracy: 0.1088 delta: 0.0333
epoch: 4 validAccuracy: 0.1578 trainAccuracy: 0.1451 delta: 0.0294
epoch: 5 validAccuracy: 0.1853 trainAccuracy: 0.1961 delta: 0.0275
epoch: 6 validAccuracy: 0.2147 trainAccuracy: 0.2363 delta: 0.0294
epoch: 7 validAccuracy: 0.2265 trainAccuracy: 0.2843 delta: 0.0118
epoch: 8 validAccuracy: 0.2216 trainAccuracy: 0.2922 delta: -0.0049
epoch: 9 validAccuracy: 0.248 trainAccuracy: 0.349 delta: 0.0215
epoch: 10 validAccuracy: 0.2775 trainAccuracy: 0.3892 delta: 0.0295
epoch: 11 validAccuracy: 0.2706 trainAccuracy: 0.4343 delta: -0.0069
epoch: 12 validAccuracy: 0.2882 trainAccuracy: 0.4314 delta: 0.0107
epoch: 13 validAccuracy: 0.2863 trainAccuracy: 0.4814 delta: -0.0019
epoch: 14 validAccuracy: 0.2833 trainAccuracy: 0.5 delta: -0.0049
epoch: 15 validAccuracy: 0.3039 trainAccuracy: 0.5373 delta: 0.0157
epoch: 16 validAccuracy: 0.3049 trainAccuracy: 0.5392 delta: 0.001
epoch: 17 validAccuracy: 0.3098 trainAccuracy: 0.5843 delta: 0.0049
epoch: 18 validAccuracy: 0.301 trainAccuracy: 0.6127 delta: -0.0088
epoch: 19 validAccuracy: 0.3265 trainAccuracy: 0.6353 delta: 0.0167
epoch: 20 validAccuracy: 0.3137 trainAccuracy: 0.6529 delta: -0.0128
epoch: 21 validAccuracy: 0.3245 trainAccuracy: 0.6618 delta: -0.002
epoch: 22 validAccuracy: 0.3196 trainAccuracy: 0.6882 delta: -0.0069
epoch: 23 validAccuracy: 0.3353 trainAccuracy: 0.7108 delta: 0.0088
epoch: 24 validAccuracy: 0.3275 trainAccuracy: 0.7529 delta: -0.0078
epoch: 25 validAccuracy: 0.3245 trainAccuracy: 0.7892 delta: -0.0108
epoch: 26 validAccuracy: 0.3382 trainAccuracy: 0.8137 delta: 0.0029
epoch: 27 validAccuracy: 0.3284 trainAccuracy: 0.8343 delta: -0.0098
epoch: 28 validAccuracy: 0.3549 trainAccuracy: 0.8804 delta: 0.0167
epoch: 29 validAccuracy: 0.3373 trainAccuracy: 0.8951 delta: -0.0176
epoch: 30 validAccuracy: 0.3422 trainAccuracy: 0.9029 delta: -0.0127
epoch: 31 validAccuracy: 0.3304 trainAccuracy: 0.9196 delta: -0.0245
epoch: 32 validAccuracy: 0.3373 trainAccuracy: 0.95 delta: -0.0176
epoch: 33 validAccuracy: 0.3431 trainAccuracy: 0.9637 delta: -0.0118
epoch: 34 validAccuracy: 0.3412 trainAccuracy: 0.9794 delta: -0.0137
epoch: 35 validAccuracy: 0.3471 trainAccuracy: 0.9873 delta: -0.0078
epoch: 36 validAccuracy: 0.3461 trainAccuracy: 0.9902 delta: -0.0088
epoch: 37 validAccuracy: 0.348 trainAccuracy: 0.9922 delta: -0.0069
epoch: 38 validAccuracy: 0.3578 trainAccuracy: 0.9922 delta: 0.0029
epoch: 39 validAccuracy: 0.3637 trainAccuracy: 0.998 delta: 0.0059
epoch: 40 validAccuracy: 0.3549 trainAccuracy: 1.0 delta: -0.0088
epoch: 41 validAccuracy: 0.3598 trainAccuracy: 1.0 delta: -0.0039
epoch: 42 validAccuracy: 0.3578 trainAccuracy: 1.0 delta: -0.0059
epoch: 43 validAccuracy: 0.3608 trainAccuracy: 1.0 delta: -0.0029
epoch: 44 validAccuracy: 0.3578 trainAccuracy: 1.0 delta: -0.0059
epoch: 45 validAccuracy: 0.3598 trainAccuracy: 1.0 delta: -0.0039
