[38;5;2m[i 0321 13:25:52.546784 28 compiler.py:944] Jittor(1.3.1.48) src: /root/miniconda3/envs/jittor-fanxiaoyu/lib/python3.9/site-packages/jittor[m
[38;5;2m[i 0321 13:25:52.551064 28 compiler.py:945] g++ at /usr/bin/g++(7.5.0)[m
[38;5;2m[i 0321 13:25:52.551170 28 compiler.py:946] cache_path: /root/.cache/jittor/jt1.3.1/g++7.5.0/py3.9.7/Linux-5.4.0-96xb0/IntelRXeonRCPUx84/default[m
[38;5;2m[i 0321 13:25:52.555250 28 __init__.py:376] Found /usr/local/cuda/bin/nvcc(10.2.89) at /usr/local/cuda/bin/nvcc.[m
[38;5;2m[i 0321 13:25:52.559631 28 __init__.py:376] Found addr2line(2.30) at /usr/bin/addr2line.[m
[38;5;2m[i 0321 13:25:52.692895 28 compiler.py:999] cuda key:cu10.2.89_sm_61[m
[38;5;2m[i 0321 13:25:52.923430 28 __init__.py:191] Total mem: 219.71GB, using 16 procs for compiling.[m
[38;5;2m[i 0321 13:25:53.049783 28 jit_compiler.cc:27] Load cc_path: /usr/bin/g++[m
[38;5;2m[i 0321 13:25:53.360923 28 init.cc:62] Found cuda archs: [61,][m
[38;5;2m[i 0321 13:25:53.584077 28 __init__.py:376] Found mpicc(2.1.1) at /usr/bin/mpicc.[m
[38;5;2m[i 0321 13:25:53.701104 28 compile_extern.py:29] found /usr/include/cublas.h[m
[38;5;2m[i 0321 13:25:53.712251 28 compile_extern.py:29] found /usr/lib/x86_64-linux-gnu/libcublas.so[m
[38;5;2m[i 0321 13:25:53.712484 28 compile_extern.py:29] found /usr/lib/x86_64-linux-gnu/libcublasLt.so.10[m
[38;5;2m[i 0321 13:25:53.978886 28 compile_extern.py:29] found /usr/include/cudnn.h[m
[38;5;2m[i 0321 13:25:53.997598 28 compile_extern.py:29] found /usr/lib/x86_64-linux-gnu/libcudnn.so[m
[38;5;2m[i 0321 13:25:54.803966 28 compile_extern.py:29] found /usr/local/cuda/include/curand.h[m
[38;5;2m[i 0321 13:25:54.844532 28 compile_extern.py:29] found /usr/local/cuda/lib64/libcurand.so[m
[38;5;2m[i 0321 13:25:54.928903 28 cuda_flags.cc:32] CUDA enabled.[m
[38;5;2m[i 0321 13:25:57.389714 28 dataset.py:629] Found 102 classes and 1020 images.[m
[38;5;2m[i 0321 13:25:57.395438 28 dataset.py:629] Found 102 classes and 1020 images.[m
[38;5;2m[i 0321 13:25:57.419804 28 dataset.py:629] Found 102 classes and 6149 images.[m
==========================================================================================
validAccuracy 0.4029 testAccuracy 0.3651
