[38;5;2m[i 0318 04:20:18.871021 48 compiler.py:944] Jittor(1.3.1.48) src: /root/miniconda3/envs/jittor-fanxiaoyu/lib/python3.9/site-packages/jittor[m
[38;5;2m[i 0318 04:20:18.874267 48 compiler.py:945] g++ at /usr/bin/g++(7.5.0)[m
[38;5;2m[i 0318 04:20:18.874376 48 compiler.py:946] cache_path: /root/.cache/jittor/jt1.3.1/g++7.5.0/py3.9.7/Linux-5.4.0-96xb0/IntelRXeonRCPUx84/default[m
[38;5;2m[i 0318 04:20:18.877601 48 __init__.py:376] Found /usr/local/cuda/bin/nvcc(10.2.89) at /usr/local/cuda/bin/nvcc.[m
[38;5;2m[i 0318 04:20:18.880989 48 __init__.py:376] Found addr2line(2.30) at /usr/bin/addr2line.[m
[38;5;2m[i 0318 04:20:19.088439 48 compiler.py:999] cuda key:cu10.2.89_sm_61[m
[38;5;2m[i 0318 04:20:19.272799 48 __init__.py:191] Total mem: 219.71GB, using 16 procs for compiling.[m
[38;5;2m[i 0318 04:20:19.384320 48 jit_compiler.cc:27] Load cc_path: /usr/bin/g++[m
[38;5;2m[i 0318 04:20:19.690642 48 init.cc:62] Found cuda archs: [61,][m
[38;5;2m[i 0318 04:20:19.784048 48 __init__.py:376] Found mpicc(2.1.1) at /usr/bin/mpicc.[m
[38;5;2m[i 0318 04:20:19.897193 48 compile_extern.py:29] found /usr/include/cublas.h[m
[38;5;2m[i 0318 04:20:19.907086 48 compile_extern.py:29] found /usr/lib/x86_64-linux-gnu/libcublas.so[m
[38;5;2m[i 0318 04:20:19.907303 48 compile_extern.py:29] found /usr/lib/x86_64-linux-gnu/libcublasLt.so.10[m
[38;5;2m[i 0318 04:20:20.117181 48 compile_extern.py:29] found /usr/include/cudnn.h[m
[38;5;2m[i 0318 04:20:20.135434 48 compile_extern.py:29] found /usr/lib/x86_64-linux-gnu/libcudnn.so[m
[38;5;2m[i 0318 04:20:20.822523 48 compile_extern.py:29] found /usr/local/cuda/include/curand.h[m
[38;5;2m[i 0318 04:20:20.858415 48 compile_extern.py:29] found /usr/local/cuda/lib64/libcurand.so[m
[38;5;2m[i 0318 04:20:20.900597 48 cuda_flags.cc:32] CUDA enabled.[m
[38;5;2m[i 0318 04:20:20.911622 48 dataset.py:629] Found 102 classes and 1020 images.[m
[38;5;2m[i 0318 04:20:20.917173 48 dataset.py:629] Found 102 classes and 1020 images.[m
[38;5;2m[i 0318 04:20:20.941490 48 dataset.py:629] Found 102 classes and 6149 images.[m
----------------- A new trial ---------------------
learning rate: 0.0001

Compiling Operators(8/15) used: 3.31s eta:  2.9s Compiling Operators(15/15) used: 4.31s eta:    0s 

Compiling Operators(18/21) used: 4.31s eta: 0.719s Compiling Operators(21/21) used: 5.31s eta:    0s 
epoch: 0 validAccuracy: 0.023 trainAccuracy: 0.017 delta: 0.023
epoch: 1 validAccuracy: 0.042 trainAccuracy: 0.039 delta: 0.019
epoch: 2 validAccuracy: 0.075 trainAccuracy: 0.035 delta: 0.033
epoch: 3 validAccuracy: 0.068 trainAccuracy: 0.069 delta: -0.007
epoch: 4 validAccuracy: 0.103 trainAccuracy: 0.065 delta: 0.028
epoch: 5 validAccuracy: 0.113 trainAccuracy: 0.083 delta: 0.01
epoch: 6 validAccuracy: 0.123 trainAccuracy: 0.1 delta: 0.01
epoch: 7 validAccuracy: 0.136 trainAccuracy: 0.127 delta: 0.013
epoch: 8 validAccuracy: 0.146 trainAccuracy: 0.141 delta: 0.01
epoch: 9 validAccuracy: 0.137 trainAccuracy: 0.164 delta: -0.009
epoch: 10 validAccuracy: 0.167 trainAccuracy: 0.193 delta: 0.021
epoch: 11 validAccuracy: 0.196 trainAccuracy: 0.196 delta: 0.029
epoch: 12 validAccuracy: 0.18 trainAccuracy: 0.203 delta: -0.016
epoch: 13 validAccuracy: 0.198 trainAccuracy: 0.222 delta: 0.002
epoch: 14 validAccuracy: 0.196 trainAccuracy: 0.235 delta: -0.002
epoch: 15 validAccuracy: 0.208 trainAccuracy: 0.249 delta: 0.01
epoch: 16 validAccuracy: 0.199 trainAccuracy: 0.252 delta: -0.009
epoch: 17 validAccuracy: 0.199 trainAccuracy: 0.251 delta: -0.009
epoch: 18 validAccuracy: 0.194 trainAccuracy: 0.225 delta: -0.014
epoch: 19 validAccuracy: 0.213 trainAccuracy: 0.242 delta: 0.005
epoch: 20 validAccuracy: 0.215 trainAccuracy: 0.246 delta: 0.002
epoch: 21 validAccuracy: 0.19 trainAccuracy: 0.247 delta: -0.025
epoch: 22 validAccuracy: 0.176 trainAccuracy: 0.254 delta: -0.039
epoch: 23 validAccuracy: 0.187 trainAccuracy: 0.236 delta: -0.028
epoch: 24 validAccuracy: 0.197 trainAccuracy: 0.211 delta: -0.018
epoch: 25 validAccuracy: 0.18 trainAccuracy: 0.213 delta: -0.035
epoch: 26 validAccuracy: 0.188 trainAccuracy: 0.202 delta: -0.027
epoch: 27 validAccuracy: 0.188 trainAccuracy: 0.218 delta: -0.027
epoch: 28 validAccuracy: 0.166 trainAccuracy: 0.202 delta: -0.049
epoch: 29 validAccuracy: 0.199 trainAccuracy: 0.196 delta: -0.016
epoch: 30 validAccuracy: 0.234 trainAccuracy: 0.193 delta: 0.019
epoch: 31 validAccuracy: 0.19 trainAccuracy: 0.262 delta: -0.044
epoch: 32 validAccuracy: 0.218 trainAccuracy: 0.238 delta: -0.016
epoch: 33 validAccuracy: 0.225 trainAccuracy: 0.252 delta: -0.009
epoch: 34 validAccuracy: 0.224 trainAccuracy: 0.281 delta: -0.01
epoch: 35 validAccuracy: 0.254 trainAccuracy: 0.323 delta: 0.02
epoch: 36 validAccuracy: 0.268 trainAccuracy: 0.318 delta: 0.014
epoch: 37 validAccuracy: 0.28 trainAccuracy: 0.334 delta: 0.012
epoch: 38 validAccuracy: 0.296 trainAccuracy: 0.355 delta: 0.016
epoch: 39 validAccuracy: 0.316 trainAccuracy: 0.391 delta: 0.02
epoch: 40 validAccuracy: 0.321 trainAccuracy: 0.41 delta: 0.005
epoch: 41 validAccuracy: 0.329 trainAccuracy: 0.426 delta: 0.008
epoch: 42 validAccuracy: 0.334 trainAccuracy: 0.466 delta: 0.005
epoch: 43 validAccuracy: 0.339 trainAccuracy: 0.478 delta: 0.005
epoch: 44 validAccuracy: 0.345 trainAccuracy: 0.496 delta: 0.006
epoch: 45 validAccuracy: 0.339 trainAccuracy: 0.495 delta: -0.006
epoch: 46 validAccuracy: 0.345 trainAccuracy: 0.507 delta: 0.0
epoch: 47 validAccuracy: 0.344 trainAccuracy: 0.505 delta: -0.001
epoch: 48 validAccuracy: 0.346 trainAccuracy: 0.502 delta: 0.001
epoch: 49 validAccuracy: 0.345 trainAccuracy: 0.491 delta: -0.001
epoch: 50 validAccuracy: 0.342 trainAccuracy: 0.501 delta: -0.004
epoch: 51 validAccuracy: 0.349 trainAccuracy: 0.486 delta: 0.003
epoch: 52 validAccuracy: 0.332 trainAccuracy: 0.494 delta: -0.017
epoch: 53 validAccuracy: 0.334 trainAccuracy: 0.452 delta: -0.015
epoch: 54 validAccuracy: 0.3 trainAccuracy: 0.452 delta: -0.049
epoch: 55 validAccuracy: 0.28 trainAccuracy: 0.437 delta: -0.069
epoch: 56 validAccuracy: 0.287 trainAccuracy: 0.429 delta: -0.062
epoch: 57 validAccuracy: 0.277 trainAccuracy: 0.41 delta: -0.072
epoch: 58 validAccuracy: 0.276 trainAccuracy: 0.406 delta: -0.073
epoch: 59 validAccuracy: 0.271 trainAccuracy: 0.398 delta: -0.078
epoch: 60 validAccuracy: 0.297 trainAccuracy: 0.391 delta: -0.052
epoch: 61 validAccuracy: 0.276 trainAccuracy: 0.423 delta: -0.073
epoch: 62 validAccuracy: 0.309 trainAccuracy: 0.431 delta: -0.04
epoch: 63 validAccuracy: 0.325 trainAccuracy: 0.455 delta: -0.024
epoch: 64 validAccuracy: 0.312 trainAccuracy: 0.475 delta: -0.037
epoch: 65 validAccuracy: 0.338 trainAccuracy: 0.532 delta: -0.011
epoch: 66 validAccuracy: 0.341 trainAccuracy: 0.546 delta: -0.008
epoch: 67 validAccuracy: 0.37 trainAccuracy: 0.569 delta: 0.021
epoch: 68 validAccuracy: 0.374 trainAccuracy: 0.606 delta: 0.004
epoch: 69 validAccuracy: 0.369 trainAccuracy: 0.646 delta: -0.005
epoch: 70 validAccuracy: 0.416 trainAccuracy: 0.686 delta: 0.042
epoch: 71 validAccuracy: 0.407 trainAccuracy: 0.695 delta: -0.009
epoch: 72 validAccuracy: 0.425 trainAccuracy: 0.739 delta: 0.009
epoch: 73 validAccuracy: 0.438 trainAccuracy: 0.771 delta: 0.013
epoch: 74 validAccuracy: 0.428 trainAccuracy: 0.763 delta: -0.01
epoch: 75 validAccuracy: 0.435 trainAccuracy: 0.763 delta: -0.003
epoch: 76 validAccuracy: 0.422 trainAccuracy: 0.755 delta: -0.016
epoch: 77 validAccuracy: 0.428 trainAccuracy: 0.773 delta: -0.01
epoch: 78 validAccuracy: 0.428 trainAccuracy: 0.765 delta: -0.01
epoch: 79 validAccuracy: 0.426 trainAccuracy: 0.753 delta: -0.012
epoch: 80 validAccuracy: 0.421 trainAccuracy: 0.747 delta: -0.017
epoch: 81 validAccuracy: 0.432 trainAccuracy: 0.74 delta: -0.006
epoch: 82 validAccuracy: 0.394 trainAccuracy: 0.725 delta: -0.044
epoch: 83 validAccuracy: 0.407 trainAccuracy: 0.727 delta: -0.031
epoch: 84 validAccuracy: 0.381 trainAccuracy: 0.67 delta: -0.057
epoch: 85 validAccuracy: 0.375 trainAccuracy: 0.678 delta: -0.063
epoch: 86 validAccuracy: 0.368 trainAccuracy: 0.645 delta: -0.07
epoch: 87 validAccuracy: 0.355 trainAccuracy: 0.604 delta: -0.083
epoch: 88 validAccuracy: 0.3 trainAccuracy: 0.584 delta: -0.138
epoch: 89 validAccuracy: 0.371 trainAccuracy: 0.604 delta: -0.067
epoch: 90 validAccuracy: 0.325 trainAccuracy: 0.623 delta: -0.113
epoch: 91 validAccuracy: 0.313 trainAccuracy: 0.592 delta: -0.125
epoch: 92 validAccuracy: 0.38 trainAccuracy: 0.616 delta: -0.058
epoch: 93 validAccuracy: 0.383 trainAccuracy: 0.663 delta: -0.055
epoch: 94 validAccuracy: 0.375 trainAccuracy: 0.667 delta: -0.063
epoch: 95 validAccuracy: 0.401 trainAccuracy: 0.7 delta: -0.037
epoch: 96 validAccuracy: 0.403 trainAccuracy: 0.715 delta: -0.035
epoch: 97 validAccuracy: 0.404 trainAccuracy: 0.786 delta: -0.034
epoch: 98 validAccuracy: 0.44 trainAccuracy: 0.819 delta: 0.002
epoch: 99 validAccuracy: 0.438 trainAccuracy: 0.853 delta: -0.002
epoch: 100 validAccuracy: 0.452 trainAccuracy: 0.856 delta: 0.012
epoch: 101 validAccuracy: 0.455 trainAccuracy: 0.894 delta: 0.003
epoch: 102 validAccuracy: 0.462 trainAccuracy: 0.897 delta: 0.007
epoch: 103 validAccuracy: 0.456 trainAccuracy: 0.911 delta: -0.006
epoch: 104 validAccuracy: 0.47 trainAccuracy: 0.905 delta: 0.008
epoch: 105 validAccuracy: 0.451 trainAccuracy: 0.917 delta: -0.019
epoch: 106 validAccuracy: 0.456 trainAccuracy: 0.912 delta: -0.014
epoch: 107 validAccuracy: 0.457 trainAccuracy: 0.925 delta: -0.013
epoch: 108 validAccuracy: 0.452 trainAccuracy: 0.915 delta: -0.018
epoch: 109 validAccuracy: 0.454 trainAccuracy: 0.935 delta: -0.016
epoch: 110 validAccuracy: 0.455 trainAccuracy: 0.917 delta: -0.015
epoch: 111 validAccuracy: 0.46 trainAccuracy: 0.904 delta: -0.01
epoch: 112 validAccuracy: 0.464 trainAccuracy: 0.916 delta: -0.006
epoch: 113 validAccuracy: 0.451 trainAccuracy: 0.901 delta: -0.019
epoch: 114 validAccuracy: 0.429 trainAccuracy: 0.894 delta: -0.041
epoch: 115 validAccuracy: 0.425 trainAccuracy: 0.839 delta: -0.045
epoch: 116 validAccuracy: 0.387 trainAccuracy: 0.828 delta: -0.083
epoch: 117 validAccuracy: 0.375 trainAccuracy: 0.798 delta: -0.095
epoch: 118 validAccuracy: 0.406 trainAccuracy: 0.771 delta: -0.064
epoch: 119 validAccuracy: 0.378 trainAccuracy: 0.674 delta: -0.092
epoch: 120 validAccuracy: 0.415 trainAccuracy: 0.7 delta: -0.055
epoch: 121 validAccuracy: 0.362 trainAccuracy: 0.722 delta: -0.108
epoch: 122 validAccuracy: 0.404 trainAccuracy: 0.741 delta: -0.066
epoch: 123 validAccuracy: 0.4 trainAccuracy: 0.785 delta: -0.07
epoch: 124 validAccuracy: 0.423 trainAccuracy: 0.815 delta: -0.047
epoch: 125 validAccuracy: 0.41 trainAccuracy: 0.848 delta: -0.06
epoch: 126 validAccuracy: 0.434 trainAccuracy: 0.844 delta: -0.036
epoch: 127 validAccuracy: 0.438 trainAccuracy: 0.881 delta: -0.032
epoch: 128 validAccuracy: 0.458 trainAccuracy: 0.903 delta: -0.012
epoch: 129 validAccuracy: 0.446 trainAccuracy: 0.935 delta: -0.024
epoch: 130 validAccuracy: 0.463 trainAccuracy: 0.937 delta: -0.007
epoch: 131 validAccuracy: 0.463 trainAccuracy: 0.953 delta: -0.007
epoch: 132 validAccuracy: 0.473 trainAccuracy: 0.969 delta: 0.003
epoch: 133 validAccuracy: 0.474 trainAccuracy: 0.975 delta: 0.001
epoch: 134 validAccuracy: 0.479 trainAccuracy: 0.974 delta: 0.005
epoch: 135 validAccuracy: 0.463 trainAccuracy: 0.977 delta: -0.016
epoch: 136 validAccuracy: 0.46 trainAccuracy: 0.965 delta: -0.019
epoch: 137 validAccuracy: 0.458 trainAccuracy: 0.974 delta: -0.021
epoch: 138 validAccuracy: 0.476 trainAccuracy: 0.973 delta: -0.003
epoch: 139 validAccuracy: 0.474 trainAccuracy: 0.974 delta: -0.005
epoch: 140 validAccuracy: 0.462 trainAccuracy: 0.97 delta: -0.017
epoch: 141 validAccuracy: 0.476 trainAccuracy: 0.963 delta: -0.003
epoch: 142 validAccuracy: 0.461 trainAccuracy: 0.974 delta: -0.018
epoch: 143 validAccuracy: 0.449 trainAccuracy: 0.947 delta: -0.03
epoch: 144 validAccuracy: 0.45 trainAccuracy: 0.96 delta: -0.029
epoch: 145 validAccuracy: 0.456 trainAccuracy: 0.931 delta: -0.023
epoch: 146 validAccuracy: 0.425 trainAccuracy: 0.892 delta: -0.054
epoch: 147 validAccuracy: 0.423 trainAccuracy: 0.857 delta: -0.056
epoch: 148 validAccuracy: 0.372 trainAccuracy: 0.793 delta: -0.107
epoch: 149 validAccuracy: 0.388 trainAccuracy: 0.756 delta: -0.091
epoch: 150 validAccuracy: 0.401 trainAccuracy: 0.788 delta: -0.078
epoch: 151 validAccuracy: 0.388 trainAccuracy: 0.796 delta: -0.091
epoch: 152 validAccuracy: 0.385 trainAccuracy: 0.759 delta: -0.094
epoch: 153 validAccuracy: 0.405 trainAccuracy: 0.819 delta: -0.074
epoch: 154 validAccuracy: 0.419 trainAccuracy: 0.855 delta: -0.06
epoch: 155 validAccuracy: 0.447 trainAccuracy: 0.876 delta: -0.032
epoch: 156 validAccuracy: 0.466 trainAccuracy: 0.919 delta: -0.013
epoch: 157 validAccuracy: 0.458 trainAccuracy: 0.911 delta: -0.021
epoch: 158 validAccuracy: 0.46 trainAccuracy: 0.936 delta: -0.019
epoch: 159 validAccuracy: 0.46 trainAccuracy: 0.956 delta: -0.019
epoch: 160 validAccuracy: 0.47 trainAccuracy: 0.963 delta: -0.009
epoch: 161 validAccuracy: 0.479 trainAccuracy: 0.979 delta: 0.0
epoch: 162 validAccuracy: 0.487 trainAccuracy: 0.98 delta: 0.008
epoch: 163 validAccuracy: 0.477 trainAccuracy: 0.983 delta: -0.01
epoch: 164 validAccuracy: 0.487 trainAccuracy: 0.985 delta: 0.0
epoch: 165 validAccuracy: 0.489 trainAccuracy: 0.98 delta: 0.002
epoch: 166 validAccuracy: 0.479 trainAccuracy: 0.976 delta: -0.01
epoch: 167 validAccuracy: 0.488 trainAccuracy: 0.988 delta: -0.001
epoch: 168 validAccuracy: 0.487 trainAccuracy: 0.983 delta: -0.002
epoch: 169 validAccuracy: 0.486 trainAccuracy: 0.989 delta: -0.003
epoch: 170 validAccuracy: 0.485 trainAccuracy: 0.978 delta: -0.004
epoch: 171 validAccuracy: 0.482 trainAccuracy: 0.985 delta: -0.007
epoch: 172 validAccuracy: 0.477 trainAccuracy: 0.986 delta: -0.012
epoch: 173 validAccuracy: 0.49 trainAccuracy: 0.996 delta: 0.001
epoch: 174 validAccuracy: 0.491 trainAccuracy: 0.97 delta: 0.001
epoch: 175 validAccuracy: 0.456 trainAccuracy: 0.958 delta: -0.035
epoch: 176 validAccuracy: 0.44 trainAccuracy: 0.943 delta: -0.051
epoch: 177 validAccuracy: 0.415 trainAccuracy: 0.904 delta: -0.076
epoch: 178 validAccuracy: 0.38 trainAccuracy: 0.813 delta: -0.111
epoch: 179 validAccuracy: 0.394 trainAccuracy: 0.769 delta: -0.097
epoch: 180 validAccuracy: 0.404 trainAccuracy: 0.811 delta: -0.087
epoch: 181 validAccuracy: 0.41 trainAccuracy: 0.807 delta: -0.081
epoch: 182 validAccuracy: 0.381 trainAccuracy: 0.814 delta: -0.11
epoch: 183 validAccuracy: 0.418 trainAccuracy: 0.861 delta: -0.073
epoch: 184 validAccuracy: 0.446 trainAccuracy: 0.877 delta: -0.045
epoch: 185 validAccuracy: 0.434 trainAccuracy: 0.904 delta: -0.057
epoch: 186 validAccuracy: 0.468 trainAccuracy: 0.956 delta: -0.023
epoch: 187 validAccuracy: 0.464 trainAccuracy: 0.948 delta: -0.027
epoch: 188 validAccuracy: 0.474 trainAccuracy: 0.974 delta: -0.017
epoch: 189 validAccuracy: 0.485 trainAccuracy: 0.974 delta: -0.006
epoch: 190 validAccuracy: 0.498 trainAccuracy: 0.988 delta: 0.007
epoch: 191 validAccuracy: 0.488 trainAccuracy: 0.985 delta: -0.01
epoch: 192 validAccuracy: 0.49 trainAccuracy: 0.989 delta: -0.008
epoch: 193 validAccuracy: 0.506 trainAccuracy: 0.993 delta: 0.008
epoch: 194 validAccuracy: 0.502 trainAccuracy: 0.989 delta: -0.004
epoch: 195 validAccuracy: 0.494 trainAccuracy: 0.996 delta: -0.012
epoch: 196 validAccuracy: 0.496 trainAccuracy: 0.986 delta: -0.01
epoch: 197 validAccuracy: 0.504 trainAccuracy: 0.993 delta: -0.002
epoch: 198 validAccuracy: 0.5 trainAccuracy: 0.995 delta: -0.006
epoch: 199 validAccuracy: 0.502 trainAccuracy: 0.987 delta: -0.004
epoch: 200 validAccuracy: 0.503 trainAccuracy: 0.994 delta: -0.003
epoch: 201 validAccuracy: 0.498 trainAccuracy: 0.991 delta: -0.008
epoch: 202 validAccuracy: 0.498 trainAccuracy: 0.99 delta: -0.008
epoch: 203 validAccuracy: 0.487 trainAccuracy: 0.988 delta: -0.019
epoch: 204 validAccuracy: 0.487 trainAccuracy: 0.981 delta: -0.019
epoch: 205 validAccuracy: 0.467 trainAccuracy: 0.971 delta: -0.039
epoch: 206 validAccuracy: 0.447 trainAccuracy: 0.964 delta: -0.059
epoch: 207 validAccuracy: 0.424 trainAccuracy: 0.923 delta: -0.082
epoch: 208 validAccuracy: 0.379 trainAccuracy: 0.887 delta: -0.127
epoch: 209 validAccuracy: 0.412 trainAccuracy: 0.861 delta: -0.094
epoch: 210 validAccuracy: 0.425 trainAccuracy: 0.787 delta: -0.081
epoch: 211 validAccuracy: 0.43 trainAccuracy: 0.797 delta: -0.076
epoch: 212 validAccuracy: 0.423 trainAccuracy: 0.886 delta: -0.083
epoch: 213 validAccuracy: 0.419 trainAccuracy: 0.889 delta: -0.087
epoch: 214 validAccuracy: 0.43 trainAccuracy: 0.904 delta: -0.076
epoch: 215 validAccuracy: 0.453 trainAccuracy: 0.933 delta: -0.053
epoch: 216 validAccuracy: 0.465 trainAccuracy: 0.953 delta: -0.041
epoch: 217 validAccuracy: 0.472 trainAccuracy: 0.97 delta: -0.034
epoch: 218 validAccuracy: 0.475 trainAccuracy: 0.966 delta: -0.031
epoch: 219 validAccuracy: 0.486 trainAccuracy: 0.975 delta: -0.02
epoch: 220 validAccuracy: 0.485 trainAccuracy: 0.99 delta: -0.021
epoch: 221 validAccuracy: 0.492 trainAccuracy: 0.988 delta: -0.014
epoch: 222 validAccuracy: 0.501 trainAccuracy: 0.985 delta: -0.005
epoch: 223 validAccuracy: 0.506 trainAccuracy: 0.995 delta: 0.0
epoch: 224 validAccuracy: 0.504 trainAccuracy: 0.991 delta: -0.002
epoch: 225 validAccuracy: 0.494 trainAccuracy: 0.998 delta: -0.012
epoch: 226 validAccuracy: 0.51 trainAccuracy: 0.988 delta: 0.004
epoch: 227 validAccuracy: 0.509 trainAccuracy: 0.992 delta: -0.001
epoch: 228 validAccuracy: 0.504 trainAccuracy: 0.991 delta: -0.006
epoch: 229 validAccuracy: 0.505 trainAccuracy: 0.993 delta: -0.005
epoch: 230 validAccuracy: 0.497 trainAccuracy: 0.993 delta: -0.013
epoch: 231 validAccuracy: 0.499 trainAccuracy: 0.994 delta: -0.011
epoch: 232 validAccuracy: 0.49 trainAccuracy: 0.985 delta: -0.02
epoch: 233 validAccuracy: 0.508 trainAccuracy: 0.993 delta: -0.002
epoch: 234 validAccuracy: 0.488 trainAccuracy: 0.987 delta: -0.022
epoch: 235 validAccuracy: 0.479 trainAccuracy: 0.988 delta: -0.031
epoch: 236 validAccuracy: 0.473 trainAccuracy: 0.967 delta: -0.037
epoch: 237 validAccuracy: 0.441 trainAccuracy: 0.912 delta: -0.069
epoch: 238 validAccuracy: 0.42 trainAccuracy: 0.875 delta: -0.09
epoch: 239 validAccuracy: 0.419 trainAccuracy: 0.833 delta: -0.091
epoch: 240 validAccuracy: 0.413 trainAccuracy: 0.82 delta: -0.097
epoch: 241 validAccuracy: 0.425 trainAccuracy: 0.831 delta: -0.085
epoch: 242 validAccuracy: 0.449 trainAccuracy: 0.882 delta: -0.061
epoch: 243 validAccuracy: 0.473 trainAccuracy: 0.944 delta: -0.037
epoch: 244 validAccuracy: 0.432 trainAccuracy: 0.921 delta: -0.078
epoch: 245 validAccuracy: 0.475 trainAccuracy: 0.935 delta: -0.035
epoch: 246 validAccuracy: 0.479 trainAccuracy: 0.97 delta: -0.031
epoch: 247 validAccuracy: 0.485 trainAccuracy: 0.972 delta: -0.025
epoch: 248 validAccuracy: 0.487 trainAccuracy: 0.975 delta: -0.023
epoch: 249 validAccuracy: 0.5 trainAccuracy: 0.977 delta: -0.01
epoch: 250 validAccuracy: 0.49 trainAccuracy: 0.992 delta: -0.02
epoch: 251 validAccuracy: 0.498 trainAccuracy: 0.988 delta: -0.012
epoch: 252 validAccuracy: 0.505 trainAccuracy: 0.992 delta: -0.005
epoch: 253 validAccuracy: 0.492 trainAccuracy: 0.994 delta: -0.018
epoch: 254 validAccuracy: 0.509 trainAccuracy: 0.997 delta: -0.001
epoch: 255 validAccuracy: 0.5 trainAccuracy: 0.994 delta: -0.01
epoch: 256 validAccuracy: 0.505 trainAccuracy: 0.993 delta: -0.005
epoch: 257 validAccuracy: 0.505 trainAccuracy: 0.991 delta: -0.005
epoch: 258 validAccuracy: 0.494 trainAccuracy: 0.991 delta: -0.016
epoch: 259 validAccuracy: 0.496 trainAccuracy: 0.995 delta: -0.014
epoch: 260 validAccuracy: 0.495 trainAccuracy: 0.989 delta: -0.015
epoch: 261 validAccuracy: 0.496 trainAccuracy: 0.998 delta: -0.014
epoch: 262 validAccuracy: 0.504 trainAccuracy: 0.991 delta: -0.006
epoch: 263 validAccuracy: 0.481 trainAccuracy: 0.994 delta: -0.029
epoch: 264 validAccuracy: 0.476 trainAccuracy: 0.992 delta: -0.034
epoch: 265 validAccuracy: 0.508 trainAccuracy: 0.99 delta: -0.002
epoch: 266 validAccuracy: 0.456 trainAccuracy: 0.964 delta: -0.054
epoch: 267 validAccuracy: 0.45 trainAccuracy: 0.955 delta: -0.06
epoch: 268 validAccuracy: 0.425 trainAccuracy: 0.92 delta: -0.085
epoch: 269 validAccuracy: 0.386 trainAccuracy: 0.845 delta: -0.124
epoch: 270 validAccuracy: 0.405 trainAccuracy: 0.86 delta: -0.105
epoch: 271 validAccuracy: 0.399 trainAccuracy: 0.887 delta: -0.111
epoch: 272 validAccuracy: 0.441 trainAccuracy: 0.875 delta: -0.069
epoch: 273 validAccuracy: 0.417 trainAccuracy: 0.911 delta: -0.093
epoch: 274 validAccuracy: 0.475 trainAccuracy: 0.939 delta: -0.035
epoch: 275 validAccuracy: 0.486 trainAccuracy: 0.946 delta: -0.024
epoch: 276 validAccuracy: 0.489 trainAccuracy: 0.969 delta: -0.021
epoch: 277 validAccuracy: 0.501 trainAccuracy: 0.982 delta: -0.009
epoch: 278 validAccuracy: 0.509 trainAccuracy: 0.984 delta: -0.001
epoch: 279 validAccuracy: 0.506 trainAccuracy: 0.982 delta: -0.004
epoch: 280 validAccuracy: 0.515 trainAccuracy: 0.993 delta: 0.005
epoch: 281 validAccuracy: 0.506 trainAccuracy: 0.992 delta: -0.009
epoch: 282 validAccuracy: 0.521 trainAccuracy: 0.989 delta: 0.006
epoch: 283 validAccuracy: 0.511 trainAccuracy: 0.996 delta: -0.01
epoch: 284 validAccuracy: 0.511 trainAccuracy: 0.993 delta: -0.01
epoch: 285 validAccuracy: 0.519 trainAccuracy: 0.998 delta: -0.002
epoch: 286 validAccuracy: 0.515 trainAccuracy: 0.995 delta: -0.006
epoch: 287 validAccuracy: 0.508 trainAccuracy: 0.995 delta: -0.013
epoch: 288 validAccuracy: 0.51 trainAccuracy: 0.993 delta: -0.011
epoch: 289 validAccuracy: 0.503 trainAccuracy: 0.995 delta: -0.018
epoch: 290 validAccuracy: 0.516 trainAccuracy: 0.997 delta: -0.005
epoch: 291 validAccuracy: 0.513 trainAccuracy: 0.996 delta: -0.008
epoch: 292 validAccuracy: 0.498 trainAccuracy: 0.991 delta: -0.023
epoch: 293 validAccuracy: 0.52 trainAccuracy: 0.996 delta: -0.001
epoch: 294 validAccuracy: 0.488 trainAccuracy: 0.998 delta: -0.033
epoch: 295 validAccuracy: 0.509 trainAccuracy: 0.994 delta: -0.012
epoch: 296 validAccuracy: 0.5 trainAccuracy: 0.99 delta: -0.021
epoch: 297 validAccuracy: 0.441 trainAccuracy: 0.97 delta: -0.08
epoch: 298 validAccuracy: 0.451 trainAccuracy: 0.923 delta: -0.07
epoch: 299 validAccuracy: 0.395 trainAccuracy: 0.839 delta: -0.126
