[38;5;2m[i 0318 04:22:47.224273 12 compiler.py:944] Jittor(1.3.1.48) src: /root/miniconda3/envs/jittor-fanxiaoyu/lib/python3.9/site-packages/jittor[m
[38;5;2m[i 0318 04:22:47.228115 12 compiler.py:945] g++ at /usr/bin/g++(7.5.0)[m
[38;5;2m[i 0318 04:22:47.228256 12 compiler.py:946] cache_path: /root/.cache/jittor/jt1.3.1/g++7.5.0/py3.9.7/Linux-5.4.0-96xb0/IntelRXeonRCPUx84/default[m
[38;5;2m[i 0318 04:22:47.231932 12 __init__.py:376] Found /usr/local/cuda/bin/nvcc(10.2.89) at /usr/local/cuda/bin/nvcc.[m
[38;5;2m[i 0318 04:22:47.235407 12 __init__.py:376] Found addr2line(2.30) at /usr/bin/addr2line.[m
[38;5;2m[i 0318 04:22:47.413238 12 compiler.py:999] cuda key:cu10.2.89_sm_61[m
[38;5;2m[i 0318 04:22:47.594636 12 __init__.py:191] Total mem: 219.71GB, using 16 procs for compiling.[m
[38;5;2m[i 0318 04:22:47.705438 12 jit_compiler.cc:27] Load cc_path: /usr/bin/g++[m
[38;5;2m[i 0318 04:22:48.004872 12 init.cc:62] Found cuda archs: [61,][m
[38;5;2m[i 0318 04:22:48.131883 12 __init__.py:376] Found mpicc(2.1.1) at /usr/bin/mpicc.[m
[38;5;2m[i 0318 04:22:48.247211 12 compile_extern.py:29] found /usr/include/cublas.h[m
[38;5;2m[i 0318 04:22:48.256178 12 compile_extern.py:29] found /usr/lib/x86_64-linux-gnu/libcublas.so[m
[38;5;2m[i 0318 04:22:48.256375 12 compile_extern.py:29] found /usr/lib/x86_64-linux-gnu/libcublasLt.so.10[m
[38;5;2m[i 0318 04:22:48.450401 12 compile_extern.py:29] found /usr/include/cudnn.h[m
[38;5;2m[i 0318 04:22:48.468466 12 compile_extern.py:29] found /usr/lib/x86_64-linux-gnu/libcudnn.so[m
[38;5;2m[i 0318 04:22:49.135327 12 compile_extern.py:29] found /usr/local/cuda/include/curand.h[m
[38;5;2m[i 0318 04:22:49.172121 12 compile_extern.py:29] found /usr/local/cuda/lib64/libcurand.so[m
[38;5;2m[i 0318 04:22:49.214385 12 cuda_flags.cc:32] CUDA enabled.[m
[38;5;2m[i 0318 04:22:49.225199 12 dataset.py:629] Found 102 classes and 1020 images.[m
[38;5;2m[i 0318 04:22:49.230643 12 dataset.py:629] Found 102 classes and 1020 images.[m
[38;5;2m[i 0318 04:22:49.254481 12 dataset.py:629] Found 102 classes and 6149 images.[m
----------------- A new trial ---------------------
learning rate: 0.0001
epoch: 0 validAccuracy: 0.016 trainAccuracy: 0.007 delta: 0.016
epoch: 1 validAccuracy: 0.06 trainAccuracy: 0.028 delta: 0.044
epoch: 2 validAccuracy: 0.08 trainAccuracy: 0.058 delta: 0.02
epoch: 3 validAccuracy: 0.11 trainAccuracy: 0.085 delta: 0.03
epoch: 4 validAccuracy: 0.141 trainAccuracy: 0.107 delta: 0.031
epoch: 5 validAccuracy: 0.161 trainAccuracy: 0.135 delta: 0.02
epoch: 6 validAccuracy: 0.154 trainAccuracy: 0.186 delta: -0.007
epoch: 7 validAccuracy: 0.184 trainAccuracy: 0.192 delta: 0.023
epoch: 8 validAccuracy: 0.205 trainAccuracy: 0.229 delta: 0.021
epoch: 9 validAccuracy: 0.251 trainAccuracy: 0.258 delta: 0.046
epoch: 10 validAccuracy: 0.27 trainAccuracy: 0.309 delta: 0.019
epoch: 11 validAccuracy: 0.273 trainAccuracy: 0.344 delta: 0.003
epoch: 12 validAccuracy: 0.275 trainAccuracy: 0.379 delta: 0.002
epoch: 13 validAccuracy: 0.283 trainAccuracy: 0.377 delta: 0.008
epoch: 14 validAccuracy: 0.29 trainAccuracy: 0.407 delta: 0.007
epoch: 15 validAccuracy: 0.292 trainAccuracy: 0.436 delta: 0.002
epoch: 16 validAccuracy: 0.288 trainAccuracy: 0.434 delta: -0.004
epoch: 17 validAccuracy: 0.295 trainAccuracy: 0.419 delta: 0.003
epoch: 18 validAccuracy: 0.288 trainAccuracy: 0.42 delta: -0.007
epoch: 19 validAccuracy: 0.3 trainAccuracy: 0.42 delta: 0.005
epoch: 20 validAccuracy: 0.274 trainAccuracy: 0.381 delta: -0.026
epoch: 21 validAccuracy: 0.287 trainAccuracy: 0.401 delta: -0.013
epoch: 22 validAccuracy: 0.268 trainAccuracy: 0.396 delta: -0.032
epoch: 23 validAccuracy: 0.252 trainAccuracy: 0.358 delta: -0.048
epoch: 24 validAccuracy: 0.26 trainAccuracy: 0.358 delta: -0.04
epoch: 25 validAccuracy: 0.277 trainAccuracy: 0.385 delta: -0.023
epoch: 26 validAccuracy: 0.272 trainAccuracy: 0.384 delta: -0.028
epoch: 27 validAccuracy: 0.258 trainAccuracy: 0.359 delta: -0.042
epoch: 28 validAccuracy: 0.242 trainAccuracy: 0.374 delta: -0.058
epoch: 29 validAccuracy: 0.253 trainAccuracy: 0.383 delta: -0.047
epoch: 30 validAccuracy: 0.27 trainAccuracy: 0.377 delta: -0.03
epoch: 31 validAccuracy: 0.27 trainAccuracy: 0.436 delta: -0.03
epoch: 32 validAccuracy: 0.301 trainAccuracy: 0.454 delta: 0.001
epoch: 33 validAccuracy: 0.285 trainAccuracy: 0.459 delta: -0.016
epoch: 34 validAccuracy: 0.312 trainAccuracy: 0.521 delta: 0.011
epoch: 35 validAccuracy: 0.339 trainAccuracy: 0.549 delta: 0.027
epoch: 36 validAccuracy: 0.326 trainAccuracy: 0.587 delta: -0.013
epoch: 37 validAccuracy: 0.333 trainAccuracy: 0.623 delta: -0.006
epoch: 38 validAccuracy: 0.357 trainAccuracy: 0.634 delta: 0.018
epoch: 39 validAccuracy: 0.375 trainAccuracy: 0.696 delta: 0.018
epoch: 40 validAccuracy: 0.375 trainAccuracy: 0.729 delta: 0.0
epoch: 41 validAccuracy: 0.384 trainAccuracy: 0.762 delta: 0.009
epoch: 42 validAccuracy: 0.391 trainAccuracy: 0.772 delta: 0.007
epoch: 43 validAccuracy: 0.388 trainAccuracy: 0.802 delta: -0.003
epoch: 44 validAccuracy: 0.398 trainAccuracy: 0.825 delta: 0.007
epoch: 45 validAccuracy: 0.397 trainAccuracy: 0.797 delta: -0.001
epoch: 46 validAccuracy: 0.394 trainAccuracy: 0.82 delta: -0.004
epoch: 47 validAccuracy: 0.399 trainAccuracy: 0.808 delta: 0.001
epoch: 48 validAccuracy: 0.401 trainAccuracy: 0.796 delta: 0.002
epoch: 49 validAccuracy: 0.389 trainAccuracy: 0.796 delta: -0.012
epoch: 50 validAccuracy: 0.395 trainAccuracy: 0.815 delta: -0.006
epoch: 51 validAccuracy: 0.396 trainAccuracy: 0.775 delta: -0.005
epoch: 52 validAccuracy: 0.375 trainAccuracy: 0.773 delta: -0.026
epoch: 53 validAccuracy: 0.39 trainAccuracy: 0.74 delta: -0.011
epoch: 54 validAccuracy: 0.361 trainAccuracy: 0.694 delta: -0.04
epoch: 55 validAccuracy: 0.366 trainAccuracy: 0.696 delta: -0.035
epoch: 56 validAccuracy: 0.347 trainAccuracy: 0.729 delta: -0.054
epoch: 57 validAccuracy: 0.349 trainAccuracy: 0.665 delta: -0.052
epoch: 58 validAccuracy: 0.323 trainAccuracy: 0.62 delta: -0.078
epoch: 59 validAccuracy: 0.289 trainAccuracy: 0.631 delta: -0.112
epoch: 60 validAccuracy: 0.311 trainAccuracy: 0.657 delta: -0.09
epoch: 61 validAccuracy: 0.307 trainAccuracy: 0.665 delta: -0.094
epoch: 62 validAccuracy: 0.349 trainAccuracy: 0.646 delta: -0.052
epoch: 63 validAccuracy: 0.357 trainAccuracy: 0.677 delta: -0.044
epoch: 64 validAccuracy: 0.359 trainAccuracy: 0.75 delta: -0.042
epoch: 65 validAccuracy: 0.368 trainAccuracy: 0.781 delta: -0.033
epoch: 66 validAccuracy: 0.383 trainAccuracy: 0.822 delta: -0.018
epoch: 67 validAccuracy: 0.4 trainAccuracy: 0.857 delta: -0.001
epoch: 68 validAccuracy: 0.419 trainAccuracy: 0.882 delta: 0.018
epoch: 69 validAccuracy: 0.43 trainAccuracy: 0.911 delta: 0.011
epoch: 70 validAccuracy: 0.421 trainAccuracy: 0.924 delta: -0.009
epoch: 71 validAccuracy: 0.432 trainAccuracy: 0.949 delta: 0.002
epoch: 72 validAccuracy: 0.436 trainAccuracy: 0.936 delta: 0.004
epoch: 73 validAccuracy: 0.437 trainAccuracy: 0.94 delta: 0.001
epoch: 74 validAccuracy: 0.432 trainAccuracy: 0.95 delta: -0.005
epoch: 75 validAccuracy: 0.44 trainAccuracy: 0.95 delta: 0.003
epoch: 76 validAccuracy: 0.433 trainAccuracy: 0.95 delta: -0.007
epoch: 77 validAccuracy: 0.436 trainAccuracy: 0.95 delta: -0.004
epoch: 78 validAccuracy: 0.441 trainAccuracy: 0.965 delta: 0.001
epoch: 79 validAccuracy: 0.433 trainAccuracy: 0.938 delta: -0.008
epoch: 80 validAccuracy: 0.438 trainAccuracy: 0.951 delta: -0.003
epoch: 81 validAccuracy: 0.434 trainAccuracy: 0.953 delta: -0.007
epoch: 82 validAccuracy: 0.423 trainAccuracy: 0.933 delta: -0.018
epoch: 83 validAccuracy: 0.407 trainAccuracy: 0.922 delta: -0.034
epoch: 84 validAccuracy: 0.398 trainAccuracy: 0.896 delta: -0.043
epoch: 85 validAccuracy: 0.377 trainAccuracy: 0.857 delta: -0.064
epoch: 86 validAccuracy: 0.359 trainAccuracy: 0.798 delta: -0.082
epoch: 87 validAccuracy: 0.364 trainAccuracy: 0.773 delta: -0.077
epoch: 88 validAccuracy: 0.372 trainAccuracy: 0.798 delta: -0.069
epoch: 89 validAccuracy: 0.333 trainAccuracy: 0.788 delta: -0.108
epoch: 90 validAccuracy: 0.359 trainAccuracy: 0.78 delta: -0.082
epoch: 91 validAccuracy: 0.331 trainAccuracy: 0.767 delta: -0.11
epoch: 92 validAccuracy: 0.375 trainAccuracy: 0.82 delta: -0.066
epoch: 93 validAccuracy: 0.374 trainAccuracy: 0.858 delta: -0.067
epoch: 94 validAccuracy: 0.379 trainAccuracy: 0.848 delta: -0.062
epoch: 95 validAccuracy: 0.394 trainAccuracy: 0.883 delta: -0.047
epoch: 96 validAccuracy: 0.422 trainAccuracy: 0.908 delta: -0.019
epoch: 97 validAccuracy: 0.435 trainAccuracy: 0.942 delta: -0.006
epoch: 98 validAccuracy: 0.456 trainAccuracy: 0.957 delta: 0.015
epoch: 99 validAccuracy: 0.445 trainAccuracy: 0.969 delta: -0.011
epoch: 100 validAccuracy: 0.46 trainAccuracy: 0.98 delta: 0.004
epoch: 101 validAccuracy: 0.47 trainAccuracy: 0.982 delta: 0.01
epoch: 102 validAccuracy: 0.473 trainAccuracy: 0.978 delta: 0.003
epoch: 103 validAccuracy: 0.466 trainAccuracy: 0.982 delta: -0.007
epoch: 104 validAccuracy: 0.48 trainAccuracy: 0.989 delta: 0.007
epoch: 105 validAccuracy: 0.466 trainAccuracy: 0.98 delta: -0.014
epoch: 106 validAccuracy: 0.475 trainAccuracy: 0.991 delta: -0.005
epoch: 107 validAccuracy: 0.476 trainAccuracy: 0.984 delta: -0.004
epoch: 108 validAccuracy: 0.468 trainAccuracy: 0.987 delta: -0.012
epoch: 109 validAccuracy: 0.474 trainAccuracy: 0.993 delta: -0.006
epoch: 110 validAccuracy: 0.47 trainAccuracy: 0.991 delta: -0.01
epoch: 111 validAccuracy: 0.474 trainAccuracy: 0.98 delta: -0.006
epoch: 112 validAccuracy: 0.456 trainAccuracy: 0.982 delta: -0.024
epoch: 113 validAccuracy: 0.454 trainAccuracy: 0.979 delta: -0.026
epoch: 114 validAccuracy: 0.446 trainAccuracy: 0.955 delta: -0.034
epoch: 115 validAccuracy: 0.408 trainAccuracy: 0.938 delta: -0.072
epoch: 116 validAccuracy: 0.369 trainAccuracy: 0.922 delta: -0.111
epoch: 117 validAccuracy: 0.393 trainAccuracy: 0.87 delta: -0.087
epoch: 118 validAccuracy: 0.355 trainAccuracy: 0.802 delta: -0.125
epoch: 119 validAccuracy: 0.312 trainAccuracy: 0.744 delta: -0.168
epoch: 120 validAccuracy: 0.336 trainAccuracy: 0.757 delta: -0.144
epoch: 121 validAccuracy: 0.362 trainAccuracy: 0.792 delta: -0.118
epoch: 122 validAccuracy: 0.378 trainAccuracy: 0.836 delta: -0.102
epoch: 123 validAccuracy: 0.408 trainAccuracy: 0.881 delta: -0.072
epoch: 124 validAccuracy: 0.427 trainAccuracy: 0.918 delta: -0.053
epoch: 125 validAccuracy: 0.426 trainAccuracy: 0.939 delta: -0.054
epoch: 126 validAccuracy: 0.441 trainAccuracy: 0.949 delta: -0.039
epoch: 127 validAccuracy: 0.472 trainAccuracy: 0.971 delta: -0.008
epoch: 128 validAccuracy: 0.474 trainAccuracy: 0.976 delta: -0.006
epoch: 129 validAccuracy: 0.468 trainAccuracy: 0.978 delta: -0.012
epoch: 130 validAccuracy: 0.475 trainAccuracy: 0.979 delta: -0.005
epoch: 131 validAccuracy: 0.478 trainAccuracy: 0.99 delta: -0.002
epoch: 132 validAccuracy: 0.486 trainAccuracy: 0.998 delta: 0.006
epoch: 133 validAccuracy: 0.485 trainAccuracy: 0.994 delta: -0.001
epoch: 134 validAccuracy: 0.485 trainAccuracy: 0.993 delta: -0.001
epoch: 135 validAccuracy: 0.485 trainAccuracy: 0.992 delta: -0.001
epoch: 136 validAccuracy: 0.476 trainAccuracy: 0.986 delta: -0.01
epoch: 137 validAccuracy: 0.488 trainAccuracy: 0.995 delta: 0.002
epoch: 138 validAccuracy: 0.488 trainAccuracy: 0.995 delta: 0.0
epoch: 139 validAccuracy: 0.482 trainAccuracy: 0.997 delta: -0.006
epoch: 140 validAccuracy: 0.476 trainAccuracy: 0.989 delta: -0.012
epoch: 141 validAccuracy: 0.483 trainAccuracy: 0.986 delta: -0.005
epoch: 142 validAccuracy: 0.486 trainAccuracy: 0.991 delta: -0.002
epoch: 143 validAccuracy: 0.472 trainAccuracy: 0.983 delta: -0.016
epoch: 144 validAccuracy: 0.457 trainAccuracy: 0.98 delta: -0.031
epoch: 145 validAccuracy: 0.453 trainAccuracy: 0.967 delta: -0.035
epoch: 146 validAccuracy: 0.388 trainAccuracy: 0.913 delta: -0.1
epoch: 147 validAccuracy: 0.364 trainAccuracy: 0.865 delta: -0.124
epoch: 148 validAccuracy: 0.278 trainAccuracy: 0.829 delta: -0.21
epoch: 149 validAccuracy: 0.346 trainAccuracy: 0.772 delta: -0.142
epoch: 150 validAccuracy: 0.309 trainAccuracy: 0.818 delta: -0.179
epoch: 151 validAccuracy: 0.343 trainAccuracy: 0.825 delta: -0.145
epoch: 152 validAccuracy: 0.423 trainAccuracy: 0.876 delta: -0.065
epoch: 153 validAccuracy: 0.434 trainAccuracy: 0.907 delta: -0.054
epoch: 154 validAccuracy: 0.462 trainAccuracy: 0.951 delta: -0.026
epoch: 155 validAccuracy: 0.447 trainAccuracy: 0.957 delta: -0.041
epoch: 156 validAccuracy: 0.476 trainAccuracy: 0.965 delta: -0.012
epoch: 157 validAccuracy: 0.47 trainAccuracy: 0.977 delta: -0.018
epoch: 158 validAccuracy: 0.48 trainAccuracy: 0.971 delta: -0.008
epoch: 159 validAccuracy: 0.484 trainAccuracy: 0.989 delta: -0.004
epoch: 160 validAccuracy: 0.492 trainAccuracy: 0.984 delta: 0.004
epoch: 161 validAccuracy: 0.476 trainAccuracy: 0.998 delta: -0.016
epoch: 162 validAccuracy: 0.5 trainAccuracy: 0.998 delta: 0.008
epoch: 163 validAccuracy: 0.491 trainAccuracy: 0.995 delta: -0.009
epoch: 164 validAccuracy: 0.505 trainAccuracy: 0.995 delta: 0.005
epoch: 165 validAccuracy: 0.501 trainAccuracy: 0.997 delta: -0.004
epoch: 166 validAccuracy: 0.498 trainAccuracy: 0.995 delta: -0.007
epoch: 167 validAccuracy: 0.502 trainAccuracy: 0.999 delta: -0.003
epoch: 168 validAccuracy: 0.499 trainAccuracy: 0.998 delta: -0.006
epoch: 169 validAccuracy: 0.495 trainAccuracy: 0.994 delta: -0.01
epoch: 170 validAccuracy: 0.488 trainAccuracy: 0.993 delta: -0.017
epoch: 171 validAccuracy: 0.496 trainAccuracy: 0.993 delta: -0.009
epoch: 172 validAccuracy: 0.497 trainAccuracy: 0.996 delta: -0.008
epoch: 173 validAccuracy: 0.496 trainAccuracy: 0.997 delta: -0.009
epoch: 174 validAccuracy: 0.499 trainAccuracy: 0.995 delta: -0.006
epoch: 175 validAccuracy: 0.464 trainAccuracy: 0.992 delta: -0.041
epoch: 176 validAccuracy: 0.418 trainAccuracy: 0.953 delta: -0.087
epoch: 177 validAccuracy: 0.361 trainAccuracy: 0.914 delta: -0.144
epoch: 178 validAccuracy: 0.363 trainAccuracy: 0.838 delta: -0.142
epoch: 179 validAccuracy: 0.336 trainAccuracy: 0.83 delta: -0.169
epoch: 180 validAccuracy: 0.382 trainAccuracy: 0.843 delta: -0.123
epoch: 181 validAccuracy: 0.391 trainAccuracy: 0.839 delta: -0.114
epoch: 182 validAccuracy: 0.435 trainAccuracy: 0.911 delta: -0.07
epoch: 183 validAccuracy: 0.412 trainAccuracy: 0.925 delta: -0.093
epoch: 184 validAccuracy: 0.459 trainAccuracy: 0.937 delta: -0.046
epoch: 185 validAccuracy: 0.449 trainAccuracy: 0.967 delta: -0.056
epoch: 186 validAccuracy: 0.475 trainAccuracy: 0.984 delta: -0.03
epoch: 187 validAccuracy: 0.473 trainAccuracy: 0.975 delta: -0.032
epoch: 188 validAccuracy: 0.473 trainAccuracy: 0.983 delta: -0.032
epoch: 189 validAccuracy: 0.488 trainAccuracy: 0.99 delta: -0.017
epoch: 190 validAccuracy: 0.486 trainAccuracy: 0.994 delta: -0.019
epoch: 191 validAccuracy: 0.489 trainAccuracy: 0.995 delta: -0.016
epoch: 192 validAccuracy: 0.493 trainAccuracy: 0.995 delta: -0.012
epoch: 193 validAccuracy: 0.494 trainAccuracy: 0.999 delta: -0.011
epoch: 194 validAccuracy: 0.489 trainAccuracy: 0.998 delta: -0.016
epoch: 195 validAccuracy: 0.49 trainAccuracy: 0.997 delta: -0.015
epoch: 196 validAccuracy: 0.493 trainAccuracy: 0.996 delta: -0.012
epoch: 197 validAccuracy: 0.502 trainAccuracy: 1.0 delta: -0.003
epoch: 198 validAccuracy: 0.496 trainAccuracy: 0.999 delta: -0.009
epoch: 199 validAccuracy: 0.496 trainAccuracy: 0.994 delta: -0.009
epoch: 200 validAccuracy: 0.507 trainAccuracy: 0.996 delta: 0.002
epoch: 201 validAccuracy: 0.498 trainAccuracy: 0.997 delta: -0.009
epoch: 202 validAccuracy: 0.506 trainAccuracy: 0.999 delta: -0.001
epoch: 203 validAccuracy: 0.504 trainAccuracy: 0.995 delta: -0.003
epoch: 204 validAccuracy: 0.489 trainAccuracy: 0.991 delta: -0.018
epoch: 205 validAccuracy: 0.45 trainAccuracy: 0.985 delta: -0.057
epoch: 206 validAccuracy: 0.38 trainAccuracy: 0.955 delta: -0.127
epoch: 207 validAccuracy: 0.329 trainAccuracy: 0.895 delta: -0.178
epoch: 208 validAccuracy: 0.348 trainAccuracy: 0.821 delta: -0.159
epoch: 209 validAccuracy: 0.4 trainAccuracy: 0.848 delta: -0.107
epoch: 210 validAccuracy: 0.303 trainAccuracy: 0.885 delta: -0.204
epoch: 211 validAccuracy: 0.41 trainAccuracy: 0.894 delta: -0.097
epoch: 212 validAccuracy: 0.442 trainAccuracy: 0.951 delta: -0.065
epoch: 213 validAccuracy: 0.427 trainAccuracy: 0.957 delta: -0.08
epoch: 214 validAccuracy: 0.432 trainAccuracy: 0.962 delta: -0.075
epoch: 215 validAccuracy: 0.454 trainAccuracy: 0.974 delta: -0.053
epoch: 216 validAccuracy: 0.469 trainAccuracy: 0.979 delta: -0.038
epoch: 217 validAccuracy: 0.467 trainAccuracy: 0.974 delta: -0.04
epoch: 218 validAccuracy: 0.487 trainAccuracy: 0.992 delta: -0.02
epoch: 219 validAccuracy: 0.489 trainAccuracy: 0.996 delta: -0.018
epoch: 220 validAccuracy: 0.499 trainAccuracy: 0.999 delta: -0.008
epoch: 221 validAccuracy: 0.494 trainAccuracy: 0.999 delta: -0.013
epoch: 222 validAccuracy: 0.505 trainAccuracy: 0.999 delta: -0.002
epoch: 223 validAccuracy: 0.507 trainAccuracy: 0.999 delta: 0.0
epoch: 224 validAccuracy: 0.505 trainAccuracy: 0.997 delta: -0.002
epoch: 225 validAccuracy: 0.507 trainAccuracy: 0.999 delta: 0.0
epoch: 226 validAccuracy: 0.508 trainAccuracy: 0.999 delta: 0.001
epoch: 227 validAccuracy: 0.498 trainAccuracy: 0.997 delta: -0.01
epoch: 228 validAccuracy: 0.507 trainAccuracy: 0.997 delta: -0.001
epoch: 229 validAccuracy: 0.509 trainAccuracy: 1.0 delta: 0.001
epoch: 230 validAccuracy: 0.506 trainAccuracy: 1.0 delta: -0.003
epoch: 231 validAccuracy: 0.496 trainAccuracy: 0.994 delta: -0.013
epoch: 232 validAccuracy: 0.497 trainAccuracy: 0.997 delta: -0.012
epoch: 233 validAccuracy: 0.502 trainAccuracy: 0.996 delta: -0.007
epoch: 234 validAccuracy: 0.494 trainAccuracy: 0.994 delta: -0.015
epoch: 235 validAccuracy: 0.477 trainAccuracy: 0.992 delta: -0.032
epoch: 236 validAccuracy: 0.47 trainAccuracy: 0.991 delta: -0.039
epoch: 237 validAccuracy: 0.432 trainAccuracy: 0.955 delta: -0.077
epoch: 238 validAccuracy: 0.35 trainAccuracy: 0.884 delta: -0.159
epoch: 239 validAccuracy: 0.336 trainAccuracy: 0.78 delta: -0.173
epoch: 240 validAccuracy: 0.364 trainAccuracy: 0.825 delta: -0.145
epoch: 241 validAccuracy: 0.416 trainAccuracy: 0.868 delta: -0.093
epoch: 242 validAccuracy: 0.418 trainAccuracy: 0.937 delta: -0.091
epoch: 243 validAccuracy: 0.459 trainAccuracy: 0.951 delta: -0.05
epoch: 244 validAccuracy: 0.446 trainAccuracy: 0.96 delta: -0.063
epoch: 245 validAccuracy: 0.499 trainAccuracy: 0.976 delta: -0.01
epoch: 246 validAccuracy: 0.493 trainAccuracy: 0.992 delta: -0.016
epoch: 247 validAccuracy: 0.517 trainAccuracy: 0.996 delta: 0.008
epoch: 248 validAccuracy: 0.527 trainAccuracy: 1.0 delta: 0.01
epoch: 249 validAccuracy: 0.524 trainAccuracy: 0.998 delta: -0.003
epoch: 250 validAccuracy: 0.532 trainAccuracy: 0.999 delta: 0.005
epoch: 251 validAccuracy: 0.538 trainAccuracy: 1.0 delta: 0.006
epoch: 252 validAccuracy: 0.54 trainAccuracy: 0.998 delta: 0.002
epoch: 253 validAccuracy: 0.539 trainAccuracy: 0.999 delta: -0.001
epoch: 254 validAccuracy: 0.531 trainAccuracy: 0.998 delta: -0.009
epoch: 255 validAccuracy: 0.534 trainAccuracy: 1.0 delta: -0.006
epoch: 256 validAccuracy: 0.541 trainAccuracy: 1.0 delta: 0.001
epoch: 257 validAccuracy: 0.541 trainAccuracy: 0.997 delta: 0.0
epoch: 258 validAccuracy: 0.534 trainAccuracy: 0.997 delta: -0.007
epoch: 259 validAccuracy: 0.535 trainAccuracy: 1.0 delta: -0.006
epoch: 260 validAccuracy: 0.531 trainAccuracy: 0.998 delta: -0.01
epoch: 261 validAccuracy: 0.534 trainAccuracy: 1.0 delta: -0.007
epoch: 262 validAccuracy: 0.532 trainAccuracy: 0.999 delta: -0.009
epoch: 263 validAccuracy: 0.533 trainAccuracy: 0.999 delta: -0.008
epoch: 264 validAccuracy: 0.514 trainAccuracy: 0.997 delta: -0.027
epoch: 265 validAccuracy: 0.497 trainAccuracy: 0.989 delta: -0.044
epoch: 266 validAccuracy: 0.466 trainAccuracy: 0.978 delta: -0.075
epoch: 267 validAccuracy: 0.408 trainAccuracy: 0.916 delta: -0.133
epoch: 268 validAccuracy: 0.381 trainAccuracy: 0.879 delta: -0.16
epoch: 269 validAccuracy: 0.345 trainAccuracy: 0.848 delta: -0.196
epoch: 270 validAccuracy: 0.398 trainAccuracy: 0.858 delta: -0.143
epoch: 271 validAccuracy: 0.435 trainAccuracy: 0.939 delta: -0.106
epoch: 272 validAccuracy: 0.445 trainAccuracy: 0.944 delta: -0.096
epoch: 273 validAccuracy: 0.479 trainAccuracy: 0.953 delta: -0.062
epoch: 274 validAccuracy: 0.491 trainAccuracy: 0.974 delta: -0.05
epoch: 275 validAccuracy: 0.485 trainAccuracy: 0.984 delta: -0.056
epoch: 276 validAccuracy: 0.49 trainAccuracy: 0.985 delta: -0.051
epoch: 277 validAccuracy: 0.524 trainAccuracy: 0.995 delta: -0.017
epoch: 278 validAccuracy: 0.514 trainAccuracy: 0.993 delta: -0.027
epoch: 279 validAccuracy: 0.534 trainAccuracy: 0.995 delta: -0.007
epoch: 280 validAccuracy: 0.529 trainAccuracy: 0.998 delta: -0.012
epoch: 281 validAccuracy: 0.534 trainAccuracy: 0.998 delta: -0.007
epoch: 282 validAccuracy: 0.535 trainAccuracy: 0.999 delta: -0.006
epoch: 283 validAccuracy: 0.533 trainAccuracy: 0.997 delta: -0.008
epoch: 284 validAccuracy: 0.531 trainAccuracy: 0.998 delta: -0.01
epoch: 285 validAccuracy: 0.539 trainAccuracy: 0.998 delta: -0.002
epoch: 286 validAccuracy: 0.543 trainAccuracy: 0.998 delta: 0.002
epoch: 287 validAccuracy: 0.537 trainAccuracy: 1.0 delta: -0.006
epoch: 288 validAccuracy: 0.542 trainAccuracy: 1.0 delta: -0.001
epoch: 289 validAccuracy: 0.531 trainAccuracy: 0.999 delta: -0.012
epoch: 290 validAccuracy: 0.536 trainAccuracy: 1.0 delta: -0.007
epoch: 291 validAccuracy: 0.542 trainAccuracy: 0.999 delta: -0.001
epoch: 292 validAccuracy: 0.525 trainAccuracy: 1.0 delta: -0.018
epoch: 293 validAccuracy: 0.537 trainAccuracy: 1.0 delta: -0.006
epoch: 294 validAccuracy: 0.532 trainAccuracy: 0.998 delta: -0.011
epoch: 295 validAccuracy: 0.525 trainAccuracy: 0.998 delta: -0.018
epoch: 296 validAccuracy: 0.471 trainAccuracy: 0.99 delta: -0.072
epoch: 297 validAccuracy: 0.411 trainAccuracy: 0.976 delta: -0.132
epoch: 298 validAccuracy: 0.393 trainAccuracy: 0.922 delta: -0.15
epoch: 299 validAccuracy: 0.367 trainAccuracy: 0.826 delta: -0.176
epoch: 300 validAccuracy: 0.377 trainAccuracy: 0.843 delta: -0.166
epoch: 301 validAccuracy: 0.436 trainAccuracy: 0.909 delta: -0.107
epoch: 302 validAccuracy: 0.45 trainAccuracy: 0.931 delta: -0.093
epoch: 303 validAccuracy: 0.463 trainAccuracy: 0.956 delta: -0.08
epoch: 304 validAccuracy: 0.481 trainAccuracy: 0.975 delta: -0.062
epoch: 305 validAccuracy: 0.471 trainAccuracy: 0.986 delta: -0.072
epoch: 306 validAccuracy: 0.499 trainAccuracy: 0.985 delta: -0.044
epoch: 307 validAccuracy: 0.491 trainAccuracy: 0.992 delta: -0.052
epoch: 308 validAccuracy: 0.498 trainAccuracy: 0.996 delta: -0.045
epoch: 309 validAccuracy: 0.5 trainAccuracy: 0.997 delta: -0.043
epoch: 310 validAccuracy: 0.499 trainAccuracy: 0.998 delta: -0.044
epoch: 311 validAccuracy: 0.504 trainAccuracy: 0.998 delta: -0.039
epoch: 312 validAccuracy: 0.522 trainAccuracy: 1.0 delta: -0.021
epoch: 313 validAccuracy: 0.515 trainAccuracy: 1.0 delta: -0.028
epoch: 314 validAccuracy: 0.503 trainAccuracy: 1.0 delta: -0.04
epoch: 315 validAccuracy: 0.519 trainAccuracy: 0.999 delta: -0.024
epoch: 316 validAccuracy: 0.514 trainAccuracy: 0.999 delta: -0.029
epoch: 317 validAccuracy: 0.517 trainAccuracy: 0.999 delta: -0.026
epoch: 318 validAccuracy: 0.516 trainAccuracy: 0.999 delta: -0.027
epoch: 319 validAccuracy: 0.511 trainAccuracy: 1.0 delta: -0.032
epoch: 320 validAccuracy: 0.526 trainAccuracy: 0.999 delta: -0.017
epoch: 321 validAccuracy: 0.518 trainAccuracy: 0.999 delta: -0.025
epoch: 322 validAccuracy: 0.514 trainAccuracy: 0.999 delta: -0.029
epoch: 323 validAccuracy: 0.51 trainAccuracy: 1.0 delta: -0.033
epoch: 324 validAccuracy: 0.502 trainAccuracy: 0.997 delta: -0.041
epoch: 325 validAccuracy: 0.506 trainAccuracy: 0.99 delta: -0.037
epoch: 326 validAccuracy: 0.472 trainAccuracy: 0.986 delta: -0.071
epoch: 327 validAccuracy: 0.435 trainAccuracy: 0.967 delta: -0.108
epoch: 328 validAccuracy: 0.398 trainAccuracy: 0.896 delta: -0.145
epoch: 329 validAccuracy: 0.388 trainAccuracy: 0.873 delta: -0.155
epoch: 330 validAccuracy: 0.425 trainAccuracy: 0.897 delta: -0.118
epoch: 331 validAccuracy: 0.463 trainAccuracy: 0.933 delta: -0.08
epoch: 332 validAccuracy: 0.495 trainAccuracy: 0.969 delta: -0.048
epoch: 333 validAccuracy: 0.463 trainAccuracy: 0.975 delta: -0.08
epoch: 334 validAccuracy: 0.494 trainAccuracy: 0.993 delta: -0.049
epoch: 335 validAccuracy: 0.497 trainAccuracy: 0.989 delta: -0.046
epoch: 336 validAccuracy: 0.501 trainAccuracy: 0.993 delta: -0.042
epoch: 337 validAccuracy: 0.497 trainAccuracy: 0.995 delta: -0.046
epoch: 338 validAccuracy: 0.516 trainAccuracy: 0.997 delta: -0.027
epoch: 339 validAccuracy: 0.529 trainAccuracy: 0.995 delta: -0.014
epoch: 340 validAccuracy: 0.533 trainAccuracy: 0.999 delta: -0.01
epoch: 341 validAccuracy: 0.532 trainAccuracy: 0.999 delta: -0.011
epoch: 342 validAccuracy: 0.534 trainAccuracy: 0.998 delta: -0.009
epoch: 343 validAccuracy: 0.535 trainAccuracy: 1.0 delta: -0.008
epoch: 344 validAccuracy: 0.53 trainAccuracy: 0.997 delta: -0.013
epoch: 345 validAccuracy: 0.537 trainAccuracy: 0.999 delta: -0.006
epoch: 346 validAccuracy: 0.537 trainAccuracy: 0.999 delta: -0.006
epoch: 347 validAccuracy: 0.536 trainAccuracy: 0.998 delta: -0.007
epoch: 348 validAccuracy: 0.538 trainAccuracy: 0.997 delta: -0.005
epoch: 349 validAccuracy: 0.536 trainAccuracy: 1.0 delta: -0.007
epoch: 350 validAccuracy: 0.543 trainAccuracy: 1.0 delta: 0.0
epoch: 351 validAccuracy: 0.545 trainAccuracy: 0.998 delta: 0.002
epoch: 352 validAccuracy: 0.525 trainAccuracy: 0.999 delta: -0.02
epoch: 353 validAccuracy: 0.547 trainAccuracy: 0.999 delta: 0.002
epoch: 354 validAccuracy: 0.553 trainAccuracy: 0.999 delta: 0.006
epoch: 355 validAccuracy: 0.524 trainAccuracy: 0.997 delta: -0.029
epoch: 356 validAccuracy: 0.509 trainAccuracy: 0.999 delta: -0.044
epoch: 357 validAccuracy: 0.501 trainAccuracy: 0.993 delta: -0.052
epoch: 358 validAccuracy: 0.394 trainAccuracy: 0.94 delta: -0.159
epoch: 359 validAccuracy: 0.383 trainAccuracy: 0.816 delta: -0.17
epoch: 360 validAccuracy: 0.4 trainAccuracy: 0.848 delta: -0.153
epoch: 361 validAccuracy: 0.438 trainAccuracy: 0.895 delta: -0.115
epoch: 362 validAccuracy: 0.468 trainAccuracy: 0.941 delta: -0.085
epoch: 363 validAccuracy: 0.504 trainAccuracy: 0.969 delta: -0.049
epoch: 364 validAccuracy: 0.495 trainAccuracy: 0.982 delta: -0.058
epoch: 365 validAccuracy: 0.503 trainAccuracy: 0.988 delta: -0.05
epoch: 366 validAccuracy: 0.529 trainAccuracy: 0.998 delta: -0.024
epoch: 367 validAccuracy: 0.534 trainAccuracy: 0.993 delta: -0.019
epoch: 368 validAccuracy: 0.524 trainAccuracy: 0.997 delta: -0.029
epoch: 369 validAccuracy: 0.527 trainAccuracy: 1.0 delta: -0.026
epoch: 370 validAccuracy: 0.536 trainAccuracy: 0.999 delta: -0.017
epoch: 371 validAccuracy: 0.536 trainAccuracy: 1.0 delta: -0.017
epoch: 372 validAccuracy: 0.537 trainAccuracy: 1.0 delta: -0.016
epoch: 373 validAccuracy: 0.54 trainAccuracy: 0.998 delta: -0.013
epoch: 374 validAccuracy: 0.546 trainAccuracy: 0.999 delta: -0.007
epoch: 375 validAccuracy: 0.548 trainAccuracy: 0.998 delta: -0.005
epoch: 376 validAccuracy: 0.54 trainAccuracy: 1.0 delta: -0.013
epoch: 377 validAccuracy: 0.552 trainAccuracy: 1.0 delta: -0.001
epoch: 378 validAccuracy: 0.545 trainAccuracy: 0.999 delta: -0.008
epoch: 379 validAccuracy: 0.544 trainAccuracy: 0.998 delta: -0.009
epoch: 380 validAccuracy: 0.545 trainAccuracy: 1.0 delta: -0.008
epoch: 381 validAccuracy: 0.546 trainAccuracy: 0.996 delta: -0.007
epoch: 382 validAccuracy: 0.543 trainAccuracy: 0.996 delta: -0.01
epoch: 383 validAccuracy: 0.536 trainAccuracy: 0.999 delta: -0.017
epoch: 384 validAccuracy: 0.519 trainAccuracy: 0.997 delta: -0.034
epoch: 385 validAccuracy: 0.522 trainAccuracy: 0.995 delta: -0.031
epoch: 386 validAccuracy: 0.508 trainAccuracy: 0.994 delta: -0.045
epoch: 387 validAccuracy: 0.511 trainAccuracy: 0.992 delta: -0.042
epoch: 388 validAccuracy: 0.394 trainAccuracy: 0.928 delta: -0.159
epoch: 389 validAccuracy: 0.406 trainAccuracy: 0.868 delta: -0.147
epoch: 390 validAccuracy: 0.457 trainAccuracy: 0.91 delta: -0.096
epoch: 391 validAccuracy: 0.447 trainAccuracy: 0.934 delta: -0.106
epoch: 392 validAccuracy: 0.446 trainAccuracy: 0.942 delta: -0.107
epoch: 393 validAccuracy: 0.492 trainAccuracy: 0.962 delta: -0.061
epoch: 394 validAccuracy: 0.491 trainAccuracy: 0.985 delta: -0.062
epoch: 395 validAccuracy: 0.517 trainAccuracy: 0.996 delta: -0.036
epoch: 396 validAccuracy: 0.512 trainAccuracy: 0.994 delta: -0.041
epoch: 397 validAccuracy: 0.515 trainAccuracy: 0.994 delta: -0.038
epoch: 398 validAccuracy: 0.536 trainAccuracy: 0.995 delta: -0.017
epoch: 399 validAccuracy: 0.539 trainAccuracy: 0.997 delta: -0.014
epoch: 400 validAccuracy: 0.539 trainAccuracy: 0.999 delta: -0.014
epoch: 401 validAccuracy: 0.545 trainAccuracy: 1.0 delta: -0.008
epoch: 402 validAccuracy: 0.551 trainAccuracy: 0.999 delta: -0.002
epoch: 403 validAccuracy: 0.551 trainAccuracy: 0.997 delta: -0.002
epoch: 404 validAccuracy: 0.552 trainAccuracy: 1.0 delta: -0.001
epoch: 405 validAccuracy: 0.552 trainAccuracy: 1.0 delta: -0.001
epoch: 406 validAccuracy: 0.556 trainAccuracy: 0.999 delta: 0.003
epoch: 407 validAccuracy: 0.548 trainAccuracy: 0.998 delta: -0.008
epoch: 408 validAccuracy: 0.546 trainAccuracy: 0.999 delta: -0.01
epoch: 409 validAccuracy: 0.551 trainAccuracy: 1.0 delta: -0.005
epoch: 410 validAccuracy: 0.559 trainAccuracy: 1.0 delta: 0.003
epoch: 411 validAccuracy: 0.559 trainAccuracy: 1.0 delta: 0.0
epoch: 412 validAccuracy: 0.553 trainAccuracy: 1.0 delta: -0.006
epoch: 413 validAccuracy: 0.555 trainAccuracy: 1.0 delta: -0.004
epoch: 414 validAccuracy: 0.551 trainAccuracy: 1.0 delta: -0.008
epoch: 415 validAccuracy: 0.557 trainAccuracy: 1.0 delta: -0.002
epoch: 416 validAccuracy: 0.552 trainAccuracy: 1.0 delta: -0.007
epoch: 417 validAccuracy: 0.544 trainAccuracy: 1.0 delta: -0.015
epoch: 418 validAccuracy: 0.521 trainAccuracy: 0.999 delta: -0.038
epoch: 419 validAccuracy: 0.424 trainAccuracy: 0.967 delta: -0.135
epoch: 420 validAccuracy: 0.316 trainAccuracy: 0.855 delta: -0.243
epoch: 421 validAccuracy: 0.398 trainAccuracy: 0.809 delta: -0.161
epoch: 422 validAccuracy: 0.475 trainAccuracy: 0.919 delta: -0.084
epoch: 423 validAccuracy: 0.479 trainAccuracy: 0.975 delta: -0.08
epoch: 424 validAccuracy: 0.514 trainAccuracy: 0.984 delta: -0.045
epoch: 425 validAccuracy: 0.525 trainAccuracy: 0.995 delta: -0.034
epoch: 426 validAccuracy: 0.525 trainAccuracy: 0.995 delta: -0.034
epoch: 427 validAccuracy: 0.532 trainAccuracy: 0.998 delta: -0.027
epoch: 428 validAccuracy: 0.544 trainAccuracy: 0.999 delta: -0.015
epoch: 429 validAccuracy: 0.542 trainAccuracy: 0.997 delta: -0.017
epoch: 430 validAccuracy: 0.549 trainAccuracy: 0.999 delta: -0.01
epoch: 431 validAccuracy: 0.554 trainAccuracy: 0.996 delta: -0.005
epoch: 432 validAccuracy: 0.556 trainAccuracy: 0.999 delta: -0.003
epoch: 433 validAccuracy: 0.56 trainAccuracy: 0.999 delta: 0.001
epoch: 434 validAccuracy: 0.56 trainAccuracy: 1.0 delta: 0.0
epoch: 435 validAccuracy: 0.562 trainAccuracy: 1.0 delta: 0.002
epoch: 436 validAccuracy: 0.556 trainAccuracy: 0.998 delta: -0.006
epoch: 437 validAccuracy: 0.563 trainAccuracy: 0.997 delta: 0.001
epoch: 438 validAccuracy: 0.555 trainAccuracy: 1.0 delta: -0.008
epoch: 439 validAccuracy: 0.557 trainAccuracy: 0.998 delta: -0.006
epoch: 440 validAccuracy: 0.558 trainAccuracy: 0.999 delta: -0.005
epoch: 441 validAccuracy: 0.555 trainAccuracy: 1.0 delta: -0.008
epoch: 442 validAccuracy: 0.545 trainAccuracy: 0.999 delta: -0.018
epoch: 443 validAccuracy: 0.557 trainAccuracy: 1.0 delta: -0.006
epoch: 444 validAccuracy: 0.543 trainAccuracy: 0.997 delta: -0.02
epoch: 445 validAccuracy: 0.527 trainAccuracy: 0.997 delta: -0.036
epoch: 446 validAccuracy: 0.53 trainAccuracy: 0.995 delta: -0.033
epoch: 447 validAccuracy: 0.483 trainAccuracy: 0.994 delta: -0.08
epoch: 448 validAccuracy: 0.45 trainAccuracy: 0.978 delta: -0.113
epoch: 449 validAccuracy: 0.36 trainAccuracy: 0.927 delta: -0.203
epoch: 450 validAccuracy: 0.403 trainAccuracy: 0.855 delta: -0.16
epoch: 451 validAccuracy: 0.437 trainAccuracy: 0.921 delta: -0.126
epoch: 452 validAccuracy: 0.46 trainAccuracy: 0.947 delta: -0.103
epoch: 453 validAccuracy: 0.462 trainAccuracy: 0.957 delta: -0.101
epoch: 454 validAccuracy: 0.491 trainAccuracy: 0.983 delta: -0.072
epoch: 455 validAccuracy: 0.52 trainAccuracy: 0.99 delta: -0.043
epoch: 456 validAccuracy: 0.527 trainAccuracy: 0.995 delta: -0.036
epoch: 457 validAccuracy: 0.53 trainAccuracy: 0.995 delta: -0.033
epoch: 458 validAccuracy: 0.538 trainAccuracy: 0.999 delta: -0.025
epoch: 459 validAccuracy: 0.532 trainAccuracy: 0.997 delta: -0.031
epoch: 460 validAccuracy: 0.534 trainAccuracy: 0.999 delta: -0.029
epoch: 461 validAccuracy: 0.54 trainAccuracy: 1.0 delta: -0.023
epoch: 462 validAccuracy: 0.541 trainAccuracy: 0.999 delta: -0.022
epoch: 463 validAccuracy: 0.539 trainAccuracy: 0.998 delta: -0.024
epoch: 464 validAccuracy: 0.544 trainAccuracy: 1.0 delta: -0.019
epoch: 465 validAccuracy: 0.541 trainAccuracy: 1.0 delta: -0.022
epoch: 466 validAccuracy: 0.542 trainAccuracy: 1.0 delta: -0.021
epoch: 467 validAccuracy: 0.545 trainAccuracy: 1.0 delta: -0.018
epoch: 468 validAccuracy: 0.551 trainAccuracy: 1.0 delta: -0.012
epoch: 469 validAccuracy: 0.544 trainAccuracy: 0.999 delta: -0.019
epoch: 470 validAccuracy: 0.55 trainAccuracy: 0.999 delta: -0.013
epoch: 471 validAccuracy: 0.554 trainAccuracy: 1.0 delta: -0.009
epoch: 472 validAccuracy: 0.548 trainAccuracy: 1.0 delta: -0.015
epoch: 473 validAccuracy: 0.55 trainAccuracy: 1.0 delta: -0.013
epoch: 474 validAccuracy: 0.548 trainAccuracy: 0.998 delta: -0.015
epoch: 475 validAccuracy: 0.544 trainAccuracy: 0.999 delta: -0.019
epoch: 476 validAccuracy: 0.545 trainAccuracy: 1.0 delta: -0.018
epoch: 477 validAccuracy: 0.511 trainAccuracy: 0.998 delta: -0.052
epoch: 478 validAccuracy: 0.422 trainAccuracy: 0.98 delta: -0.141
epoch: 479 validAccuracy: 0.343 trainAccuracy: 0.92 delta: -0.22
epoch: 480 validAccuracy: 0.408 trainAccuracy: 0.865 delta: -0.155
epoch: 481 validAccuracy: 0.428 trainAccuracy: 0.913 delta: -0.135
epoch: 482 validAccuracy: 0.487 trainAccuracy: 0.964 delta: -0.076
epoch: 483 validAccuracy: 0.497 trainAccuracy: 0.966 delta: -0.066
epoch: 484 validAccuracy: 0.511 trainAccuracy: 0.978 delta: -0.052
epoch: 485 validAccuracy: 0.538 trainAccuracy: 0.993 delta: -0.025
epoch: 486 validAccuracy: 0.556 trainAccuracy: 0.998 delta: -0.007
epoch: 487 validAccuracy: 0.544 trainAccuracy: 0.994 delta: -0.019
epoch: 488 validAccuracy: 0.549 trainAccuracy: 0.998 delta: -0.014
epoch: 489 validAccuracy: 0.547 trainAccuracy: 1.0 delta: -0.016
epoch: 490 validAccuracy: 0.545 trainAccuracy: 0.999 delta: -0.018
epoch: 491 validAccuracy: 0.555 trainAccuracy: 0.998 delta: -0.008
epoch: 492 validAccuracy: 0.556 trainAccuracy: 1.0 delta: -0.007
epoch: 493 validAccuracy: 0.551 trainAccuracy: 1.0 delta: -0.012
epoch: 494 validAccuracy: 0.553 trainAccuracy: 0.998 delta: -0.01
epoch: 495 validAccuracy: 0.544 trainAccuracy: 0.999 delta: -0.019
epoch: 496 validAccuracy: 0.558 trainAccuracy: 1.0 delta: -0.005
epoch: 497 validAccuracy: 0.561 trainAccuracy: 1.0 delta: -0.002
epoch: 498 validAccuracy: 0.555 trainAccuracy: 1.0 delta: -0.008
epoch: 499 validAccuracy: 0.542 trainAccuracy: 1.0 delta: -0.021
epoch: 500 validAccuracy: 0.556 trainAccuracy: 1.0 delta: -0.007
epoch: 501 validAccuracy: 0.542 trainAccuracy: 1.0 delta: -0.021
epoch: 502 validAccuracy: 0.557 trainAccuracy: 1.0 delta: -0.006
epoch: 503 validAccuracy: 0.557 trainAccuracy: 1.0 delta: -0.006
epoch: 504 validAccuracy: 0.549 trainAccuracy: 1.0 delta: -0.014
epoch: 505 validAccuracy: 0.545 trainAccuracy: 0.999 delta: -0.018
epoch: 506 validAccuracy: 0.55 trainAccuracy: 0.997 delta: -0.013
epoch: 507 validAccuracy: 0.547 trainAccuracy: 0.996 delta: -0.016
epoch: 508 validAccuracy: 0.528 trainAccuracy: 0.997 delta: -0.035
epoch: 509 validAccuracy: 0.467 trainAccuracy: 0.97 delta: -0.096
epoch: 510 validAccuracy: 0.414 trainAccuracy: 0.903 delta: -0.149
epoch: 511 validAccuracy: 0.412 trainAccuracy: 0.898 delta: -0.151
epoch: 512 validAccuracy: 0.46 trainAccuracy: 0.925 delta: -0.103
epoch: 513 validAccuracy: 0.487 trainAccuracy: 0.959 delta: -0.076
epoch: 514 validAccuracy: 0.495 trainAccuracy: 0.978 delta: -0.068
epoch: 515 validAccuracy: 0.523 trainAccuracy: 0.991 delta: -0.04
epoch: 516 validAccuracy: 0.534 trainAccuracy: 0.992 delta: -0.029
epoch: 517 validAccuracy: 0.535 trainAccuracy: 0.996 delta: -0.028
epoch: 518 validAccuracy: 0.548 trainAccuracy: 0.997 delta: -0.015
epoch: 519 validAccuracy: 0.541 trainAccuracy: 1.0 delta: -0.022
epoch: 520 validAccuracy: 0.548 trainAccuracy: 1.0 delta: -0.015
epoch: 521 validAccuracy: 0.551 trainAccuracy: 0.999 delta: -0.012
epoch: 522 validAccuracy: 0.55 trainAccuracy: 1.0 delta: -0.013
epoch: 523 validAccuracy: 0.547 trainAccuracy: 1.0 delta: -0.016
epoch: 524 validAccuracy: 0.554 trainAccuracy: 0.999 delta: -0.009
epoch: 525 validAccuracy: 0.549 trainAccuracy: 0.999 delta: -0.014
epoch: 526 validAccuracy: 0.55 trainAccuracy: 1.0 delta: -0.013
epoch: 527 validAccuracy: 0.547 trainAccuracy: 1.0 delta: -0.016
epoch: 528 validAccuracy: 0.552 trainAccuracy: 0.999 delta: -0.011
epoch: 529 validAccuracy: 0.551 trainAccuracy: 1.0 delta: -0.012
epoch: 530 validAccuracy: 0.563 trainAccuracy: 1.0 delta: 0.0
epoch: 531 validAccuracy: 0.546 trainAccuracy: 1.0 delta: -0.017
epoch: 532 validAccuracy: 0.556 trainAccuracy: 1.0 delta: -0.007
epoch: 533 validAccuracy: 0.554 trainAccuracy: 1.0 delta: -0.009
epoch: 534 validAccuracy: 0.548 trainAccuracy: 1.0 delta: -0.015
epoch: 535 validAccuracy: 0.56 trainAccuracy: 0.999 delta: -0.003
epoch: 536 validAccuracy: 0.543 trainAccuracy: 0.999 delta: -0.02
epoch: 537 validAccuracy: 0.525 trainAccuracy: 0.996 delta: -0.038
epoch: 538 validAccuracy: 0.453 trainAccuracy: 0.987 delta: -0.11
epoch: 539 validAccuracy: 0.419 trainAccuracy: 0.934 delta: -0.144
epoch: 540 validAccuracy: 0.416 trainAccuracy: 0.919 delta: -0.147
epoch: 541 validAccuracy: 0.438 trainAccuracy: 0.903 delta: -0.125
epoch: 542 validAccuracy: 0.511 trainAccuracy: 0.942 delta: -0.052
epoch: 543 validAccuracy: 0.52 trainAccuracy: 0.972 delta: -0.043
epoch: 544 validAccuracy: 0.545 trainAccuracy: 0.988 delta: -0.018
epoch: 545 validAccuracy: 0.539 trainAccuracy: 1.0 delta: -0.024
epoch: 546 validAccuracy: 0.541 trainAccuracy: 0.999 delta: -0.022
epoch: 547 validAccuracy: 0.549 trainAccuracy: 0.996 delta: -0.014
epoch: 548 validAccuracy: 0.551 trainAccuracy: 0.999 delta: -0.012
epoch: 549 validAccuracy: 0.546 trainAccuracy: 0.999 delta: -0.017
epoch: 550 validAccuracy: 0.555 trainAccuracy: 1.0 delta: -0.008
epoch: 551 validAccuracy: 0.556 trainAccuracy: 1.0 delta: -0.007
epoch: 552 validAccuracy: 0.553 trainAccuracy: 1.0 delta: -0.01
epoch: 553 validAccuracy: 0.566 trainAccuracy: 0.998 delta: 0.003
epoch: 554 validAccuracy: 0.563 trainAccuracy: 1.0 delta: -0.003
epoch: 555 validAccuracy: 0.571 trainAccuracy: 0.997 delta: 0.005
epoch: 556 validAccuracy: 0.563 trainAccuracy: 0.999 delta: -0.008
epoch: 557 validAccuracy: 0.574 trainAccuracy: 0.998 delta: 0.003
epoch: 558 validAccuracy: 0.557 trainAccuracy: 0.997 delta: -0.017
epoch: 559 validAccuracy: 0.559 trainAccuracy: 1.0 delta: -0.015
epoch: 560 validAccuracy: 0.572 trainAccuracy: 1.0 delta: -0.002
epoch: 561 validAccuracy: 0.566 trainAccuracy: 1.0 delta: -0.008
epoch: 562 validAccuracy: 0.56 trainAccuracy: 1.0 delta: -0.014
epoch: 563 validAccuracy: 0.568 trainAccuracy: 1.0 delta: -0.006
epoch: 564 validAccuracy: 0.572 trainAccuracy: 0.997 delta: -0.002
epoch: 565 validAccuracy: 0.534 trainAccuracy: 0.995 delta: -0.04
epoch: 566 validAccuracy: 0.522 trainAccuracy: 0.974 delta: -0.052
epoch: 567 validAccuracy: 0.485 trainAccuracy: 0.981 delta: -0.089
epoch: 568 validAccuracy: 0.442 trainAccuracy: 0.965 delta: -0.132
epoch: 569 validAccuracy: 0.419 trainAccuracy: 0.907 delta: -0.155
epoch: 570 validAccuracy: 0.483 trainAccuracy: 0.943 delta: -0.091
epoch: 571 validAccuracy: 0.471 trainAccuracy: 0.959 delta: -0.103
epoch: 572 validAccuracy: 0.485 trainAccuracy: 0.969 delta: -0.089
epoch: 573 validAccuracy: 0.523 trainAccuracy: 0.972 delta: -0.051
epoch: 574 validAccuracy: 0.513 trainAccuracy: 0.98 delta: -0.061
epoch: 575 validAccuracy: 0.53 trainAccuracy: 0.997 delta: -0.044
epoch: 576 validAccuracy: 0.541 trainAccuracy: 0.998 delta: -0.033
epoch: 577 validAccuracy: 0.544 trainAccuracy: 0.999 delta: -0.03
epoch: 578 validAccuracy: 0.552 trainAccuracy: 0.999 delta: -0.022
epoch: 579 validAccuracy: 0.557 trainAccuracy: 0.999 delta: -0.017
epoch: 580 validAccuracy: 0.556 trainAccuracy: 1.0 delta: -0.018
epoch: 581 validAccuracy: 0.556 trainAccuracy: 1.0 delta: -0.018
epoch: 582 validAccuracy: 0.56 trainAccuracy: 0.999 delta: -0.014
epoch: 583 validAccuracy: 0.558 trainAccuracy: 1.0 delta: -0.016
epoch: 584 validAccuracy: 0.559 trainAccuracy: 1.0 delta: -0.015
epoch: 585 validAccuracy: 0.566 trainAccuracy: 0.999 delta: -0.008
epoch: 586 validAccuracy: 0.557 trainAccuracy: 0.998 delta: -0.017
epoch: 587 validAccuracy: 0.559 trainAccuracy: 0.999 delta: -0.015
epoch: 588 validAccuracy: 0.56 trainAccuracy: 1.0 delta: -0.014
epoch: 589 validAccuracy: 0.563 trainAccuracy: 1.0 delta: -0.011
epoch: 590 validAccuracy: 0.558 trainAccuracy: 1.0 delta: -0.016
epoch: 591 validAccuracy: 0.565 trainAccuracy: 1.0 delta: -0.009
epoch: 592 validAccuracy: 0.563 trainAccuracy: 1.0 delta: -0.011
epoch: 593 validAccuracy: 0.563 trainAccuracy: 1.0 delta: -0.011
epoch: 594 validAccuracy: 0.575 trainAccuracy: 1.0 delta: 0.001
epoch: 595 validAccuracy: 0.566 trainAccuracy: 1.0 delta: -0.009
epoch: 596 validAccuracy: 0.572 trainAccuracy: 1.0 delta: -0.003
epoch: 597 validAccuracy: 0.548 trainAccuracy: 0.997 delta: -0.027
epoch: 598 validAccuracy: 0.504 trainAccuracy: 0.988 delta: -0.071
epoch: 599 validAccuracy: 0.392 trainAccuracy: 0.95 delta: -0.183
epoch: 600 validAccuracy: 0.418 trainAccuracy: 0.856 delta: -0.157
epoch: 601 validAccuracy: 0.477 trainAccuracy: 0.913 delta: -0.098
epoch: 602 validAccuracy: 0.485 trainAccuracy: 0.957 delta: -0.09
epoch: 603 validAccuracy: 0.503 trainAccuracy: 0.979 delta: -0.072
epoch: 604 validAccuracy: 0.557 trainAccuracy: 0.992 delta: -0.018
epoch: 605 validAccuracy: 0.539 trainAccuracy: 0.987 delta: -0.036
epoch: 606 validAccuracy: 0.559 trainAccuracy: 0.996 delta: -0.016
epoch: 607 validAccuracy: 0.559 trainAccuracy: 0.997 delta: -0.016
epoch: 608 validAccuracy: 0.56 trainAccuracy: 1.0 delta: -0.015
epoch: 609 validAccuracy: 0.562 trainAccuracy: 1.0 delta: -0.013
epoch: 610 validAccuracy: 0.574 trainAccuracy: 0.997 delta: -0.001
epoch: 611 validAccuracy: 0.58 trainAccuracy: 0.998 delta: 0.005
epoch: 612 validAccuracy: 0.58 trainAccuracy: 0.997 delta: 0.0
epoch: 613 validAccuracy: 0.576 trainAccuracy: 0.996 delta: -0.004
epoch: 614 validAccuracy: 0.574 trainAccuracy: 0.999 delta: -0.006
epoch: 615 validAccuracy: 0.578 trainAccuracy: 0.997 delta: -0.002
epoch: 616 validAccuracy: 0.574 trainAccuracy: 1.0 delta: -0.006
epoch: 617 validAccuracy: 0.58 trainAccuracy: 1.0 delta: 0.0
epoch: 618 validAccuracy: 0.576 trainAccuracy: 1.0 delta: -0.004
epoch: 619 validAccuracy: 0.574 trainAccuracy: 1.0 delta: -0.006
epoch: 620 validAccuracy: 0.574 trainAccuracy: 1.0 delta: -0.006
epoch: 621 validAccuracy: 0.579 trainAccuracy: 1.0 delta: -0.001
epoch: 622 validAccuracy: 0.583 trainAccuracy: 0.999 delta: 0.003
epoch: 623 validAccuracy: 0.56 trainAccuracy: 0.999 delta: -0.023
epoch: 624 validAccuracy: 0.562 trainAccuracy: 1.0 delta: -0.021
epoch: 625 validAccuracy: 0.568 trainAccuracy: 1.0 delta: -0.015
epoch: 626 validAccuracy: 0.572 trainAccuracy: 1.0 delta: -0.011
epoch: 627 validAccuracy: 0.546 trainAccuracy: 1.0 delta: -0.037
epoch: 628 validAccuracy: 0.52 trainAccuracy: 0.989 delta: -0.063
epoch: 629 validAccuracy: 0.413 trainAccuracy: 0.926 delta: -0.17
epoch: 630 validAccuracy: 0.395 trainAccuracy: 0.851 delta: -0.188
epoch: 631 validAccuracy: 0.507 trainAccuracy: 0.945 delta: -0.076
epoch: 632 validAccuracy: 0.468 trainAccuracy: 0.965 delta: -0.115
epoch: 633 validAccuracy: 0.549 trainAccuracy: 0.981 delta: -0.034
epoch: 634 validAccuracy: 0.551 trainAccuracy: 0.986 delta: -0.032
epoch: 635 validAccuracy: 0.553 trainAccuracy: 0.994 delta: -0.03
epoch: 636 validAccuracy: 0.55 trainAccuracy: 0.992 delta: -0.033
epoch: 637 validAccuracy: 0.569 trainAccuracy: 0.996 delta: -0.014
epoch: 638 validAccuracy: 0.572 trainAccuracy: 0.997 delta: -0.011
epoch: 639 validAccuracy: 0.558 trainAccuracy: 0.999 delta: -0.025
epoch: 640 validAccuracy: 0.563 trainAccuracy: 0.999 delta: -0.02
epoch: 641 validAccuracy: 0.57 trainAccuracy: 1.0 delta: -0.013
epoch: 642 validAccuracy: 0.571 trainAccuracy: 0.998 delta: -0.012
epoch: 643 validAccuracy: 0.568 trainAccuracy: 1.0 delta: -0.015
epoch: 644 validAccuracy: 0.575 trainAccuracy: 1.0 delta: -0.008
epoch: 645 validAccuracy: 0.573 trainAccuracy: 0.999 delta: -0.01
epoch: 646 validAccuracy: 0.575 trainAccuracy: 0.998 delta: -0.008
epoch: 647 validAccuracy: 0.572 trainAccuracy: 1.0 delta: -0.011
epoch: 648 validAccuracy: 0.585 trainAccuracy: 0.998 delta: 0.002
epoch: 649 validAccuracy: 0.574 trainAccuracy: 0.999 delta: -0.011
epoch: 650 validAccuracy: 0.567 trainAccuracy: 0.999 delta: -0.018
epoch: 651 validAccuracy: 0.579 trainAccuracy: 0.999 delta: -0.006
epoch: 652 validAccuracy: 0.574 trainAccuracy: 0.999 delta: -0.011
epoch: 653 validAccuracy: 0.581 trainAccuracy: 1.0 delta: -0.004
epoch: 654 validAccuracy: 0.572 trainAccuracy: 1.0 delta: -0.013
epoch: 655 validAccuracy: 0.574 trainAccuracy: 1.0 delta: -0.011
epoch: 656 validAccuracy: 0.575 trainAccuracy: 0.999 delta: -0.01
epoch: 657 validAccuracy: 0.565 trainAccuracy: 1.0 delta: -0.02
epoch: 658 validAccuracy: 0.575 trainAccuracy: 1.0 delta: -0.01
epoch: 659 validAccuracy: 0.567 trainAccuracy: 1.0 delta: -0.018
epoch: 660 validAccuracy: 0.567 trainAccuracy: 1.0 delta: -0.018
epoch: 661 validAccuracy: 0.575 trainAccuracy: 1.0 delta: -0.01
epoch: 662 validAccuracy: 0.56 trainAccuracy: 0.999 delta: -0.025
epoch: 663 validAccuracy: 0.414 trainAccuracy: 0.978 delta: -0.171
epoch: 664 validAccuracy: 0.399 trainAccuracy: 0.897 delta: -0.186
epoch: 665 validAccuracy: 0.464 trainAccuracy: 0.925 delta: -0.121
epoch: 666 validAccuracy: 0.501 trainAccuracy: 0.964 delta: -0.084
epoch: 667 validAccuracy: 0.519 trainAccuracy: 0.988 delta: -0.066
epoch: 668 validAccuracy: 0.523 trainAccuracy: 0.994 delta: -0.062
epoch: 669 validAccuracy: 0.544 trainAccuracy: 0.996 delta: -0.041
epoch: 670 validAccuracy: 0.545 trainAccuracy: 0.997 delta: -0.04
epoch: 671 validAccuracy: 0.541 trainAccuracy: 0.998 delta: -0.044
epoch: 672 validAccuracy: 0.542 trainAccuracy: 0.999 delta: -0.043
epoch: 673 validAccuracy: 0.546 trainAccuracy: 1.0 delta: -0.039
epoch: 674 validAccuracy: 0.55 trainAccuracy: 0.999 delta: -0.035
epoch: 675 validAccuracy: 0.551 trainAccuracy: 0.999 delta: -0.034
epoch: 676 validAccuracy: 0.547 trainAccuracy: 0.999 delta: -0.038
epoch: 677 validAccuracy: 0.551 trainAccuracy: 0.998 delta: -0.034
epoch: 678 validAccuracy: 0.551 trainAccuracy: 0.998 delta: -0.034
epoch: 679 validAccuracy: 0.558 trainAccuracy: 0.998 delta: -0.027
epoch: 680 validAccuracy: 0.551 trainAccuracy: 0.999 delta: -0.034
epoch: 681 validAccuracy: 0.556 trainAccuracy: 0.999 delta: -0.029
epoch: 682 validAccuracy: 0.559 trainAccuracy: 1.0 delta: -0.026
epoch: 683 validAccuracy: 0.553 trainAccuracy: 1.0 delta: -0.032
epoch: 684 validAccuracy: 0.561 trainAccuracy: 1.0 delta: -0.024
epoch: 685 validAccuracy: 0.553 trainAccuracy: 1.0 delta: -0.032
epoch: 686 validAccuracy: 0.558 trainAccuracy: 0.999 delta: -0.027
epoch: 687 validAccuracy: 0.535 trainAccuracy: 0.993 delta: -0.05
epoch: 688 validAccuracy: 0.52 trainAccuracy: 0.98 delta: -0.065
epoch: 689 validAccuracy: 0.471 trainAccuracy: 0.971 delta: -0.114
epoch: 690 validAccuracy: 0.417 trainAccuracy: 0.936 delta: -0.168
epoch: 691 validAccuracy: 0.45 trainAccuracy: 0.91 delta: -0.135
epoch: 692 validAccuracy: 0.508 trainAccuracy: 0.954 delta: -0.077
epoch: 693 validAccuracy: 0.503 trainAccuracy: 0.972 delta: -0.082
epoch: 694 validAccuracy: 0.535 trainAccuracy: 0.994 delta: -0.05
epoch: 695 validAccuracy: 0.546 trainAccuracy: 0.998 delta: -0.039
epoch: 696 validAccuracy: 0.533 trainAccuracy: 0.995 delta: -0.052
epoch: 697 validAccuracy: 0.543 trainAccuracy: 0.999 delta: -0.042
epoch: 698 validAccuracy: 0.565 trainAccuracy: 0.999 delta: -0.02
epoch: 699 validAccuracy: 0.549 trainAccuracy: 0.996 delta: -0.036
epoch: 700 validAccuracy: 0.556 trainAccuracy: 1.0 delta: -0.029
epoch: 701 validAccuracy: 0.558 trainAccuracy: 0.999 delta: -0.027
epoch: 702 validAccuracy: 0.564 trainAccuracy: 1.0 delta: -0.021
epoch: 703 validAccuracy: 0.554 trainAccuracy: 0.999 delta: -0.031
epoch: 704 validAccuracy: 0.557 trainAccuracy: 1.0 delta: -0.028
epoch: 705 validAccuracy: 0.558 trainAccuracy: 0.998 delta: -0.027
epoch: 706 validAccuracy: 0.556 trainAccuracy: 0.998 delta: -0.029
epoch: 707 validAccuracy: 0.56 trainAccuracy: 1.0 delta: -0.025
epoch: 708 validAccuracy: 0.558 trainAccuracy: 0.998 delta: -0.027
epoch: 709 validAccuracy: 0.559 trainAccuracy: 1.0 delta: -0.026
epoch: 710 validAccuracy: 0.557 trainAccuracy: 0.998 delta: -0.028
epoch: 711 validAccuracy: 0.557 trainAccuracy: 0.999 delta: -0.028
epoch: 712 validAccuracy: 0.565 trainAccuracy: 1.0 delta: -0.02
epoch: 713 validAccuracy: 0.567 trainAccuracy: 0.998 delta: -0.018
epoch: 714 validAccuracy: 0.563 trainAccuracy: 1.0 delta: -0.022
epoch: 715 validAccuracy: 0.576 trainAccuracy: 1.0 delta: -0.009
epoch: 716 validAccuracy: 0.576 trainAccuracy: 1.0 delta: -0.009
epoch: 717 validAccuracy: 0.576 trainAccuracy: 1.0 delta: -0.009
epoch: 718 validAccuracy: 0.559 trainAccuracy: 0.997 delta: -0.026
epoch: 719 validAccuracy: 0.446 trainAccuracy: 0.975 delta: -0.139
epoch: 720 validAccuracy: 0.432 trainAccuracy: 0.893 delta: -0.153
epoch: 721 validAccuracy: 0.494 trainAccuracy: 0.906 delta: -0.091
epoch: 722 validAccuracy: 0.486 trainAccuracy: 0.964 delta: -0.099
epoch: 723 validAccuracy: 0.539 trainAccuracy: 0.992 delta: -0.046
epoch: 724 validAccuracy: 0.532 trainAccuracy: 0.99 delta: -0.053
epoch: 725 validAccuracy: 0.54 trainAccuracy: 0.989 delta: -0.045
epoch: 726 validAccuracy: 0.561 trainAccuracy: 0.999 delta: -0.024
epoch: 727 validAccuracy: 0.579 trainAccuracy: 0.998 delta: -0.006
epoch: 728 validAccuracy: 0.569 trainAccuracy: 0.998 delta: -0.016
epoch: 729 validAccuracy: 0.588 trainAccuracy: 0.999 delta: 0.003
epoch: 730 validAccuracy: 0.575 trainAccuracy: 1.0 delta: -0.013
epoch: 731 validAccuracy: 0.573 trainAccuracy: 1.0 delta: -0.015
epoch: 732 validAccuracy: 0.57 trainAccuracy: 1.0 delta: -0.018
epoch: 733 validAccuracy: 0.569 trainAccuracy: 1.0 delta: -0.019
epoch: 734 validAccuracy: 0.578 trainAccuracy: 0.999 delta: -0.01
epoch: 735 validAccuracy: 0.584 trainAccuracy: 1.0 delta: -0.004
epoch: 736 validAccuracy: 0.581 trainAccuracy: 1.0 delta: -0.007
epoch: 737 validAccuracy: 0.573 trainAccuracy: 1.0 delta: -0.015
epoch: 738 validAccuracy: 0.589 trainAccuracy: 1.0 delta: 0.001
epoch: 739 validAccuracy: 0.582 trainAccuracy: 1.0 delta: -0.007
epoch: 740 validAccuracy: 0.587 trainAccuracy: 1.0 delta: -0.002
epoch: 741 validAccuracy: 0.586 trainAccuracy: 1.0 delta: -0.003
epoch: 742 validAccuracy: 0.588 trainAccuracy: 1.0 delta: -0.001
epoch: 743 validAccuracy: 0.589 trainAccuracy: 1.0 delta: 0.0
epoch: 744 validAccuracy: 0.577 trainAccuracy: 0.999 delta: -0.012
epoch: 745 validAccuracy: 0.566 trainAccuracy: 0.998 delta: -0.023
epoch: 746 validAccuracy: 0.526 trainAccuracy: 0.991 delta: -0.063
epoch: 747 validAccuracy: 0.502 trainAccuracy: 0.983 delta: -0.087
epoch: 748 validAccuracy: 0.487 trainAccuracy: 0.981 delta: -0.102
epoch: 749 validAccuracy: 0.454 trainAccuracy: 0.951 delta: -0.135
epoch: 750 validAccuracy: 0.408 trainAccuracy: 0.947 delta: -0.181
epoch: 751 validAccuracy: 0.493 trainAccuracy: 0.967 delta: -0.096
epoch: 752 validAccuracy: 0.508 trainAccuracy: 0.988 delta: -0.081
epoch: 753 validAccuracy: 0.521 trainAccuracy: 0.986 delta: -0.068
epoch: 754 validAccuracy: 0.531 trainAccuracy: 0.987 delta: -0.058
epoch: 755 validAccuracy: 0.544 trainAccuracy: 0.989 delta: -0.045
epoch: 756 validAccuracy: 0.548 trainAccuracy: 0.994 delta: -0.041
epoch: 757 validAccuracy: 0.566 trainAccuracy: 0.998 delta: -0.023
epoch: 758 validAccuracy: 0.578 trainAccuracy: 0.994 delta: -0.011
epoch: 759 validAccuracy: 0.568 trainAccuracy: 0.997 delta: -0.021
epoch: 760 validAccuracy: 0.584 trainAccuracy: 1.0 delta: -0.005
epoch: 761 validAccuracy: 0.577 trainAccuracy: 1.0 delta: -0.012
epoch: 762 validAccuracy: 0.584 trainAccuracy: 1.0 delta: -0.005
epoch: 763 validAccuracy: 0.585 trainAccuracy: 1.0 delta: -0.004
epoch: 764 validAccuracy: 0.582 trainAccuracy: 0.999 delta: -0.007
epoch: 765 validAccuracy: 0.583 trainAccuracy: 0.999 delta: -0.006
epoch: 766 validAccuracy: 0.587 trainAccuracy: 0.999 delta: -0.002
epoch: 767 validAccuracy: 0.588 trainAccuracy: 0.999 delta: -0.001
epoch: 768 validAccuracy: 0.584 trainAccuracy: 1.0 delta: -0.005
epoch: 769 validAccuracy: 0.586 trainAccuracy: 1.0 delta: -0.003
epoch: 770 validAccuracy: 0.583 trainAccuracy: 1.0 delta: -0.006
epoch: 771 validAccuracy: 0.59 trainAccuracy: 1.0 delta: 0.001
epoch: 772 validAccuracy: 0.58 trainAccuracy: 1.0 delta: -0.01
epoch: 773 validAccuracy: 0.579 trainAccuracy: 1.0 delta: -0.011
epoch: 774 validAccuracy: 0.584 trainAccuracy: 0.999 delta: -0.006
epoch: 775 validAccuracy: 0.584 trainAccuracy: 1.0 delta: -0.006
epoch: 776 validAccuracy: 0.586 trainAccuracy: 1.0 delta: -0.004
epoch: 777 validAccuracy: 0.583 trainAccuracy: 0.998 delta: -0.007
epoch: 778 validAccuracy: 0.508 trainAccuracy: 0.995 delta: -0.082
epoch: 779 validAccuracy: 0.371 trainAccuracy: 0.942 delta: -0.219
epoch: 780 validAccuracy: 0.412 trainAccuracy: 0.892 delta: -0.178
epoch: 781 validAccuracy: 0.497 trainAccuracy: 0.951 delta: -0.093
epoch: 782 validAccuracy: 0.497 trainAccuracy: 0.967 delta: -0.093
epoch: 783 validAccuracy: 0.53 trainAccuracy: 0.985 delta: -0.06
epoch: 784 validAccuracy: 0.55 trainAccuracy: 0.994 delta: -0.04
epoch: 785 validAccuracy: 0.552 trainAccuracy: 0.995 delta: -0.038
epoch: 786 validAccuracy: 0.547 trainAccuracy: 0.997 delta: -0.043
epoch: 787 validAccuracy: 0.556 trainAccuracy: 0.999 delta: -0.034
epoch: 788 validAccuracy: 0.575 trainAccuracy: 0.998 delta: -0.015
epoch: 789 validAccuracy: 0.57 trainAccuracy: 0.999 delta: -0.02
epoch: 790 validAccuracy: 0.575 trainAccuracy: 1.0 delta: -0.015
epoch: 791 validAccuracy: 0.573 trainAccuracy: 0.999 delta: -0.017
epoch: 792 validAccuracy: 0.582 trainAccuracy: 1.0 delta: -0.008
epoch: 793 validAccuracy: 0.584 trainAccuracy: 0.998 delta: -0.006
epoch: 794 validAccuracy: 0.578 trainAccuracy: 1.0 delta: -0.012
epoch: 795 validAccuracy: 0.575 trainAccuracy: 0.999 delta: -0.015
epoch: 796 validAccuracy: 0.57 trainAccuracy: 0.998 delta: -0.02
epoch: 797 validAccuracy: 0.583 trainAccuracy: 1.0 delta: -0.007
epoch: 798 validAccuracy: 0.583 trainAccuracy: 0.999 delta: -0.007
epoch: 799 validAccuracy: 0.577 trainAccuracy: 1.0 delta: -0.013
=============================================================================================
learningRate: 0.0001 accuracy:0.59 epoch: 771 delta: 0.59
=============================================================================================
learningRate: 0.0001 accuracy:0.59 epoch: 771
