[38;5;2m[i 0321 14:04:29.758049 24 compiler.py:944] Jittor(1.3.1.48) src: /root/miniconda3/envs/jittor-fanxiaoyu/lib/python3.9/site-packages/jittor[m
[38;5;2m[i 0321 14:04:29.761582 24 compiler.py:945] g++ at /usr/bin/g++(7.5.0)[m
[38;5;2m[i 0321 14:04:29.761715 24 compiler.py:946] cache_path: /root/.cache/jittor/jt1.3.1/g++7.5.0/py3.9.7/Linux-5.4.0-96xb0/IntelRXeonRCPUx84/default[m
[38;5;2m[i 0321 14:04:29.765444 24 __init__.py:376] Found /usr/local/cuda/bin/nvcc(10.2.89) at /usr/local/cuda/bin/nvcc.[m
[38;5;2m[i 0321 14:04:29.769278 24 __init__.py:376] Found addr2line(2.30) at /usr/bin/addr2line.[m
[38;5;2m[i 0321 14:04:29.891257 24 compiler.py:999] cuda key:cu10.2.89_sm_61[m
[38;5;2m[i 0321 14:04:30.077549 24 __init__.py:191] Total mem: 219.71GB, using 16 procs for compiling.[m
[38;5;2m[i 0321 14:04:30.207215 24 jit_compiler.cc:27] Load cc_path: /usr/bin/g++[m
[38;5;2m[i 0321 14:04:30.518125 24 init.cc:62] Found cuda archs: [61,][m
[38;5;2m[i 0321 14:04:30.730847 24 __init__.py:376] Found mpicc(2.1.1) at /usr/bin/mpicc.[m
[38;5;2m[i 0321 14:04:30.863126 24 compile_extern.py:29] found /usr/include/cublas.h[m
[38;5;2m[i 0321 14:04:30.872376 24 compile_extern.py:29] found /usr/lib/x86_64-linux-gnu/libcublas.so[m
[38;5;2m[i 0321 14:04:30.872581 24 compile_extern.py:29] found /usr/lib/x86_64-linux-gnu/libcublasLt.so.10[m
[38;5;2m[i 0321 14:04:31.160600 24 compile_extern.py:29] found /usr/include/cudnn.h[m
[38;5;2m[i 0321 14:04:31.175672 24 compile_extern.py:29] found /usr/lib/x86_64-linux-gnu/libcudnn.so[m
[38;5;2m[i 0321 14:04:32.327399 24 compile_extern.py:29] found /usr/local/cuda/include/curand.h[m
[38;5;2m[i 0321 14:04:32.357762 24 compile_extern.py:29] found /usr/local/cuda/lib64/libcurand.so[m
[38;5;2m[i 0321 14:04:32.456444 24 cuda_flags.cc:32] CUDA enabled.[m
[38;5;2m[i 0321 14:04:32.489302 24 dataset.py:629] Found 102 classes and 1020 images.[m
[38;5;2m[i 0321 14:04:32.497740 24 dataset.py:629] Found 102 classes and 1020 images.[m
[38;5;2m[i 0321 14:04:32.531236 24 dataset.py:629] Found 102 classes and 6149 images.[m
----------------- A new trial ---------------------
modelName ViT learning rate: 0.0005 epochs 200
epoch: 0 validAccuracy: 0.048 trainAccuracy: 0.0196 delta: 0.048
epoch: 1 validAccuracy: 0.0902 trainAccuracy: 0.0441 delta: 0.0422
epoch: 2 validAccuracy: 0.0775 trainAccuracy: 0.0549 delta: -0.0127
epoch: 3 validAccuracy: 0.0843 trainAccuracy: 0.0775 delta: -0.0059
epoch: 4 validAccuracy: 0.0882 trainAccuracy: 0.0853 delta: -0.002
epoch: 5 validAccuracy: 0.1265 trainAccuracy: 0.0941 delta: 0.0363
epoch: 6 validAccuracy: 0.1304 trainAccuracy: 0.1304 delta: 0.0039
epoch: 7 validAccuracy: 0.1657 trainAccuracy: 0.1608 delta: 0.0353
epoch: 8 validAccuracy: 0.149 trainAccuracy: 0.1902 delta: -0.0167
epoch: 9 validAccuracy: 0.2127 trainAccuracy: 0.2431 delta: 0.047
epoch: 10 validAccuracy: 0.25 trainAccuracy: 0.2922 delta: 0.0373
epoch: 11 validAccuracy: 0.25 trainAccuracy: 0.3245 delta: 0.0
epoch: 12 validAccuracy: 0.2824 trainAccuracy: 0.3725 delta: 0.0324
epoch: 13 validAccuracy: 0.2912 trainAccuracy: 0.4382 delta: 0.0088
epoch: 14 validAccuracy: 0.2902 trainAccuracy: 0.4461 delta: -0.001
epoch: 15 validAccuracy: 0.299 trainAccuracy: 0.4608 delta: 0.0078
epoch: 16 validAccuracy: 0.3 trainAccuracy: 0.4794 delta: 0.001
epoch: 17 validAccuracy: 0.3 trainAccuracy: 0.4843 delta: 0.0
epoch: 18 validAccuracy: 0.2961 trainAccuracy: 0.4725 delta: -0.0039
epoch: 19 validAccuracy: 0.3137 trainAccuracy: 0.4696 delta: 0.0137
epoch: 20 validAccuracy: 0.3029 trainAccuracy: 0.4451 delta: -0.0108
epoch: 21 validAccuracy: 0.2745 trainAccuracy: 0.4196 delta: -0.0392
epoch: 22 validAccuracy: 0.299 trainAccuracy: 0.4225 delta: -0.0147
epoch: 23 validAccuracy: 0.2882 trainAccuracy: 0.3843 delta: -0.0255
epoch: 24 validAccuracy: 0.2824 trainAccuracy: 0.3833 delta: -0.0313
epoch: 25 validAccuracy: 0.2598 trainAccuracy: 0.3657 delta: -0.0539
epoch: 26 validAccuracy: 0.2461 trainAccuracy: 0.3686 delta: -0.0676
epoch: 27 validAccuracy: 0.2314 trainAccuracy: 0.2922 delta: -0.0823
epoch: 28 validAccuracy: 0.2304 trainAccuracy: 0.3029 delta: -0.0833
epoch: 29 validAccuracy: 0.2333 trainAccuracy: 0.3029 delta: -0.0804
epoch: 30 validAccuracy: 0.2373 trainAccuracy: 0.3059 delta: -0.0764
epoch: 31 validAccuracy: 0.2294 trainAccuracy: 0.3186 delta: -0.0843
epoch: 32 validAccuracy: 0.2618 trainAccuracy: 0.3265 delta: -0.0519
epoch: 33 validAccuracy: 0.2275 trainAccuracy: 0.3196 delta: -0.0862
epoch: 34 validAccuracy: 0.2569 trainAccuracy: 0.3804 delta: -0.0568
epoch: 35 validAccuracy: 0.2971 trainAccuracy: 0.398 delta: -0.0166
epoch: 36 validAccuracy: 0.2618 trainAccuracy: 0.4176 delta: -0.0519
epoch: 37 validAccuracy: 0.3235 trainAccuracy: 0.4657 delta: 0.0098
epoch: 38 validAccuracy: 0.3441 trainAccuracy: 0.5216 delta: 0.0206
epoch: 39 validAccuracy: 0.348 trainAccuracy: 0.5461 delta: 0.0039
epoch: 40 validAccuracy: 0.3382 trainAccuracy: 0.5863 delta: -0.0098
epoch: 41 validAccuracy: 0.3559 trainAccuracy: 0.6343 delta: 0.0079
epoch: 42 validAccuracy: 0.3618 trainAccuracy: 0.6863 delta: 0.0059
epoch: 43 validAccuracy: 0.3657 trainAccuracy: 0.7206 delta: 0.0039
epoch: 44 validAccuracy: 0.3657 trainAccuracy: 0.7373 delta: 0.0
epoch: 45 validAccuracy: 0.3725 trainAccuracy: 0.7775 delta: 0.0068
epoch: 46 validAccuracy: 0.3745 trainAccuracy: 0.7784 delta: 0.002
epoch: 47 validAccuracy: 0.3657 trainAccuracy: 0.7775 delta: -0.0088
epoch: 48 validAccuracy: 0.3627 trainAccuracy: 0.7598 delta: -0.0118
epoch: 49 validAccuracy: 0.3657 trainAccuracy: 0.7578 delta: -0.0088
epoch: 50 validAccuracy: 0.3451 trainAccuracy: 0.7441 delta: -0.0294
epoch: 51 validAccuracy: 0.3755 trainAccuracy: 0.7314 delta: 0.001
epoch: 52 validAccuracy: 0.35 trainAccuracy: 0.7059 delta: -0.0255
epoch: 53 validAccuracy: 0.3412 trainAccuracy: 0.6706 delta: -0.0343
epoch: 54 validAccuracy: 0.3235 trainAccuracy: 0.6382 delta: -0.052
epoch: 55 validAccuracy: 0.3333 trainAccuracy: 0.5824 delta: -0.0422
epoch: 56 validAccuracy: 0.3167 trainAccuracy: 0.548 delta: -0.0588
epoch: 57 validAccuracy: 0.3029 trainAccuracy: 0.5412 delta: -0.0726
epoch: 58 validAccuracy: 0.2833 trainAccuracy: 0.5088 delta: -0.0922
epoch: 59 validAccuracy: 0.2922 trainAccuracy: 0.4627 delta: -0.0833
epoch: 60 validAccuracy: 0.2863 trainAccuracy: 0.4539 delta: -0.0892
epoch: 61 validAccuracy: 0.2755 trainAccuracy: 0.4637 delta: -0.1
epoch: 62 validAccuracy: 0.2931 trainAccuracy: 0.4755 delta: -0.0824
epoch: 63 validAccuracy: 0.3127 trainAccuracy: 0.5176 delta: -0.0628
epoch: 64 validAccuracy: 0.3373 trainAccuracy: 0.5539 delta: -0.0382
epoch: 65 validAccuracy: 0.351 trainAccuracy: 0.6137 delta: -0.0245
epoch: 66 validAccuracy: 0.3431 trainAccuracy: 0.6549 delta: -0.0324
epoch: 67 validAccuracy: 0.3657 trainAccuracy: 0.7206 delta: -0.0098
epoch: 68 validAccuracy: 0.3627 trainAccuracy: 0.7431 delta: -0.0128
epoch: 69 validAccuracy: 0.3745 trainAccuracy: 0.8108 delta: -0.001
epoch: 70 validAccuracy: 0.3882 trainAccuracy: 0.8637 delta: 0.0127
epoch: 71 validAccuracy: 0.3775 trainAccuracy: 0.8931 delta: -0.0107
epoch: 72 validAccuracy: 0.3873 trainAccuracy: 0.9284 delta: -0.0009
epoch: 73 validAccuracy: 0.3873 trainAccuracy: 0.9382 delta: -0.0009
epoch: 74 validAccuracy: 0.3931 trainAccuracy: 0.9451 delta: 0.0049
epoch: 75 validAccuracy: 0.398 trainAccuracy: 0.9598 delta: 0.0049
epoch: 76 validAccuracy: 0.3961 trainAccuracy: 0.95 delta: -0.0019
epoch: 77 validAccuracy: 0.3941 trainAccuracy: 0.9539 delta: -0.0039
epoch: 78 validAccuracy: 0.3892 trainAccuracy: 0.952 delta: -0.0088
epoch: 79 validAccuracy: 0.3961 trainAccuracy: 0.9569 delta: -0.0019
epoch: 80 validAccuracy: 0.3951 trainAccuracy: 0.9471 delta: -0.0029
epoch: 81 validAccuracy: 0.3902 trainAccuracy: 0.9363 delta: -0.0078
epoch: 82 validAccuracy: 0.3696 trainAccuracy: 0.9206 delta: -0.0284
epoch: 83 validAccuracy: 0.3804 trainAccuracy: 0.8873 delta: -0.0176
epoch: 84 validAccuracy: 0.3529 trainAccuracy: 0.8235 delta: -0.0451
epoch: 85 validAccuracy: 0.3431 trainAccuracy: 0.7422 delta: -0.0549
epoch: 86 validAccuracy: 0.3147 trainAccuracy: 0.6716 delta: -0.0833
epoch: 87 validAccuracy: 0.3088 trainAccuracy: 0.6324 delta: -0.0892
epoch: 88 validAccuracy: 0.3245 trainAccuracy: 0.601 delta: -0.0735
epoch: 89 validAccuracy: 0.3098 trainAccuracy: 0.5686 delta: -0.0882
epoch: 90 validAccuracy: 0.2853 trainAccuracy: 0.5814 delta: -0.1127
epoch: 91 validAccuracy: 0.299 trainAccuracy: 0.5725 delta: -0.099
epoch: 92 validAccuracy: 0.2951 trainAccuracy: 0.6284 delta: -0.1029
epoch: 93 validAccuracy: 0.3137 trainAccuracy: 0.6392 delta: -0.0843
epoch: 94 validAccuracy: 0.3549 trainAccuracy: 0.6863 delta: -0.0431
epoch: 95 validAccuracy: 0.3588 trainAccuracy: 0.7431 delta: -0.0392
epoch: 96 validAccuracy: 0.3373 trainAccuracy: 0.7735 delta: -0.0607
epoch: 97 validAccuracy: 0.3676 trainAccuracy: 0.8422 delta: -0.0304
epoch: 98 validAccuracy: 0.3794 trainAccuracy: 0.8873 delta: -0.0186
epoch: 99 validAccuracy: 0.3843 trainAccuracy: 0.9147 delta: -0.0137
epoch: 100 validAccuracy: 0.3922 trainAccuracy: 0.9373 delta: -0.0058
epoch: 101 validAccuracy: 0.3951 trainAccuracy: 0.9725 delta: -0.0029
epoch: 102 validAccuracy: 0.3863 trainAccuracy: 0.9706 delta: -0.0117
epoch: 103 validAccuracy: 0.3843 trainAccuracy: 0.9833 delta: -0.0137
epoch: 104 validAccuracy: 0.3882 trainAccuracy: 0.9863 delta: -0.0098
epoch: 105 validAccuracy: 0.3902 trainAccuracy: 0.9892 delta: -0.0078
epoch: 106 validAccuracy: 0.3922 trainAccuracy: 0.9912 delta: -0.0058
epoch: 107 validAccuracy: 0.3941 trainAccuracy: 0.9892 delta: -0.0039
epoch: 108 validAccuracy: 0.3941 trainAccuracy: 0.9931 delta: -0.0039
epoch: 109 validAccuracy: 0.3941 trainAccuracy: 0.9833 delta: -0.0039
epoch: 110 validAccuracy: 0.3873 trainAccuracy: 0.9863 delta: -0.0107
epoch: 111 validAccuracy: 0.3784 trainAccuracy: 0.9794 delta: -0.0196
epoch: 112 validAccuracy: 0.3892 trainAccuracy: 0.9696 delta: -0.0088
epoch: 113 validAccuracy: 0.3833 trainAccuracy: 0.9559 delta: -0.0147
epoch: 114 validAccuracy: 0.3471 trainAccuracy: 0.9137 delta: -0.0509
epoch: 115 validAccuracy: 0.3549 trainAccuracy: 0.8373 delta: -0.0431
epoch: 116 validAccuracy: 0.3245 trainAccuracy: 0.7657 delta: -0.0735
epoch: 117 validAccuracy: 0.3216 trainAccuracy: 0.6676 delta: -0.0764
epoch: 118 validAccuracy: 0.3529 trainAccuracy: 0.6725 delta: -0.0451
epoch: 119 validAccuracy: 0.3196 trainAccuracy: 0.6667 delta: -0.0784
epoch: 120 validAccuracy: 0.3431 trainAccuracy: 0.6343 delta: -0.0549
epoch: 121 validAccuracy: 0.3363 trainAccuracy: 0.6794 delta: -0.0617
epoch: 122 validAccuracy: 0.3578 trainAccuracy: 0.75 delta: -0.0402
epoch: 123 validAccuracy: 0.3814 trainAccuracy: 0.7422 delta: -0.0166
epoch: 124 validAccuracy: 0.3725 trainAccuracy: 0.7833 delta: -0.0255
epoch: 125 validAccuracy: 0.3725 trainAccuracy: 0.8284 delta: -0.0255
==========================================================================================
validAccuracy 0.398 bestEpoch 75 testAccuracy 0.3383 stopEpoch 125
==========================================================================================
