[38;5;2m[i 0318 15:44:57.863219 72 compiler.py:944] Jittor(1.3.1.48) src: /root/miniconda3/envs/jittor-fanxiaoyu/lib/python3.9/site-packages/jittor[m
[38;5;2m[i 0318 15:44:57.867019 72 compiler.py:945] g++ at /usr/bin/g++(7.5.0)[m
[38;5;2m[i 0318 15:44:57.867131 72 compiler.py:946] cache_path: /root/.cache/jittor/jt1.3.1/g++7.5.0/py3.9.7/Linux-5.4.0-96xb0/IntelRXeonRCPUx84/default[m
[38;5;2m[i 0318 15:44:57.870512 72 __init__.py:376] Found /usr/local/cuda/bin/nvcc(10.2.89) at /usr/local/cuda/bin/nvcc.[m
[38;5;2m[i 0318 15:44:57.874449 72 __init__.py:376] Found addr2line(2.30) at /usr/bin/addr2line.[m
[38;5;2m[i 0318 15:44:57.991333 72 compiler.py:999] cuda key:cu10.2.89_sm_61[m
[38;5;2m[i 0318 15:44:58.175281 72 __init__.py:191] Total mem: 219.71GB, using 16 procs for compiling.[m
[38;5;2m[i 0318 15:44:58.298710 72 jit_compiler.cc:27] Load cc_path: /usr/bin/g++[m
[38;5;2m[i 0318 15:44:58.592157 72 init.cc:62] Found cuda archs: [61,][m
[38;5;2m[i 0318 15:44:58.780813 72 __init__.py:376] Found mpicc(2.1.1) at /usr/bin/mpicc.[m
[38;5;2m[i 0318 15:44:58.886749 72 compile_extern.py:29] found /usr/include/cublas.h[m
[38;5;2m[i 0318 15:44:58.893968 72 compile_extern.py:29] found /usr/lib/x86_64-linux-gnu/libcublas.so[m
[38;5;2m[i 0318 15:44:58.894205 72 compile_extern.py:29] found /usr/lib/x86_64-linux-gnu/libcublasLt.so.10[m
[38;5;2m[i 0318 15:44:59.085217 72 compile_extern.py:29] found /usr/include/cudnn.h[m
[38;5;2m[i 0318 15:44:59.097003 72 compile_extern.py:29] found /usr/lib/x86_64-linux-gnu/libcudnn.so[m
[38;5;2m[i 0318 15:44:59.782248 72 compile_extern.py:29] found /usr/local/cuda/include/curand.h[m
[38;5;2m[i 0318 15:44:59.813917 72 compile_extern.py:29] found /usr/local/cuda/lib64/libcurand.so[m
[38;5;2m[i 0318 15:44:59.855531 72 cuda_flags.cc:32] CUDA enabled.[m
[38;5;2m[i 0318 15:44:59.870633 72 dataset.py:629] Found 102 classes and 1020 images.[m
[38;5;2m[i 0318 15:44:59.876106 72 dataset.py:629] Found 102 classes and 1020 images.[m
[38;5;2m[i 0318 15:44:59.900719 72 dataset.py:629] Found 102 classes and 6149 images.[m
test_num 6149
----------------- A new trial ---------------------
modelName MLPMixer learning rate: 2.3e-05 epochs 2
epoch: 0 validAccuracy: 0.0637 trainAccuracy: 0.0216 delta: 0.0637
epoch: 1 validAccuracy: 0.0882 trainAccuracy: 0.0549 delta: 0.0245

Compiling Operators(1/1) used: 2.77s eta:    0s 

Compiling Operators(1/1) used: 2.75s eta:    0s 

Compiling Operators(1/1) used: 2.79s eta:    0s 

Compiling Operators(1/1) used: 2.77s eta:    0s 
==========================================================================================
validAccuracy 0.0882 bestEpoch 1 testAccuracy 0.066
==========================================================================================
[38;5;2m[i 0318 15:47:22.673321 72 dataset.py:629] Found 102 classes and 1020 images.[m
[38;5;2m[i 0318 15:47:22.678626 72 dataset.py:629] Found 102 classes and 1020 images.[m
[38;5;2m[i 0318 15:47:22.702416 72 dataset.py:629] Found 102 classes and 6149 images.[m
test_num 6149
----------------- A new trial ---------------------
modelName ConvMixer learning rate: 0.0001 epochs 2
epoch: 0 validAccuracy: 0.0245 trainAccuracy: 0.0275 delta: 0.0245
epoch: 1 validAccuracy: 0.0333 trainAccuracy: 0.0431 delta: 0.0088
