[38;5;2m[i 0319 11:44:21.707667 48 compiler.py:944] Jittor(1.3.1.48) src: /root/miniconda3/envs/jittor-fanxiaoyu/lib/python3.9/site-packages/jittor[m
[38;5;2m[i 0319 11:44:21.710773 48 compiler.py:945] g++ at /usr/bin/g++(7.5.0)[m
[38;5;2m[i 0319 11:44:21.710882 48 compiler.py:946] cache_path: /root/.cache/jittor/jt1.3.1/g++7.5.0/py3.9.7/Linux-5.4.0-96xb0/IntelRXeonRCPUx84/default[m
[38;5;2m[i 0319 11:44:21.714188 48 __init__.py:376] Found /usr/local/cuda/bin/nvcc(10.2.89) at /usr/local/cuda/bin/nvcc.[m
[38;5;2m[i 0319 11:44:21.717839 48 __init__.py:376] Found addr2line(2.30) at /usr/bin/addr2line.[m
[38;5;2m[i 0319 11:44:21.834919 48 compiler.py:999] cuda key:cu10.2.89_sm_61[m
[38;5;2m[i 0319 11:44:22.013472 48 __init__.py:191] Total mem: 219.71GB, using 16 procs for compiling.[m
[38;5;2m[i 0319 11:44:22.125484 48 jit_compiler.cc:27] Load cc_path: /usr/bin/g++[m
[38;5;2m[i 0319 11:44:22.467431 48 init.cc:62] Found cuda archs: [61,][m
[38;5;2m[i 0319 11:44:22.635671 48 __init__.py:376] Found mpicc(2.1.1) at /usr/bin/mpicc.[m
[38;5;2m[i 0319 11:44:22.762504 48 compile_extern.py:29] found /usr/include/cublas.h[m
[38;5;2m[i 0319 11:44:22.774163 48 compile_extern.py:29] found /usr/lib/x86_64-linux-gnu/libcublas.so[m
[38;5;2m[i 0319 11:44:22.774398 48 compile_extern.py:29] found /usr/lib/x86_64-linux-gnu/libcublasLt.so.10[m
[38;5;2m[i 0319 11:44:22.964607 48 compile_extern.py:29] found /usr/include/cudnn.h[m
[38;5;2m[i 0319 11:44:22.980351 48 compile_extern.py:29] found /usr/lib/x86_64-linux-gnu/libcudnn.so[m
[38;5;2m[i 0319 11:44:23.647926 48 compile_extern.py:29] found /usr/local/cuda/include/curand.h[m
[38;5;2m[i 0319 11:44:23.678163 48 compile_extern.py:29] found /usr/local/cuda/lib64/libcurand.so[m
[38;5;2m[i 0319 11:44:23.746639 48 cuda_flags.cc:32] CUDA enabled.[m
[38;5;2m[i 0319 11:44:23.765862 48 dataset.py:629] Found 102 classes and 1020 images.[m
[38;5;2m[i 0319 11:44:23.771368 48 dataset.py:629] Found 102 classes and 1020 images.[m
[38;5;2m[i 0319 11:44:23.795227 48 dataset.py:629] Found 102 classes and 6149 images.[m
----------------- A new trial ---------------------
modelName MLPMixer learning rate: 2.3e-05 epochs 200
epoch: 0 validAccuracy: 0.0637 trainAccuracy: 0.0216 delta: 0.0637
epoch: 1 validAccuracy: 0.0882 trainAccuracy: 0.0549 delta: 0.0245
epoch: 2 validAccuracy: 0.0951 trainAccuracy: 0.0843 delta: 0.0069
epoch: 3 validAccuracy: 0.1284 trainAccuracy: 0.1088 delta: 0.0333
epoch: 4 validAccuracy: 0.1578 trainAccuracy: 0.1451 delta: 0.0294
epoch: 5 validAccuracy: 0.1853 trainAccuracy: 0.1961 delta: 0.0275
epoch: 6 validAccuracy: 0.2147 trainAccuracy: 0.2363 delta: 0.0294
epoch: 7 validAccuracy: 0.2265 trainAccuracy: 0.2843 delta: 0.0118
epoch: 8 validAccuracy: 0.2216 trainAccuracy: 0.2922 delta: -0.0049
epoch: 9 validAccuracy: 0.248 trainAccuracy: 0.349 delta: 0.0215
epoch: 10 validAccuracy: 0.2775 trainAccuracy: 0.3892 delta: 0.0295
epoch: 11 validAccuracy: 0.2706 trainAccuracy: 0.4343 delta: -0.0069
epoch: 12 validAccuracy: 0.2882 trainAccuracy: 0.4314 delta: 0.0107
epoch: 13 validAccuracy: 0.2863 trainAccuracy: 0.4814 delta: -0.0019
epoch: 14 validAccuracy: 0.2833 trainAccuracy: 0.5 delta: -0.0049
epoch: 15 validAccuracy: 0.3039 trainAccuracy: 0.5373 delta: 0.0157
epoch: 16 validAccuracy: 0.3049 trainAccuracy: 0.5392 delta: 0.001
epoch: 17 validAccuracy: 0.3098 trainAccuracy: 0.5843 delta: 0.0049
epoch: 18 validAccuracy: 0.301 trainAccuracy: 0.6127 delta: -0.0088
epoch: 19 validAccuracy: 0.3265 trainAccuracy: 0.6353 delta: 0.0167
epoch: 20 validAccuracy: 0.3137 trainAccuracy: 0.6529 delta: -0.0128
epoch: 21 validAccuracy: 0.3245 trainAccuracy: 0.6618 delta: -0.002
epoch: 22 validAccuracy: 0.3196 trainAccuracy: 0.6882 delta: -0.0069
epoch: 23 validAccuracy: 0.3353 trainAccuracy: 0.7108 delta: 0.0088
epoch: 24 validAccuracy: 0.3275 trainAccuracy: 0.7529 delta: -0.0078
epoch: 25 validAccuracy: 0.3245 trainAccuracy: 0.7892 delta: -0.0108
epoch: 26 validAccuracy: 0.3382 trainAccuracy: 0.8137 delta: 0.0029
epoch: 27 validAccuracy: 0.3284 trainAccuracy: 0.8343 delta: -0.0098
epoch: 28 validAccuracy: 0.3549 trainAccuracy: 0.8804 delta: 0.0167
epoch: 29 validAccuracy: 0.3373 trainAccuracy: 0.8951 delta: -0.0176
epoch: 30 validAccuracy: 0.3422 trainAccuracy: 0.9029 delta: -0.0127
epoch: 31 validAccuracy: 0.3304 trainAccuracy: 0.9196 delta: -0.0245
epoch: 32 validAccuracy: 0.3373 trainAccuracy: 0.95 delta: -0.0176
epoch: 33 validAccuracy: 0.3431 trainAccuracy: 0.9637 delta: -0.0118
epoch: 34 validAccuracy: 0.3412 trainAccuracy: 0.9794 delta: -0.0137
epoch: 35 validAccuracy: 0.3471 trainAccuracy: 0.9873 delta: -0.0078
epoch: 36 validAccuracy: 0.3461 trainAccuracy: 0.9902 delta: -0.0088
epoch: 37 validAccuracy: 0.348 trainAccuracy: 0.9922 delta: -0.0069
epoch: 38 validAccuracy: 0.3578 trainAccuracy: 0.9922 delta: 0.0029
epoch: 39 validAccuracy: 0.3637 trainAccuracy: 0.998 delta: 0.0059
epoch: 40 validAccuracy: 0.3549 trainAccuracy: 1.0 delta: -0.0088
epoch: 41 validAccuracy: 0.3598 trainAccuracy: 1.0 delta: -0.0039
epoch: 42 validAccuracy: 0.3578 trainAccuracy: 1.0 delta: -0.0059
epoch: 43 validAccuracy: 0.3608 trainAccuracy: 1.0 delta: -0.0029
epoch: 44 validAccuracy: 0.3578 trainAccuracy: 1.0 delta: -0.0059
epoch: 45 validAccuracy: 0.3598 trainAccuracy: 1.0 delta: -0.0039
epoch: 46 validAccuracy: 0.3618 trainAccuracy: 1.0 delta: -0.0019
epoch: 47 validAccuracy: 0.3578 trainAccuracy: 1.0 delta: -0.0059
epoch: 48 validAccuracy: 0.3637 trainAccuracy: 1.0 delta: 0.0
epoch: 49 validAccuracy: 0.3588 trainAccuracy: 1.0 delta: -0.0049
epoch: 50 validAccuracy: 0.3559 trainAccuracy: 1.0 delta: -0.0078
epoch: 51 validAccuracy: 0.3588 trainAccuracy: 1.0 delta: -0.0049
epoch: 52 validAccuracy: 0.3627 trainAccuracy: 1.0 delta: -0.001
epoch: 53 validAccuracy: 0.3529 trainAccuracy: 1.0 delta: -0.0108
epoch: 54 validAccuracy: 0.3588 trainAccuracy: 1.0 delta: -0.0049
epoch: 55 validAccuracy: 0.3461 trainAccuracy: 0.999 delta: -0.0176
epoch: 56 validAccuracy: 0.3402 trainAccuracy: 0.9892 delta: -0.0235
epoch: 57 validAccuracy: 0.3275 trainAccuracy: 0.9892 delta: -0.0362
epoch: 58 validAccuracy: 0.3235 trainAccuracy: 0.9529 delta: -0.0402
epoch: 59 validAccuracy: 0.3471 trainAccuracy: 0.9716 delta: -0.0166
epoch: 60 validAccuracy: 0.3373 trainAccuracy: 0.9902 delta: -0.0264
epoch: 61 validAccuracy: 0.3402 trainAccuracy: 0.9922 delta: -0.0235
epoch: 62 validAccuracy: 0.3392 trainAccuracy: 0.9902 delta: -0.0245
epoch: 63 validAccuracy: 0.3343 trainAccuracy: 0.9912 delta: -0.0294
epoch: 64 validAccuracy: 0.35 trainAccuracy: 0.9922 delta: -0.0137
epoch: 65 validAccuracy: 0.35 trainAccuracy: 0.999 delta: -0.0137
epoch: 66 validAccuracy: 0.3539 trainAccuracy: 1.0 delta: -0.0098
epoch: 67 validAccuracy: 0.351 trainAccuracy: 1.0 delta: -0.0127
epoch: 68 validAccuracy: 0.3441 trainAccuracy: 0.999 delta: -0.0196
epoch: 69 validAccuracy: 0.3559 trainAccuracy: 0.9873 delta: -0.0078
epoch: 70 validAccuracy: 0.351 trainAccuracy: 0.9971 delta: -0.0127
epoch: 71 validAccuracy: 0.3549 trainAccuracy: 1.0 delta: -0.0088
epoch: 72 validAccuracy: 0.3529 trainAccuracy: 1.0 delta: -0.0108
epoch: 73 validAccuracy: 0.3559 trainAccuracy: 1.0 delta: -0.0078
epoch: 74 validAccuracy: 0.3578 trainAccuracy: 1.0 delta: -0.0059
epoch: 75 validAccuracy: 0.3598 trainAccuracy: 1.0 delta: -0.0039
epoch: 76 validAccuracy: 0.3588 trainAccuracy: 1.0 delta: -0.0049
epoch: 77 validAccuracy: 0.352 trainAccuracy: 1.0 delta: -0.0117
epoch: 78 validAccuracy: 0.3539 trainAccuracy: 1.0 delta: -0.0098
epoch: 79 validAccuracy: 0.3578 trainAccuracy: 1.0 delta: -0.0059
epoch: 80 validAccuracy: 0.3578 trainAccuracy: 1.0 delta: -0.0059
epoch: 81 validAccuracy: 0.3569 trainAccuracy: 1.0 delta: -0.0068
epoch: 82 validAccuracy: 0.3569 trainAccuracy: 1.0 delta: -0.0068
epoch: 83 validAccuracy: 0.3569 trainAccuracy: 1.0 delta: -0.0068
epoch: 84 validAccuracy: 0.3588 trainAccuracy: 1.0 delta: -0.0049
epoch: 85 validAccuracy: 0.3618 trainAccuracy: 1.0 delta: -0.0019
epoch: 86 validAccuracy: 0.3608 trainAccuracy: 1.0 delta: -0.0029
epoch: 87 validAccuracy: 0.3618 trainAccuracy: 1.0 delta: -0.0019
epoch: 88 validAccuracy: 0.3578 trainAccuracy: 1.0 delta: -0.0059
epoch: 89 validAccuracy: 0.3588 trainAccuracy: 1.0 delta: -0.0049
==========================================================================================
validAccuracy 0.3637 bestEpoch 39 testAccuracy 0.3116 stopEpoch 89
==========================================================================================
[38;5;2m[i 0319 12:27:06.718989 48 dataset.py:629] Found 102 classes and 1020 images.[m
[38;5;2m[i 0319 12:27:06.724312 48 dataset.py:629] Found 102 classes and 1020 images.[m
[38;5;2m[i 0319 12:27:06.748187 48 dataset.py:629] Found 102 classes and 6149 images.[m
----------------- A new trial ---------------------
modelName ViT learning rate: 5e-05 epochs 200
epoch: 0 validAccuracy: 0.0696 trainAccuracy: 0.0333 delta: 0.0696
epoch: 1 validAccuracy: 0.1431 trainAccuracy: 0.0755 delta: 0.0735
epoch: 2 validAccuracy: 0.1627 trainAccuracy: 0.1324 delta: 0.0196
epoch: 3 validAccuracy: 0.1922 trainAccuracy: 0.202 delta: 0.0295
epoch: 4 validAccuracy: 0.2412 trainAccuracy: 0.2598 delta: 0.049
epoch: 5 validAccuracy: 0.248 trainAccuracy: 0.3284 delta: 0.0068
epoch: 6 validAccuracy: 0.2775 trainAccuracy: 0.4118 delta: 0.0295
epoch: 7 validAccuracy: 0.301 trainAccuracy: 0.4559 delta: 0.0235
epoch: 8 validAccuracy: 0.3147 trainAccuracy: 0.5167 delta: 0.0137
epoch: 9 validAccuracy: 0.3402 trainAccuracy: 0.6049 delta: 0.0255
epoch: 10 validAccuracy: 0.3667 trainAccuracy: 0.6912 delta: 0.0265
epoch: 11 validAccuracy: 0.3382 trainAccuracy: 0.7725 delta: -0.0285
epoch: 12 validAccuracy: 0.35 trainAccuracy: 0.8196 delta: -0.0167
epoch: 13 validAccuracy: 0.3716 trainAccuracy: 0.8971 delta: 0.0049
epoch: 14 validAccuracy: 0.3804 trainAccuracy: 0.9186 delta: 0.0088
epoch: 15 validAccuracy: 0.3833 trainAccuracy: 0.9422 delta: 0.0029
epoch: 16 validAccuracy: 0.3843 trainAccuracy: 0.9588 delta: 0.001
epoch: 17 validAccuracy: 0.3765 trainAccuracy: 0.9618 delta: -0.0078
epoch: 18 validAccuracy: 0.3775 trainAccuracy: 0.9627 delta: -0.0068
epoch: 19 validAccuracy: 0.3725 trainAccuracy: 0.9686 delta: -0.0118
epoch: 20 validAccuracy: 0.3853 trainAccuracy: 0.9696 delta: 0.001
epoch: 21 validAccuracy: 0.3696 trainAccuracy: 0.9618 delta: -0.0157
epoch: 22 validAccuracy: 0.3755 trainAccuracy: 0.9598 delta: -0.0098
epoch: 23 validAccuracy: 0.3706 trainAccuracy: 0.9294 delta: -0.0147
epoch: 24 validAccuracy: 0.35 trainAccuracy: 0.9098 delta: -0.0353
epoch: 25 validAccuracy: 0.3559 trainAccuracy: 0.899 delta: -0.0294
epoch: 26 validAccuracy: 0.3255 trainAccuracy: 0.9127 delta: -0.0598
epoch: 27 validAccuracy: 0.3451 trainAccuracy: 0.9118 delta: -0.0402
epoch: 28 validAccuracy: 0.3353 trainAccuracy: 0.9029 delta: -0.05
epoch: 29 validAccuracy: 0.3441 trainAccuracy: 0.8882 delta: -0.0412
epoch: 30 validAccuracy: 0.3373 trainAccuracy: 0.8676 delta: -0.048
epoch: 31 validAccuracy: 0.3363 trainAccuracy: 0.9255 delta: -0.049
epoch: 32 validAccuracy: 0.3539 trainAccuracy: 0.95 delta: -0.0314
epoch: 33 validAccuracy: 0.3676 trainAccuracy: 0.9686 delta: -0.0177
epoch: 34 validAccuracy: 0.3912 trainAccuracy: 0.9873 delta: 0.0059
epoch: 35 validAccuracy: 0.3882 trainAccuracy: 0.9922 delta: -0.003
epoch: 36 validAccuracy: 0.3882 trainAccuracy: 0.9922 delta: -0.003
epoch: 37 validAccuracy: 0.3794 trainAccuracy: 0.9922 delta: -0.0118
epoch: 38 validAccuracy: 0.3843 trainAccuracy: 0.9971 delta: -0.0069
epoch: 39 validAccuracy: 0.3873 trainAccuracy: 0.9961 delta: -0.0039
epoch: 40 validAccuracy: 0.402 trainAccuracy: 0.999 delta: 0.0108
epoch: 41 validAccuracy: 0.3961 trainAccuracy: 1.0 delta: -0.0059
epoch: 42 validAccuracy: 0.398 trainAccuracy: 1.0 delta: -0.004
epoch: 43 validAccuracy: 0.4 trainAccuracy: 0.999 delta: -0.002
epoch: 44 validAccuracy: 0.402 trainAccuracy: 1.0 delta: 0.0
epoch: 45 validAccuracy: 0.398 trainAccuracy: 1.0 delta: -0.004
epoch: 46 validAccuracy: 0.398 trainAccuracy: 1.0 delta: -0.004
epoch: 47 validAccuracy: 0.3951 trainAccuracy: 1.0 delta: -0.0069
epoch: 48 validAccuracy: 0.3951 trainAccuracy: 1.0 delta: -0.0069
epoch: 49 validAccuracy: 0.3941 trainAccuracy: 1.0 delta: -0.0079
epoch: 50 validAccuracy: 0.3961 trainAccuracy: 1.0 delta: -0.0059
epoch: 51 validAccuracy: 0.3961 trainAccuracy: 1.0 delta: -0.0059
epoch: 52 validAccuracy: 0.3951 trainAccuracy: 1.0 delta: -0.0069
epoch: 53 validAccuracy: 0.3941 trainAccuracy: 1.0 delta: -0.0079
epoch: 54 validAccuracy: 0.3961 trainAccuracy: 1.0 delta: -0.0059
epoch: 55 validAccuracy: 0.402 trainAccuracy: 1.0 delta: 0.0
epoch: 56 validAccuracy: 0.398 trainAccuracy: 1.0 delta: -0.004
epoch: 57 validAccuracy: 0.3961 trainAccuracy: 1.0 delta: -0.0059
epoch: 58 validAccuracy: 0.3951 trainAccuracy: 1.0 delta: -0.0069
epoch: 59 validAccuracy: 0.3971 trainAccuracy: 1.0 delta: -0.0049
epoch: 60 validAccuracy: 0.398 trainAccuracy: 1.0 delta: -0.004
epoch: 61 validAccuracy: 0.3951 trainAccuracy: 1.0 delta: -0.0069
epoch: 62 validAccuracy: 0.3804 trainAccuracy: 1.0 delta: -0.0216
epoch: 63 validAccuracy: 0.298 trainAccuracy: 0.8186 delta: -0.104
epoch: 64 validAccuracy: 0.3206 trainAccuracy: 0.7186 delta: -0.0814
epoch: 65 validAccuracy: 0.3353 trainAccuracy: 0.8588 delta: -0.0667
epoch: 66 validAccuracy: 0.3471 trainAccuracy: 0.9343 delta: -0.0549
epoch: 67 validAccuracy: 0.3627 trainAccuracy: 0.9706 delta: -0.0393
epoch: 68 validAccuracy: 0.3794 trainAccuracy: 0.9912 delta: -0.0226
epoch: 69 validAccuracy: 0.3775 trainAccuracy: 0.9922 delta: -0.0245
epoch: 70 validAccuracy: 0.3784 trainAccuracy: 1.0 delta: -0.0236
epoch: 71 validAccuracy: 0.3824 trainAccuracy: 1.0 delta: -0.0196
epoch: 72 validAccuracy: 0.3833 trainAccuracy: 1.0 delta: -0.0187
epoch: 73 validAccuracy: 0.3814 trainAccuracy: 1.0 delta: -0.0206
epoch: 74 validAccuracy: 0.3814 trainAccuracy: 1.0 delta: -0.0206
epoch: 75 validAccuracy: 0.3794 trainAccuracy: 1.0 delta: -0.0226
epoch: 76 validAccuracy: 0.3824 trainAccuracy: 1.0 delta: -0.0196
epoch: 77 validAccuracy: 0.3824 trainAccuracy: 1.0 delta: -0.0196
epoch: 78 validAccuracy: 0.3833 trainAccuracy: 1.0 delta: -0.0187
epoch: 79 validAccuracy: 0.3843 trainAccuracy: 1.0 delta: -0.0177
epoch: 80 validAccuracy: 0.3853 trainAccuracy: 1.0 delta: -0.0167
epoch: 81 validAccuracy: 0.3853 trainAccuracy: 1.0 delta: -0.0167
epoch: 82 validAccuracy: 0.3863 trainAccuracy: 1.0 delta: -0.0157
epoch: 83 validAccuracy: 0.3892 trainAccuracy: 1.0 delta: -0.0128
epoch: 84 validAccuracy: 0.3863 trainAccuracy: 1.0 delta: -0.0157
epoch: 85 validAccuracy: 0.3853 trainAccuracy: 1.0 delta: -0.0167
epoch: 86 validAccuracy: 0.3882 trainAccuracy: 1.0 delta: -0.0138
epoch: 87 validAccuracy: 0.3814 trainAccuracy: 1.0 delta: -0.0206
epoch: 88 validAccuracy: 0.3598 trainAccuracy: 0.999 delta: -0.0422
epoch: 89 validAccuracy: 0.3225 trainAccuracy: 0.898 delta: -0.0795
epoch: 90 validAccuracy: 0.3265 trainAccuracy: 0.752 delta: -0.0755
==========================================================================================
validAccuracy 0.402 bestEpoch 40 testAccuracy 0.2992 stopEpoch 90
==========================================================================================
