[38;5;2m[i 0319 07:59:22.255871 72 compiler.py:944] Jittor(1.3.1.48) src: /root/miniconda3/envs/jittor-fepoch: 0 validAccuracy: 0.0637 trainAccuracy: 0.0216 delta: 0.0637
epoch: 1 validAccuracy: 0.0882 trainAccuracy: 0.0549 delta: 0.0245
epoch: 2 validAccuracy: 0.0931 trainAccuracy: 0.0843 delta: 0.0049
epoch: 3 validAccuracy: 0.1284 trainAccuracy: 0.1098 delta: 0.0353
epoch: 4 validAccuracy: 0.1569 trainAccuracy: 0.1451 delta: 0.0285
epoch: 5 validAccuracy: 0.1843 trainAccuracy: 0.198 delta: 0.0274
epoch: 6 validAccuracy: 0.2147 trainAccuracy: 0.2353 delta: 0.0304
epoch: 7 validAccuracy: 0.2245 trainAccuracy: 0.2863 delta: 0.0098
epoch: 8 validAccuracy: 0.2225 trainAccuracy: 0.2971 delta: -0.002
m[i 0319 07:59:22.626038 72 __init__.py:191] Total mem: 219.71GB, using 16 procs for compiling.[m
[38;5;2m[i 0319 07:59:22.744018 72 jit_compiler.cc:27] Load cc_path: /usr/bin/g++[m
[38;5;2m[i 0319 07:59:22.995502 72 init.cc:62] Found cuda archs: [61,][m
[38;5;2m[i 0319 07:59:23.154588 72 __init__.py:376] Found mpicc(2.1.1) at /usr/bin/mpicc.[m
[38;5;2m[i 0319 07:59:23.259503 72 compile_extern.py:29] found /usr/include/cublas.h[m
[38;5;2m[i 0319 07:59:23.266623 72 compile_extern.py:29] found /usr/lib/x86_64-linux-gnu/libcublas.so[m
[38;5;2m[i 0319 07:59:23.266829 72 compile_extern.py:29] found /usr/lib/x86_64-linux-gnu/libcublasLt.so.10[m
[38;5;2m[i 0319 07:59:23.536636 72 compile_extern.py:29] found /usr/include/cudnn.h[m
[38;5;2m[i 0319 07:59:23.546666 72 compile_extern.py:29] found /usr/lib/x86_64-linux-gnu/libcudnn.so[m
[38;5;2m[i 0319 07:59:24.496503 72 compile_extern.py:29] found /usr/local/cuda/include/curand.h[m
[38;5;2m[i 0319 07:59:24.533698 72 compile_extern.py:29] found /usr/local/cuda/lib64/libcurand.so[m
[38;5;2m[i 0319 07:59:24.619477 72 cuda_flags.cc:32] CUDA enabled.[m
[38;5;2m[i 0319 07:59:24.639408 72 dataset.py:629] Found 102 classes and 1020 images.[m
[38;5;2m[i 0319 07:59:24.644951 72 dataset.py:629] Found 102 classes and 1020 images.[m
[38;5;2m[i 0319 07:59:24.669092 72 dataset.py:629] Found 102 classes and 6149 images.[m
----------------- A new trial ---------------------
modelName MLPMixer learning rate: 2.3e-05 epochs 200
epoch: 0 validAccuracy: 0.0637 trainAccuracy: 0.0216 delta: 0.0637
epoch: 1 validAccuracy: 0.0882 trainAccuracy: 0.0549 delta: 0.0245
epoch: 2 validAccuracy: 0.0931 trainAccuracy: 0.0843 delta: 0.0049
epoch: 3 validAccuracy: 0.1284 trainAccuracy: 0.1098 delta: 0.0353
epoch: 4 validAccuracy: 0.1569 trainAccuracy: 0.1451 delta: 0.0285
epoch: 5 validAccuracy: 0.1843 trainAccuracy: 0.198 delta: 0.0274
epoch: 6 validAccuracy: 0.2147 trainAccuracy: 0.2353 delta: 0.0304
epoch: 7 validAccuracy: 0.2245 trainAccuracy: 0.2863 delta: 0.0098
epoch: 8 validAccuracy: 0.2225 trainAccuracy: 0.2971 delta: -0.002
epoch: 9 validAccuracy: 0.251 trainAccuracy: 0.3549 delta: 0.0265
epoch: 10 validAccuracy: 0.2784 trainAccuracy: 0.3922 delta: 0.0274
epoch: 11 validAccuracy: 0.2676 trainAccuracy: 0.4402 delta: -0.0108
epoch: 12 validAccuracy: 0.2833 trainAccuracy: 0.4422 delta: 0.0049
epoch: 13 validAccuracy: 0.2951 trainAccuracy: 0.4794 delta: 0.0118
epoch: 14 validAccuracy: 0.2863 trainAccuracy: 0.4971 delta: -0.0088
epoch: 15 validAccuracy: 0.3049 trainAccuracy: 0.5265 delta: 0.0098
epoch: 16 validAccuracy: 0.3029 trainAccuracy: 0.5373 delta: -0.002
