[38;5;2m[i 0326 22:19:19.794910 48 compiler.py:944] Jittor(1.3.1.48) src: /root/miniconda3/envs/jittor-fanxiaoyu/lib/python3.9/site-packages/jittor[m
[38;5;2m[i 0326 22:19:19.798038 48 compiler.py:945] g++ at /usr/bin/g++(9.4.0)[m
[38;5;2m[i 0326 22:19:19.798142 48 compiler.py:946] cache_path: /root/.cache/jittor/jt1.3.1/g++9.4.0/py3.9.7/Linux-5.4.0-96xb0/IntelRXeonRCPUx84/default[m
[38;5;2m[i 0326 22:19:19.801598 48 __init__.py:376] Found /usr/local/cuda/bin/nvcc(10.2.89) at /usr/local/cuda/bin/nvcc.[m
[38;5;2m[i 0326 22:19:19.805028 48 __init__.py:376] Found addr2line(2.34) at /usr/bin/addr2line.[m
[38;5;2m[i 0326 22:19:19.921315 48 compiler.py:999] cuda key:cu10.2.89_sm_61[m
[38;5;2m[i 0326 22:19:20.103402 48 __init__.py:191] Total mem: 219.71GB, using 16 procs for compiling.[m
[38;5;2m[i 0326 22:19:20.216534 48 jit_compiler.cc:27] Load cc_path: /usr/bin/g++[m
[38;5;2m[i 0326 22:19:20.497433 48 init.cc:62] Found cuda archs: [61,][m
[38;5;2m[i 0326 22:19:20.660285 48 __init__.py:376] Found mpicc(4.0.3) at /usr/bin/mpicc.[m
[38;5;2m[i 0326 22:19:20.772107 48 compile_extern.py:29] found /usr/local/cuda/include/cublas.h[m
[38;5;2m[i 0326 22:19:20.780082 48 compile_extern.py:29] found /usr/local/cuda/lib64/libcublas.so[m
[38;5;2m[i 0326 22:19:20.780240 48 compile_extern.py:29] found /usr/local/cuda/lib64/libcublasLt.so.10[m
[38;5;2m[i 0326 22:19:21.310760 48 compile_extern.py:29] found /usr/include/cudnn.h[m
[38;5;2m[i 0326 22:19:21.321413 48 compile_extern.py:29] found /usr/lib/x86_64-linux-gnu/libcudnn.so[m
[38;5;2m[i 0326 22:19:22.487277 48 compile_extern.py:29] found /usr/local/cuda/include/curand.h[m
[38;5;2m[i 0326 22:19:22.509847 48 compile_extern.py:29] found /usr/local/cuda/lib64/libcurand.so[m
[38;5;2m[i 0326 22:19:22.581379 48 cuda_flags.cc:32] CUDA enabled.[m
[38;5;2m[i 0326 22:19:23.430967 48 dataset.py:629] Found 102 classes and 1020 images.[m
[38;5;2m[i 0326 22:19:23.436455 48 dataset.py:629] Found 102 classes and 1020 images.[m
[38;5;2m[i 0326 22:19:23.460378 48 dataset.py:629] Found 102 classes and 6149 images.[m
----------------- A new trial ---------------------
modelName ViT learning rate: 5e-05 epochs 200
epoch: 0 validAccuracy: 0.1559 trainAccuracy: 0.0598 delta: 0.1559
epoch: 1 validAccuracy: 0.2461 trainAccuracy: 0.2343 delta: 0.0902
epoch: 2 validAccuracy: 0.2775 trainAccuracy: 0.3618 delta: 0.0314
epoch: 3 validAccuracy: 0.3157 trainAccuracy: 0.4912 delta: 0.0382
epoch: 4 validAccuracy: 0.3745 trainAccuracy: 0.5784 delta: 0.0588
epoch: 5 validAccuracy: 0.3559 trainAccuracy: 0.6912 delta: -0.0186
epoch: 6 validAccuracy: 0.3892 trainAccuracy: 0.7892 delta: 0.0147
epoch: 7 validAccuracy: 0.3922 trainAccuracy: 0.8559 delta: 0.003
epoch: 8 validAccuracy: 0.4216 trainAccuracy: 0.9235 delta: 0.0294
epoch: 9 validAccuracy: 0.3853 trainAccuracy: 0.9549 delta: -0.0363
epoch: 10 validAccuracy: 0.4167 trainAccuracy: 0.9853 delta: -0.0049
epoch: 11 validAccuracy: 0.4059 trainAccuracy: 0.9922 delta: -0.0157
epoch: 12 validAccuracy: 0.4265 trainAccuracy: 0.9951 delta: 0.0049
epoch: 13 validAccuracy: 0.4225 trainAccuracy: 0.9961 delta: -0.004
epoch: 14 validAccuracy: 0.4137 trainAccuracy: 1.0 delta: -0.0128
epoch: 15 validAccuracy: 0.4225 trainAccuracy: 0.999 delta: -0.004
epoch: 16 validAccuracy: 0.4314 trainAccuracy: 0.999 delta: 0.0049
epoch: 17 validAccuracy: 0.4275 trainAccuracy: 0.998 delta: -0.0039
epoch: 18 validAccuracy: 0.4333 trainAccuracy: 1.0 delta: 0.0019
epoch: 19 validAccuracy: 0.4216 trainAccuracy: 0.998 delta: -0.0117
epoch: 20 validAccuracy: 0.4294 trainAccuracy: 1.0 delta: -0.0039
