[38;5;2m[i 0327 12:44:36.774973 96 compiler.py:944] Jittor(1.3.1.48) src: /root/miniconda3/envs/jittor-fanxiaoyu/lib/python3.9/site-packages/jittor[m
[38;5;2m[i 0327 12:44:36.778107 96 compiler.py:945] g++ at /usr/bin/g++(9.4.0)[m
[38;5;2m[i 0327 12:44:36.778212 96 compiler.py:946] cache_path: /root/.cache/jittor/jt1.3.1/g++9.4.0/py3.9.7/Linux-5.4.0-96xb0/IntelRXeonRCPUx84/default[m
[38;5;2m[i 0327 12:44:36.781752 96 __init__.py:376] Found /usr/local/cuda/bin/nvcc(10.2.89) at /usr/local/cuda/bin/nvcc.[m
[38;5;2m[i 0327 12:44:36.785375 96 __init__.py:376] Found addr2line(2.34) at /usr/bin/addr2line.[m
[38;5;2m[i 0327 12:44:36.908396 96 compiler.py:999] cuda key:cu10.2.89_sm_61[m
[38;5;2m[i 0327 12:44:37.090203 96 __init__.py:191] Total mem: 219.71GB, using 16 procs for compiling.[m
[38;5;2m[i 0327 12:44:37.208327 96 jit_compiler.cc:27] Load cc_path: /usr/bin/g++[m
[38;5;2m[i 0327 12:44:37.472070 96 init.cc:62] Found cuda archs: [61,][m
[38;5;2m[i 0327 12:44:37.657840 96 __init__.py:376] Found mpicc(4.0.3) at /usr/bin/mpicc.[m
[38;5;2m[i 0327 12:44:37.760245 96 compile_extern.py:29] found /usr/local/cuda/include/cublas.h[m
[38;5;2m[i 0327 12:44:37.766422 96 compile_extern.py:29] found /usr/local/cuda/lib64/libcublas.so[m
[38;5;2m[i 0327 12:44:37.766577 96 compile_extern.py:29] found /usr/local/cuda/lib64/libcublasLt.so.10[m
[38;5;2m[i 0327 12:44:37.966328 96 compile_extern.py:29] found /usr/include/cudnn.h[m
[38;5;2m[i 0327 12:44:37.978114 96 compile_extern.py:29] found /usr/lib/x86_64-linux-gnu/libcudnn.so[m
[38;5;2m[i 0327 12:44:38.649981 96 compile_extern.py:29] found /usr/local/cuda/include/curand.h[m
[38;5;2m[i 0327 12:44:38.673885 96 compile_extern.py:29] found /usr/local/cuda/lib64/libcurand.so[m
[38;5;2m[i 0327 12:44:38.752587 96 cuda_flags.cc:32] CUDA enabled.[m
[38;5;2m[i 0327 12:44:39.587100 96 dataset.py:629] Found 102 classes and 1020 images.[m
[38;5;2m[i 0327 12:44:39.592775 96 dataset.py:629] Found 102 classes and 1020 images.[m
[38;5;2m[i 0327 12:44:39.617272 96 dataset.py:629] Found 102 classes and 6149 images.[m
----------------- A new trial ---------------------
modelName ViT learning rate: 5e-05 epochs 200 etaMin 1e-05 savedName finetuned_4_1.pkl
epoch: 0 validAccuracy: 0.1029 trainAccuracy: 0.0245 delta: 0.1029

Compiling Operators(8/9) used: 4.31s eta: 0.539s Compiling Operators(9/9) used: 5.31s eta:    0s 
epoch: 1 validAccuracy: 0.2294 trainAccuracy: 0.1608 delta: 0.1265
epoch: 2 validAccuracy: 0.2559 trainAccuracy: 0.3049 delta: 0.0265
epoch: 3 validAccuracy: 0.3461 trainAccuracy: 0.45 delta: 0.0902
epoch: 4 validAccuracy: 0.3539 trainAccuracy: 0.5559 delta: 0.0078
epoch: 5 validAccuracy: 0.3853 trainAccuracy: 0.6696 delta: 0.0314
epoch: 6 validAccuracy: 0.3814 trainAccuracy: 0.7598 delta: -0.0039
epoch: 7 validAccuracy: 0.3912 trainAccuracy: 0.8225 delta: 0.0059
epoch: 8 validAccuracy: 0.401 trainAccuracy: 0.8922 delta: 0.0098
epoch: 9 validAccuracy: 0.4 trainAccuracy: 0.952 delta: -0.001
epoch: 10 validAccuracy: 0.4186 trainAccuracy: 0.9647 delta: 0.0176
epoch: 11 validAccuracy: 0.4127 trainAccuracy: 0.9863 delta: -0.0059
epoch: 12 validAccuracy: 0.4206 trainAccuracy: 0.9853 delta: 0.002
epoch: 13 validAccuracy: 0.4245 trainAccuracy: 0.9971 delta: 0.0039
epoch: 14 validAccuracy: 0.4196 trainAccuracy: 0.9931 delta: -0.0049
epoch: 15 validAccuracy: 0.4216 trainAccuracy: 0.9951 delta: -0.0029
epoch: 16 validAccuracy: 0.4255 trainAccuracy: 0.999 delta: 0.001
epoch: 17 validAccuracy: 0.4294 trainAccuracy: 0.9971 delta: 0.0039
epoch: 18 validAccuracy: 0.4255 trainAccuracy: 0.998 delta: -0.0039
epoch: 19 validAccuracy: 0.4275 trainAccuracy: 0.9961 delta: -0.0019
epoch: 20 validAccuracy: 0.4225 trainAccuracy: 0.998 delta: -0.0069
epoch: 21 validAccuracy: 0.4284 trainAccuracy: 0.999 delta: -0.001
epoch: 22 validAccuracy: 0.4245 trainAccuracy: 0.999 delta: -0.0049
epoch: 23 validAccuracy: 0.4157 trainAccuracy: 0.9961 delta: -0.0137
epoch: 24 validAccuracy: 0.4039 trainAccuracy: 0.9922 delta: -0.0255
epoch: 25 validAccuracy: 0.4147 trainAccuracy: 0.9882 delta: -0.0147
epoch: 26 validAccuracy: 0.4039 trainAccuracy: 0.9902 delta: -0.0255
epoch: 27 validAccuracy: 0.4137 trainAccuracy: 0.9843 delta: -0.0157
epoch: 28 validAccuracy: 0.402 trainAccuracy: 0.9794 delta: -0.0274
epoch: 29 validAccuracy: 0.3961 trainAccuracy: 0.9735 delta: -0.0333
epoch: 30 validAccuracy: 0.3882 trainAccuracy: 0.9637 delta: -0.0412
epoch: 31 validAccuracy: 0.3833 trainAccuracy: 0.9667 delta: -0.0461
epoch: 32 validAccuracy: 0.3951 trainAccuracy: 0.9706 delta: -0.0343
epoch: 33 validAccuracy: 0.3804 trainAccuracy: 0.9706 delta: -0.049
epoch: 34 validAccuracy: 0.398 trainAccuracy: 0.9804 delta: -0.0314
epoch: 35 validAccuracy: 0.4118 trainAccuracy: 0.9873 delta: -0.0176
epoch: 36 validAccuracy: 0.4147 trainAccuracy: 0.9843 delta: -0.0147
epoch: 37 validAccuracy: 0.4167 trainAccuracy: 0.9931 delta: -0.0127
epoch: 38 validAccuracy: 0.4196 trainAccuracy: 0.9971 delta: -0.0098
epoch: 39 validAccuracy: 0.4245 trainAccuracy: 1.0 delta: -0.0049
epoch: 40 validAccuracy: 0.4304 trainAccuracy: 1.0 delta: 0.001
epoch: 41 validAccuracy: 0.4275 trainAccuracy: 1.0 delta: -0.0029
epoch: 42 validAccuracy: 0.4245 trainAccuracy: 1.0 delta: -0.0059
epoch: 43 validAccuracy: 0.4255 trainAccuracy: 1.0 delta: -0.0049
epoch: 44 validAccuracy: 0.4206 trainAccuracy: 1.0 delta: -0.0098
epoch: 45 validAccuracy: 0.4235 trainAccuracy: 1.0 delta: -0.0069
epoch: 46 validAccuracy: 0.4216 trainAccuracy: 1.0 delta: -0.0088
epoch: 47 validAccuracy: 0.4186 trainAccuracy: 1.0 delta: -0.0118
epoch: 48 validAccuracy: 0.4225 trainAccuracy: 1.0 delta: -0.0079
epoch: 49 validAccuracy: 0.4176 trainAccuracy: 1.0 delta: -0.0128
epoch: 50 validAccuracy: 0.4235 trainAccuracy: 1.0 delta: -0.0069
epoch: 51 validAccuracy: 0.4206 trainAccuracy: 1.0 delta: -0.0098
epoch: 52 validAccuracy: 0.4196 trainAccuracy: 1.0 delta: -0.0108
epoch: 53 validAccuracy: 0.4206 trainAccuracy: 1.0 delta: -0.0098
epoch: 54 validAccuracy: 0.4225 trainAccuracy: 1.0 delta: -0.0079
epoch: 55 validAccuracy: 0.4176 trainAccuracy: 1.0 delta: -0.0128
epoch: 56 validAccuracy: 0.4157 trainAccuracy: 1.0 delta: -0.0147
epoch: 57 validAccuracy: 0.4167 trainAccuracy: 1.0 delta: -0.0137
epoch: 58 validAccuracy: 0.4157 trainAccuracy: 1.0 delta: -0.0147
epoch: 59 validAccuracy: 0.4108 trainAccuracy: 1.0 delta: -0.0196
epoch: 60 validAccuracy: 0.4098 trainAccuracy: 1.0 delta: -0.0206
epoch: 61 validAccuracy: 0.402 trainAccuracy: 0.9971 delta: -0.0284
epoch: 62 validAccuracy: 0.4157 trainAccuracy: 0.9961 delta: -0.0147
epoch: 63 validAccuracy: 0.4167 trainAccuracy: 0.998 delta: -0.0137
epoch: 64 validAccuracy: 0.4127 trainAccuracy: 0.998 delta: -0.0177
epoch: 65 validAccuracy: 0.4069 trainAccuracy: 0.999 delta: -0.0235
epoch: 66 validAccuracy: 0.4137 trainAccuracy: 0.998 delta: -0.0167
epoch: 67 validAccuracy: 0.4157 trainAccuracy: 0.9961 delta: -0.0147
epoch: 68 validAccuracy: 0.4186 trainAccuracy: 0.999 delta: -0.0118
epoch: 69 validAccuracy: 0.4255 trainAccuracy: 0.998 delta: -0.0049
epoch: 70 validAccuracy: 0.4225 trainAccuracy: 0.999 delta: -0.0079
epoch: 71 validAccuracy: 0.4216 trainAccuracy: 1.0 delta: -0.0088
epoch: 72 validAccuracy: 0.4235 trainAccuracy: 1.0 delta: -0.0069
epoch: 73 validAccuracy: 0.4176 trainAccuracy: 1.0 delta: -0.0128
epoch: 74 validAccuracy: 0.4176 trainAccuracy: 1.0 delta: -0.0128
epoch: 75 validAccuracy: 0.4206 trainAccuracy: 1.0 delta: -0.0098
epoch: 76 validAccuracy: 0.4186 trainAccuracy: 1.0 delta: -0.0118
epoch: 77 validAccuracy: 0.4216 trainAccuracy: 1.0 delta: -0.0088
epoch: 78 validAccuracy: 0.4137 trainAccuracy: 1.0 delta: -0.0167
epoch: 79 validAccuracy: 0.4245 trainAccuracy: 1.0 delta: -0.0059
epoch: 80 validAccuracy: 0.4206 trainAccuracy: 1.0 delta: -0.0098
epoch: 81 validAccuracy: 0.4167 trainAccuracy: 1.0 delta: -0.0137
epoch: 82 validAccuracy: 0.4167 trainAccuracy: 1.0 delta: -0.0137
