[38;5;2m[i 0326 17:07:57.725016 16 compiler.py:944] Jittor(1.3.1.48) src: /root/miniconda3/envs/jittor-fanxiaoyu/lib/python3.9/site-packages/jittor[m
[38;5;2m[i 0326 17:07:57.728134 16 compiler.py:945] g++ at /usr/bin/g++(9.4.0)[m
[38;5;2m[i 0326 17:07:57.728249 16 compiler.py:946] cache_path: /root/.cache/jittor/jt1.3.1/g++9.4.0/py3.9.7/Linux-5.4.0-96xb0/IntelRXeonRCPUx84/default[m
[38;5;2m[i 0326 17:07:57.731830 16 __init__.py:376] Found /usr/local/cuda/bin/nvcc(10.2.89) at /usr/local/cuda/bin/nvcc.[m
[38;5;2m[i 0326 17:07:57.735511 16 __init__.py:376] Found addr2line(2.34) at /usr/bin/addr2line.[m
[38;5;2m[i 0326 17:07:57.853945 16 compiler.py:999] cuda key:cu10.2.89_sm_61[m
[38;5;2m[i 0326 17:07:58.058087 16 __init__.py:191] Total mem: 219.71GB, using 16 procs for compiling.[m
[38;5;2m[i 0326 17:07:58.173867 16 jit_compiler.cc:27] Load cc_path: /usr/bin/g++[m
[38;5;2m[i 0326 17:07:58.453980 16 init.cc:62] Found cuda archs: [61,][m
[38;5;2m[i 0326 17:07:58.598609 16 __init__.py:376] Found mpicc(4.0.3) at /usr/bin/mpicc.[m
[38;5;2m[i 0326 17:07:58.718544 16 compile_extern.py:29] found /usr/local/cuda/include/cublas.h[m
[38;5;2m[i 0326 17:07:58.728981 16 compile_extern.py:29] found /usr/local/cuda/lib64/libcublas.so[m
[38;5;2m[i 0326 17:07:58.729130 16 compile_extern.py:29] found /usr/local/cuda/lib64/libcublasLt.so.10[m
[38;5;2m[i 0326 17:07:58.924835 16 compile_extern.py:29] found /usr/include/cudnn.h[m
[38;5;2m[i 0326 17:07:58.948121 16 compile_extern.py:29] found /usr/lib/x86_64-linux-gnu/libcudnn.so[m
[38;5;2m[i 0326 17:07:59.607115 16 compile_extern.py:29] found /usr/local/cuda/include/curand.h[m
[38;5;2m[i 0326 17:07:59.656180 16 compile_extern.py:29] found /usr/local/cuda/lib64/libcurand.so[m
[38;5;2m[i 0326 17:07:59.730722 16 cuda_flags.cc:32] CUDA enabled.[m
[38;5;2m[i 0326 17:07:59.764782 16 dataset.py:629] Found 1020 classes and 1020 images.[m
[38;5;2m[i 0326 17:07:59.770167 16 dataset.py:629] Found 102 classes and 1020 images.[m
[38;5;2m[i 0326 17:07:59.793768 16 dataset.py:629] Found 102 classes and 6149 images.[m
----------------- A new trial ---------------------
modelName ViT learning rate: 5e-05 epochs 800
epoch: 0 trainAccuracy: 0.0 delta: 0.0

Compiling Operators(10/10) used: 5.31s eta:    0s 

Compiling Operators(2/2) used: 4.31s eta:    0s 

Compiling Operators(1/1) used: 3.99s eta:    0s 

Compiling Operators(2/2) used: 4.31s eta:    0s 
epoch: 1 trainAccuracy: 0.0098 delta: 0.0098
epoch: 2 trainAccuracy: 0.0108 delta: 0.001
epoch: 3 trainAccuracy: 0.0216 delta: 0.0108
epoch: 4 trainAccuracy: 0.0343 delta: 0.0127
epoch: 5 trainAccuracy: 0.048 delta: 0.0137
epoch: 6 trainAccuracy: 0.0588 delta: 0.0108
epoch: 7 trainAccuracy: 0.1039 delta: 0.0451
epoch: 8 trainAccuracy: 0.1235 delta: 0.0196
epoch: 9 trainAccuracy: 0.1569 delta: 0.0334
epoch: 10 trainAccuracy: 0.1941 delta: 0.0372
epoch: 11 trainAccuracy: 0.2294 delta: 0.0353
epoch: 12 trainAccuracy: 0.2814 delta: 0.052
epoch: 13 trainAccuracy: 0.3118 delta: 0.0304
epoch: 14 trainAccuracy: 0.3333 delta: 0.0215
epoch: 15 trainAccuracy: 0.3657 delta: 0.0324
epoch: 16 trainAccuracy: 0.3941 delta: 0.0284
epoch: 17 trainAccuracy: 0.4333 delta: 0.0392
epoch: 18 trainAccuracy: 0.4353 delta: 0.002
epoch: 19 trainAccuracy: 0.4765 delta: 0.0412
epoch: 20 trainAccuracy: 0.4755 delta: -0.001
epoch: 21 trainAccuracy: 0.5206 delta: 0.0441
epoch: 22 trainAccuracy: 0.5451 delta: 0.0245
epoch: 23 trainAccuracy: 0.5853 delta: 0.0402
epoch: 24 trainAccuracy: 0.5961 delta: 0.0108
epoch: 25 trainAccuracy: 0.6363 delta: 0.0402
epoch: 26 trainAccuracy: 0.6618 delta: 0.0255
epoch: 27 trainAccuracy: 0.6814 delta: 0.0196
epoch: 28 trainAccuracy: 0.7186 delta: 0.0372
epoch: 29 trainAccuracy: 0.7667 delta: 0.0481
epoch: 30 trainAccuracy: 0.7824 delta: 0.0157
epoch: 31 trainAccuracy: 0.8127 delta: 0.0303
epoch: 32 trainAccuracy: 0.8578 delta: 0.0451
epoch: 33 trainAccuracy: 0.8725 delta: 0.0147
epoch: 34 trainAccuracy: 0.8931 delta: 0.0206
epoch: 35 trainAccuracy: 0.9147 delta: 0.0216
epoch: 36 trainAccuracy: 0.9353 delta: 0.0206
epoch: 37 trainAccuracy: 0.9412 delta: 0.0059
epoch: 38 trainAccuracy: 0.9471 delta: 0.0059
epoch: 39 trainAccuracy: 0.9676 delta: 0.0205
epoch: 40 trainAccuracy: 0.9559 delta: -0.0117
epoch: 41 trainAccuracy: 0.9667 delta: -0.0009
epoch: 42 trainAccuracy: 0.9745 delta: 0.0069
epoch: 43 trainAccuracy: 0.9784 delta: 0.0039
epoch: 44 trainAccuracy: 0.9794 delta: 0.001
epoch: 45 trainAccuracy: 0.9765 delta: -0.0029
epoch: 46 trainAccuracy: 0.9804 delta: 0.001
epoch: 47 trainAccuracy: 0.9833 delta: 0.0029
epoch: 48 trainAccuracy: 0.9824 delta: -0.0009
epoch: 49 trainAccuracy: 0.9853 delta: 0.002
epoch: 50 trainAccuracy: 0.9824 delta: -0.0029
epoch: 51 trainAccuracy: 0.9804 delta: -0.0049
epoch: 52 trainAccuracy: 0.9804 delta: -0.0049
epoch: 53 trainAccuracy: 0.9863 delta: 0.001
epoch: 54 trainAccuracy: 0.9794 delta: -0.0069
epoch: 55 trainAccuracy: 0.9725 delta: -0.0138
epoch: 56 trainAccuracy: 0.9814 delta: -0.0049
epoch: 57 trainAccuracy: 0.9755 delta: -0.0108
epoch: 58 trainAccuracy: 0.9794 delta: -0.0069
epoch: 59 trainAccuracy: 0.9775 delta: -0.0088
epoch: 60 trainAccuracy: 0.9814 delta: -0.0049
epoch: 61 trainAccuracy: 0.9784 delta: -0.0079
epoch: 62 trainAccuracy: 0.9814 delta: -0.0049
epoch: 63 trainAccuracy: 0.9902 delta: 0.0039
epoch: 64 trainAccuracy: 0.9863 delta: -0.0039
epoch: 65 trainAccuracy: 0.9882 delta: -0.002
epoch: 66 trainAccuracy: 0.9912 delta: 0.001
epoch: 67 trainAccuracy: 0.9882 delta: -0.003
epoch: 68 trainAccuracy: 0.9961 delta: 0.0049
epoch: 69 trainAccuracy: 0.9951 delta: -0.001
epoch: 70 trainAccuracy: 0.9971 delta: 0.001
epoch: 71 trainAccuracy: 0.9961 delta: -0.001
epoch: 72 trainAccuracy: 0.9971 delta: 0.0
epoch: 73 trainAccuracy: 0.9941 delta: -0.003
epoch: 74 trainAccuracy: 0.9971 delta: 0.0
epoch: 75 trainAccuracy: 0.9971 delta: 0.0
epoch: 76 trainAccuracy: 0.9971 delta: 0.0
epoch: 77 trainAccuracy: 0.998 delta: 0.0009
epoch: 78 trainAccuracy: 0.999 delta: 0.001
epoch: 79 trainAccuracy: 0.999 delta: 0.0
epoch: 80 trainAccuracy: 0.9951 delta: -0.0039
epoch: 81 trainAccuracy: 0.9961 delta: -0.0029
epoch: 82 trainAccuracy: 0.9951 delta: -0.0039
epoch: 83 trainAccuracy: 0.9961 delta: -0.0029
epoch: 84 trainAccuracy: 0.9922 delta: -0.0068
epoch: 85 trainAccuracy: 0.9931 delta: -0.0059
epoch: 86 trainAccuracy: 0.9931 delta: -0.0059
epoch: 87 trainAccuracy: 0.9951 delta: -0.0039
epoch: 88 trainAccuracy: 0.9892 delta: -0.0098
epoch: 89 trainAccuracy: 0.9931 delta: -0.0059
epoch: 90 trainAccuracy: 0.9951 delta: -0.0039
epoch: 91 trainAccuracy: 0.9902 delta: -0.0088
epoch: 92 trainAccuracy: 0.9971 delta: -0.0019
epoch: 93 trainAccuracy: 0.9882 delta: -0.0108
epoch: 94 trainAccuracy: 0.9912 delta: -0.0078
epoch: 95 trainAccuracy: 0.9961 delta: -0.0029
epoch: 96 trainAccuracy: 0.9951 delta: -0.0039
epoch: 97 trainAccuracy: 0.9912 delta: -0.0078
epoch: 98 trainAccuracy: 0.9941 delta: -0.0049
epoch: 99 trainAccuracy: 0.9961 delta: -0.0029
epoch: 100 trainAccuracy: 0.9922 delta: -0.0068
epoch: 101 trainAccuracy: 0.9951 delta: -0.0039
epoch: 102 trainAccuracy: 0.9941 delta: -0.0049
epoch: 103 trainAccuracy: 0.998 delta: -0.001
epoch: 104 trainAccuracy: 0.999 delta: 0.0
epoch: 105 trainAccuracy: 0.9971 delta: -0.0019
epoch: 106 trainAccuracy: 0.998 delta: -0.001
epoch: 107 trainAccuracy: 0.998 delta: -0.001
epoch: 108 trainAccuracy: 0.9971 delta: -0.0019
epoch: 109 trainAccuracy: 0.998 delta: -0.001
epoch: 110 trainAccuracy: 0.9971 delta: -0.0019
epoch: 111 trainAccuracy: 0.998 delta: -0.001
epoch: 112 trainAccuracy: 0.9951 delta: -0.0039
epoch: 113 trainAccuracy: 0.9971 delta: -0.0019
epoch: 114 trainAccuracy: 0.9961 delta: -0.0029
epoch: 115 trainAccuracy: 0.9931 delta: -0.0059
epoch: 116 trainAccuracy: 0.9951 delta: -0.0039
epoch: 117 trainAccuracy: 0.9961 delta: -0.0029
epoch: 118 trainAccuracy: 0.9912 delta: -0.0078
epoch: 119 trainAccuracy: 0.9951 delta: -0.0039
epoch: 120 trainAccuracy: 0.9922 delta: -0.0068
epoch: 121 trainAccuracy: 0.9892 delta: -0.0098
epoch: 122 trainAccuracy: 0.9853 delta: -0.0137
epoch: 123 trainAccuracy: 0.9902 delta: -0.0088
epoch: 124 trainAccuracy: 0.9882 delta: -0.0108
epoch: 125 trainAccuracy: 0.9951 delta: -0.0039
epoch: 126 trainAccuracy: 0.9961 delta: -0.0029
epoch: 127 trainAccuracy: 0.9961 delta: -0.0029
epoch: 128 trainAccuracy: 0.9971 delta: -0.0019
epoch: 129 trainAccuracy: 0.9971 delta: -0.0019
epoch: 130 trainAccuracy: 0.9971 delta: -0.0019
epoch: 131 trainAccuracy: 0.9961 delta: -0.0029
epoch: 132 trainAccuracy: 0.9961 delta: -0.0029
epoch: 133 trainAccuracy: 0.9971 delta: -0.0019
epoch: 134 trainAccuracy: 1.0 delta: 0.001
epoch: 135 trainAccuracy: 1.0 delta: 0.0
epoch: 136 trainAccuracy: 0.999 delta: -0.001
epoch: 137 trainAccuracy: 1.0 delta: 0.0
epoch: 138 trainAccuracy: 0.998 delta: -0.002
epoch: 139 trainAccuracy: 1.0 delta: 0.0
epoch: 140 trainAccuracy: 1.0 delta: 0.0
epoch: 141 trainAccuracy: 0.998 delta: -0.002
