batch size=16
[38;5;2m[i 0326 23:20:34.757757 52 compiler.py:944] Jittor(1.3.1.48) src: /root/miniconda3/envs/jittor-fanxiaoyu/lib/python3.9/site-packages/jittor[m
[38;5;2m[i 0326 23:20:34.762262 52 compiler.py:945] g++ at /usr/bin/g++(9.4.0)[m
[38;5;2m[i 0326 23:20:34.762382 52 compiler.py:946] cache_path: /root/.cache/jittor/jt1.3.1/g++9.4.0/py3.9.7/Linux-5.4.0-96xb0/IntelRXeonRCPUx84/default[m
[38;5;2m[i 0326 23:20:34.766828 52 __init__.py:376] Found /usr/local/cuda/bin/nvcc(10.2.89) at /usr/local/cuda/bin/nvcc.[m
[38;5;2m[i 0326 23:20:34.770674 52 __init__.py:376] Found addr2line(2.34) at /usr/bin/addr2line.[m
[38;5;2m[i 0326 23:20:34.892520 52 compiler.py:999] cuda key:cu10.2.89_sm_61[m
[38;5;2m[i 0326 23:20:35.105437 52 __init__.py:191] Total mem: 219.71GB, using 16 procs for compiling.[m
[38;5;2m[i 0326 23:20:35.231949 52 jit_compiler.cc:27] Load cc_path: /usr/bin/g++[m
[38;5;2m[i 0326 23:20:35.691226 52 init.cc:62] Found cuda archs: [61,][m
[38;5;2m[i 0326 23:20:35.898796 52 __init__.py:376] Found mpicc(4.0.3) at /usr/bin/mpicc.[m
[38;5;2m[i 0326 23:20:36.040064 52 compile_extern.py:29] found /usr/local/cuda/include/cublas.h[m
[38;5;2m[i 0326 23:20:36.049087 52 compile_extern.py:29] found /usr/local/cuda/lib64/libcublas.so[m
[38;5;2m[i 0326 23:20:36.049332 52 compile_extern.py:29] found /usr/local/cuda/lib64/libcublasLt.so.10[m
[38;5;2m[i 0326 23:20:36.513820 52 compile_extern.py:29] found /usr/include/cudnn.h[m
[38;5;2m[i 0326 23:20:36.529264 52 compile_extern.py:29] found /usr/lib/x86_64-linux-gnu/libcudnn.so[m
[38;5;2m[i 0326 23:20:39.118999 52 compile_extern.py:29] found /usr/local/cuda/include/curand.h[m
[38;5;2m[i 0326 23:20:39.149358 52 compile_extern.py:29] found /usr/local/cuda/lib64/libcurand.so[m
[38;5;2m[i 0326 23:20:39.280323 52 cuda_flags.cc:32] CUDA enabled.[m
[38;5;2m[i 0326 23:20:40.425304 52 dataset.py:629] Found 102 classes and 1020 images.[m
[38;5;2m[i 0326 23:20:40.430849 52 dataset.py:629] Found 102 classes and 1020 images.[m
[38;5;2m[i 0326 23:20:40.455317 52 dataset.py:629] Found 102 classes and 6149 images.[m
----------------- A new trial ---------------------
modelName ViT learning rate: 5e-05 epochs 200
epoch: 0 validAccuracy: 0.1588 trainAccuracy: 0.0471 delta: 0.1588
epoch: 1 validAccuracy: 0.2304 trainAccuracy: 0.1667 epoch: 2 validAccuracy: 0.2451 trainAccuracy: 0.2431 delta: 0.0147
epoch: 3 validAccuracy: 0.2931 trainAccuracy: 0.3039 delta: 0.048
epoch: 4 validAccuracy: 0.3431 trainAccuracy: 0.3804 delta: 0.05
epoch: 5 validAccuracy: 0.3275 trainAccuracy: 0.4196 delta: -0.0156
epoch: 6 validAccuracy: 0.3647 trainAccuracy: 0.502 delta: 0.0216
epoch: 7 validAccuracy: 0.3588 trainAccuracy: 0.5598 delta: -0.0059
epoch: 8 validAccuracy: 0.3873 trainAccuracy: 0.5598 delta: 0.0226
epoch: 9 validAccuracy: 0.3735 trainAccuracy: 0.699 delta: -0.0138
epoch: 10 validAccuracy: 0.402 trainAccuracy: 0.6912 delta: 0.0147
epoch: 11 validAccuracy: 0.3961 trainAccuracy: 0.7294 delta: -0.0059
epoch: 12 validAccuracy: 0.4078 trainAccuracy: 0.7951 delta: 0.0058
epoch: 13 validAccuracy: 0.4167 trainAccuracy: 0.8137 delta: 0.0089
epoch: 14 validAccuracy: 0.4127 trainAccuracy: 0.751 delta: -0.004
epoch: 15 validAccuracy: 0.4059 trainAccuracy: 0.8039 delta: -0.0108
epoch: 16 validAccuracy: 0.4216 trainAccuracy: 0.8412 delta: 0.0049
epoch: 17 validAccuracy: 0.4275 trainAccuracy: 0.8147 delta: 0.0059
epoch: 18 validAccuracy: 0.4098 trainAccuracy: 0.802 delta: -0.0177
epoch: 19 validAccuracy: 0.4108 trainAccuracy: 0.8294 delta: -0.0167
epoch: 20 validAccuracy: 0.3971 trainAccuracy: 0.7284 delta: -0.0304
epoch: 21 validAccuracy: 0.4039 trainAccuracy: 0.7931 delta: -0.0236
epoch: 22 validAccuracy: 0.4108 trainAccuracy: 0.8088 delta: -0.0167
epoch: 23 validAccuracy: 0.4167 trainAccuracy: 0.8069 delta: -0.0108
epoch: 24 validAccuracy: 0.3833 trainAccuracy: 0.7853 delta: -0.0442
epoch: 25 validAccuracy: 0.3863 trainAccuracy: 0.7529 delta: -0.0412
epoch: 26 validAccuracy: 0.3676 trainAccuracy: 0.6912 delta: -0.0599
epoch: 27 validAccuracy: 0.3794 trainAccuracy: 0.7598 delta: -0.0481
epoch: 28 validAccuracy: 0.3735 trainAccuracy: 0.7314 delta: -0.054
epoch: 29 validAccuracy: 0.3735 trainAccuracy: 0.7637 delta: -0.054
epoch: 30 validAccuracy: 0.3627 trainAccuracy: 0.7784 delta: -0.0648
epoch: 31 validAccuracy: 0.3627 trainAccuracy: 0.7255 delta: -0.0648
epoch: 32 validAccuracy: 0.3549 trainAccuracy: 0.8137 delta: -0.0726
epoch: 33 validAccuracy: 0.3775 trainAccuracy: 0.7873 delta: -0.05
epoch: 34 validAccuracy: 0.3882 trainAccuracy: 0.798 delta: -0.0393
epoch: 35 validAccuracy: 0.3755 trainAccuracy: 0.7941 delta: -0.052
epoch: 36 validAccuracy: 0.3804 trainAccuracy: 0.801 delta: -0.0471
epoch: 37 validAccuracy: 0.3902 trainAccuracy: 0.7971 delta: -0.0373
epoch: 38 validAccuracy: 0.3873 trainAccuracy: 0.7961 delta: -0.0402
epoch: 39 validAccuracy: 0.4 trainAccuracy: 0.7971 delta: -0.0275
epoch: 40 validAccuracy: 0.4098 trainAccuracy: 0.849 delta: -0.0177
epoch: 41 validAccuracy: 0.4078 trainAccuracy: 0.849 delta: -0.0197
epoch: 42 validAccuracy: 0.4059 trainAccuracy: 0.8029 delta: -0.0216
epoch: 43 validAccuracy: 0.3971 trainAccuracy: 0.8333 delta: -0.0304
epoch: 44 validAccuracy: 0.4108 trainAccuracy: 0.8402 delta: -0.0167
epoch: 45 validAccuracy: 0.4127 trainAccuracy: 0.8363 delta: -0.0148
epoch: 46 validAccuracy: 0.4098 trainAccuracy: 0.9294 delta: -0.0177
epoch: 47 validAccuracy: 0.4196 trainAccuracy: 0.899 delta: -0.0079
epoch: 48 validAccuracy: 0.4108 trainAccuracy: 0.8745 delta: -0.0167
epoch: 49 validAccuracy: 0.4167 trainAccuracy: 0.8559 delta: -0.0108
epoch: 50 validAccuracy: 0.4176 trainAccuracy: 0.8402 delta: -0.0099
epoch: 51 validAccuracy: 0.4137 trainAccuracy: 0.8686 delta: -0.0138
epoch: 52 validAccuracy: 0.4157 trainAccuracy: 0.902 delta: -0.0118
epoch: 53 validAccuracy: 0.3961 trainAccuracy: 0.8137 delta: -0.0314
epoch: 54 validAccuracy: 0.401 trainAccuracy: 0.8098 delta: -0.0265
epoch: 55 validAccuracy: 0.3971 trainAccuracy: 0.8471 delta: -0.0304
epoch: 56 validAccuracy: 0.3922 trainAccuracy: 0.8814 delta: -0.0353
epoch: 57 validAccuracy: 0.3941 trainAccuracy: 0.8647 delta: -0.0334
epoch: 58 validAccuracy: 0.3549 trainAccuracy: 0.7657 delta: -0.0726
epoch: 59 validAccuracy: 0.3804 trainAccuracy: 0.7863 delta: -0.0471
epoch: 60 validAccuracy: 0.3824 trainAccuracy: 0.8029 delta: -0.0451
epoch: 61 validAccuracy: 0.3578 trainAccuracy: 0.8373 delta: -0.0697
epoch: 62 validAccuracy: 0.3794 trainAccuracy: 0.8118 delta: -0.0481
