resoluation=112
[38;5;2m[i 0326 23:12:13.719574 04 compiler.py:944] Jittor(1.3.1.48) src: /root/miniconda3/envs/jittor-fanxiaoyu/lib/python3.9/site-packages/jittor[m
[38;5;2m[i 0326 23:12:13.722913 04 compiler.py:945] g++ at /usr/bin/g++(9.4.0)[m
[38;5;2m[i 0326 23:12:13.723025 04 compiler.py:946] cache_path: /root/.cache/jittor/jt1.3.1/g++9.4.0/py3.9.7/Linux-5.4.0-96xb0/IntelRXeonRCPUx84/default[m
[38;5;2m[i 0326 23:12:13.726584 04 __init__.py:376] Found /usr/local/cuda/bin/nvcc(10.2.89) at /usr/local/cuda/bin/nvcc.[m
[38;5;2m[i 0326 23:12:13.730186 04 __init__.py:376] Found addr2line(2.34) at /usr/bin/addr2line.[m
[38;5;2m[i 0326 23:12:13.848122 04 compiler.py:999] cuda key:cu10.2.89_sm_61[m
[38;5;2m[i 0326 23:12:14.031039 04 __init__.py:191] Total mem: 219.71GB, using 16 procs for compiling.[m
[38;5;2m[i 0326 23:12:14.151059 04 jit_compiler.cc:27] Load cc_path: /usr/bin/g++[m
[38;5;2m[i 0326 23:12:14.472159 04 init.cc:62] Found cuda archs: [61,][m
[38;5;2m[i 0326 23:12:14.659798 04 __init__.py:376] Found mpicc(4.0.3) at /usr/bin/mpicc.[m
[38;5;2m[i 0326 23:12:14.775863 04 compile_extern.py:29] found /usr/local/cuda/include/cublas.h[m
[38;5;2m[i 0326 23:12:14.784789 04 compile_extern.py:29] found /usr/local/cuda/lib64/libcublas.so[m
[38;5;2m[i 0326 23:12:14.784943 04 compile_extern.py:29] found /usr/local/cuda/lib64/libcublasLt.so.10[m
[38;5;2m[i 0326 23:12:15.323074 04 compile_extern.py:29] found /usr/include/cudnn.h[m
[38;5;2m[i 0326 23:12:15.340079 04 compile_extern.py:29] found /usr/lib/x86_64-linux-gnu/libcudnn.so[m
[38;5;2m[i 0326 23:12:16.214267 04 compile_extern.py:29] found /usr/local/cuda/include/curand.h[m
[38;5;2m[i 0326 23:12:16.242085 04 compile_extern.py:29] found /usr/local/cuda/lib64/libcurand.so[m
[38;5;2m[i 0326 23:12:16.336168 04 cuda_flags.cc:32] CUDA enabled.[m
[38;5;2m[i 0326 23:12:16.370419 04 dataset.py:629] Found 1020 classes and 1020 images.[m
[38;5;2m[i 0326 23:12:16.375740 04 dataset.py:629] Found 102 classes and 1020 images.[m
[38;5;2m[i 0326 23:12:16.400072 04 dataset.py:629] Found 102 classes and 6149 images.[m
----------------- A new trial ---------------------
modelName ViT learning rate: 5e-05 epochs 800
epoch: 0 trainAccuracy: 0.0 delta: 0.0
epoch: 1 trainAccuracy: 0.0029 delta: 0.0029
epoch: 2 trainAccuracy: 0.0088 delta: 0.0059
epoch: 3 trainAccuracy: 0.0108 delta: 0.002
epoch: 4 trainAccuracy: 0.0137 delta: 0.0029
epoch: 5 trainAccuracy: 0.0088 delta: -0.0049
epoch: 6 trainAccuracy: 0.0206 delta: 0.0069
epoch: 7 trainAccuracy: 0.0422 delta: 0.0216
epoch: 8 trainAccuracy: 0.0392 delta: -0.003
epoch: 9 trainAccuracy: 0.048 delta: 0.0058
epoch: 10 trainAccuracy: 0.0353 delta: -0.0127
epoch: 11 trainAccuracy: 0.0588 delta: 0.0108
epoch: 12 trainAccuracy: 0.0853 delta: 0.0265
epoch: 13 trainAccuracy: 0.0814 delta: -0.0039
epoch: 14 trainAccuracy: 0.0745 delta: -0.0108
epoch: 15 trainAccuracy: 0.1206 delta: 0.0353
epoch: 16 trainAccuracy: 0.1255 delta: 0.0049
epoch: 17 trainAccuracy: 0.1275 delta: 0.002
epoch: 18 trainAccuracy: 0.0833 delta: -0.0442
epoch: 19 trainAccuracy: 0.1775 delta: 0.05
epoch: 20 trainAccuracy: 0.1951 delta: 0.0176
epoch: 21 trainAccuracy: 0.1961 delta: 0.001
epoch: 22 trainAccuracy: 0.2157 delta: 0.0196
epoch: 23 trainAccuracy: 0.1333 delta: -0.0824
epoch: 24 trainAccuracy: 0.1706 delta: -0.0451
epoch: 25 trainAccuracy: 0.1451 delta: -0.0706
epoch: 26 trainAccuracy: 0.2324 delta: 0.0167
epoch: 27 trainAccuracy: 0.1775 delta: -0.0549
epoch: 28 trainAccuracy: 0.249 delta: 0.0166
epoch: 29 trainAccuracy: 0.346epoch: 30 trainAccuracy: 0.298 delta: -0.0481
epoch: 31 trainAccuracy: 0.5147 delta: 0.1686
epoch: 32 trainAccuracy: 0.5843 delta: 0.0696
epoch: 33 trainAccuracy: 0.2235 delta: -0.3608
epoch: 34 trainAccuracy: 0.2784 delta: -0.3059
epoch: 35 trainAccuracy: 0.5931 delta: 0.0088
epoch: 36 trainAccuracy: 0.4931 delta: -0.1
epoch: 37 trainAccuracy: 0.6039 delta: 0.0108
epoch: 38 trainAccuracy: 0.5569 delta: -0.047
epoch: 39 trainAccuracy: 0.7882 delta: 0.1843
epoch: 40 trainAccuracy: 0.6422 delta: -0.146
epoch: 41 trainAccuracy: 0.6608 delta: -0.1274
epoch: 42 trainAccuracy: 0.6706 delta: -0.1176
epoch: 43 trainAccuracy: 0.3196 delta: -0.4686
epoch: 44 trainAccuracy: 0.648 delta: -0.1402
epoch: 45 trainAccuracy: 0.6784 delta: -0.1098
epoch: 46 trainAccuracy: 0.7029 delta: -0.0853
epoch: 47 trainAccuracy: 0.6706 delta: -0.1176
epoch: 48 trainAccuracy: 0.801 delta: 0.0128
epoch: 49 trainAccuracy: 0.5049 delta: -0.2961
epoch: 50 trainAccuracy: 0.6245 delta: -0.1765
epoch: 51 trainAccuracy: 0.7069 delta: -0.0941
epoch: 52 trainAccuracy: 0.6353 delta: -0.1657
epoch: 53 trainAccuracy: 0.6853 delta: -0.1157
epoch: 54 trainAccuracy: 0.6422 delta: -0.1588
epoch: 55 trainAccuracy: 0.6588 delta: -0.1422
epoch: 56 trainAccuracy: 0.748 delta: -0.053
epoch: 57 trainAccuracy: 0.6451 delta: -0.1559
epoch: 58 trainAccuracy: 0.551 delta: -0.25
epoch: 59 trainAccuracy: 0.9157 delta: 0.1147
epoch: 60 trainAccuracy: 0.5784 delta: -0.3373
epoch: 61 trainAccuracy: 0.8618 delta: -0.0539
epoch: 62 trainAccuracy: 0.7147 delta: -0.201
epoch: 63 trainAccuracy: 0.5627 delta: -0.353
epoch: 64 trainAccuracy: 0.8049 delta: -0.1108
epoch: 65 trainAccuracy: 0.6461 delta: -0.2696
epoch: 66 trainAccuracy: 0.8167 delta: -0.099
epoch: 67 trainAccuracy: 0.7431 delta: -0.1726
epoch: 68 trainAccuracy: 0.6912 delta: -0.2245
epoch: 69 trainAccuracy: 0.7784 delta: -0.1373
epoch: 70 trainAccuracy: 0.798 delta: -0.1177
epoch: 71 trainAccuracy: 0.6882 delta: -0.2275
epoch: 72 trainAccuracy: 0.8902 delta: -0.0255
epoch: 73 trainAccuracy: 0.9 delta: -0.0157
epoch: 74 trainAccuracy: 0.8343 delta: -0.0814
epoch: 75 trainAccuracy: 0.6304 delta: -0.2853
epoch: 76 trainAccuracy: 0.8765 delta: -0.0392
epoch: 77 trainAccuracy: 0.8059 delta: -0.1098
epoch: 78 trainAccuracy: 0.9902 delta: 0.0745
epoch: 79 trainAccuracy: 0.9853 delta: -0.0049
epoch: 80 trainAccuracy: 0.7578 delta: -0.2324
epoch: 81 trainAccuracy: 0.5735 delta: -0.4167
epoch: 82 trainAccuracy: 0.8686 delta: -0.1216
epoch: 83 trainAccuracy: 0.7637 delta: -0.2265
epoch: 84 trainAccuracy: 0.9627 delta: -0.0275
epoch: 85 trainAccuracy: 0.7676 delta: -0.2226
epoch: 86 trainAccuracy: 0.8941 delta: -0.0961
epoch: 87 trainAccuracy: 0.7451 delta: -0.2451
epoch: 88 trainAccuracy: 0.8039 delta: -0.1863
epoch: 89 trainAccuracy: 0.7137 delta: -0.2765
epoch: 90 trainAccuracy: 0.5853 delta: -0.4049
epoch: 91 trainAccuracy: 0.7304 delta: -0.2598
epoch: 92 trainAccuracy: 0.6686 delta: -0.3216
epoch: 93 trainAccuracy: 0.9265 delta: -0.0637
epoch: 94 trainAccuracy: 0.7039 delta: -0.2863
epoch: 95 trainAccuracy: 0.7422 delta: -0.248
epoch: 96 trainAccuracy: 0.9608 delta: -0.0294
epoch: 97 trainAccuracy: 0.6461 delta: -0.3441
epoch: 98 trainAccuracy: 0.3343 delta: -0.6559
epoch: 99 trainAccuracy: 0.9863 delta: -0.0039
epoch: 100 trainAccuracy: 0.6373 delta: -0.3529
epoch: 101 trainAccuracy: 0.4892 delta: -0.501
epoch: 102 trainAccuracy: 0.9284 delta: -0.0618
epoch: 103 trainAccuracy: 0.9931 delta: 0.0029
epoch: 104 trainAccuracy: 0.8549 delta: -0.1382
epoch: 105 trainAccuracy: 0.7775 delta: -0.2156
epoch: 106 trainAccuracy: 0.9088 delta: -0.0843
epoch: 107 trainAccuracy: 0.9471 delta: -0.046
epoch: 108 trainAccuracy: 0.9745 delta: -0.0186
epoch: 109 trainAccuracy: 0.5363 delta: -0.4568
epoch: 110 trainAccuracy: 0.8922 delta: -0.1009
epoch: 111 trainAccuracy: 0.9157 delta: -0.0774
epoch: 112 trainAccuracy: 0.9941 delta: 0.001
epoch: 113 trainAccuracy: 0.6225 delta: -0.3716
epoch: 114 trainAccuracy: 0.6912 delta: -0.3029
