learning rate =2e-5
[38;5;2m[i 0326 23:25:19.548258 60 compiler.py:944] Jittor(1.3.1.48) src: /root/miniconda3/envs/jittor-fanxiaoyu/lib/python3.9/site-packages/jittor[m
[38;5;2m[i 0326 23:25:19.552556 60 compiler.py:945] g++ at /usr/bin/g++(9.4.0)[m
[38;5;2m[i 0326 23:25:19.552710 60 compiler.py:946] cache_path: /root/.cache/jittor/jt1.3.1/g++9.4.0/py3.9.7/Linux-5.4.0-96xb0/IntelRXeonRCPUx84/default[m
[38;5;2m[i 0326 23:25:19.556701 60 __init__.py:376] Found /usr/local/cuda/bin/nvcc(10.2.89) at /usr/local/cuda/bin/nvcc.[m
[38;5;2m[i 0326 23:25:19.561212 60 __init__.py:376] Found addr2line(2.34) at /usr/bin/addr2line.[m
[38;5;2m[i 0326 23:25:19.686135 60 compiler.py:999] cuda key:cu10.2.89_sm_61[m
[38;5;2m[i 0326 23:25:19.885104 60 __init__.py:191] Total mem: 219.71GB, using 16 procs for compiling.[m
[38;5;2m[i 0326 23:25:20.028494 60 jit_compiler.cc:27] Load cc_path: /usr/bin/g++[m
[38;5;2m[i 0326 23:25:20.478095 60 init.cc:62] Found cuda archs: [61,][m
[38;5;2m[i 0326 23:25:20.656381 60 __init__.py:376] Found mpicc(4.0.3) at /usr/bin/mpicc.[m
[38;5;2m[i 0326 23:25:20.787262 60 compile_extern.py:29] found /usr/local/cuda/include/cublas.h[m
[38;5;2m[i 0326 23:25:20.795664 60 compile_extern.py:29] found /usr/local/cuda/lib64/libcublas.so[m
[38;5;2m[i 0326 23:25:20.795843 60 compile_extern.py:29] found /usr/local/cuda/lib64/libcublasLt.so.10[m
[38;5;2m[i 0326 23:25:21.807840 60 compile_extern.py:29] found /usr/include/cudnn.h[m
[38;5;2m[i 0326 23:25:21.821927 60 compile_extern.py:29] found /usr/lib/x86_64-linux-gnu/libcudnn.so[m
[38;5;2m[i 0326 23:25:23.937201 60 compile_extern.py:29] found /usr/local/cuda/include/curand.h[m
[38;5;2m[i 0326 23:25:23.977751 60 compile_extern.py:29] found /usr/local/cuda/lib64/libcurand.so[m
[38;5;2m[i 0326 23:25:24.100506 60 cuda_flags.cc:32] CUDA enabled.[m
[38;5;2m[i 0326 23:25:25.185405 60 dataset.py:629] Found 102 classes and 1020 images.[m
[38;5;2m[i 0326 23:25:25.191345 60 dataset.py:629] Found 102 classes and 1020 images.[m
[38;5;2m[i 0326 23:25:25.217162 60 dataset.py:629] Found 102 classes and 6149 images.[m
----------------- A new trial ---------------------
modelName ViT learning ratepoch: 0 validAccuracy: 0.0324 trainAccuracy: 0.0039 delta: 0.0324
epoch: 1 validAccuracy: 0.1157 trainAccuracy: 0.0549 delta: 0.0833
epoch: 2 validAccuracy: 0.2098 trainAccuracy: 0.1324 delta: 0.0941
epoch: 3 validAccuracy: 0.2402 trainAccuracy: 0.2275 delta: 0.0304
epoch: 4 validAccuracy: 0.251 trainAccuracy: 0.2608 delta: 0.0108
epoch: 5 validAccuracy: 0.2902 trainAccuracy: 0.3686 delta: 0.0392
epoch: 6 validAccuracy: 0.3118 trainAccuracy: 0.4147 delta: 0.0216
epoch: 7 validAccuracy: 0.3157 trainAccuracy: 0.4559 delta: 0.0039
epoch: 8 validAccuracy: 0.3539 trainAccuracy: 0.5598 delta: 0.0382
epoch: 9 validAccuracy: 0.3608 trainAccuracy: 0.5765 delta: 0.0069
epoch: 10 validAccuracy: 0.3745 trainAccuracy: 0.5745 delta: 0.0137
epoch: 11 validAccuracy: 0.3725 trainAccuracy: 0.6716 delta: -0.002
epoch: 12 validAccuracy: 0.3794 trainAccuracy: 0.6363 delta: 0.0049
epoch: 13 validAccuracy: 0.3824 trainAccuracy: 0.5716 delta: 0.003
epoch: 14 validAccuracy: 0.3882 trainAccuracy: 0.6225 delta: 0.0058
epoch: 15 validAccuracy: 0.3941 trainAccuracy: 0.7373 delta: 0.0059
epoch: 16 validAccuracy: 0.3971 trainAccuracy: 0.6608 delta: 0.003
epoch: 17 validAccuracy: 0.402 trainAccuracy: 0.6363 delta: 0.0049
epoch: 18 validAccuracy: 0.3931 trainAccuracy: 0.6755 delta: -0.0089
epoch: 19 validAccuracy: 0.4108 trainAccuracy: 0.8931 delta: 0.0088
epoch: 20 validAccuracy: 0.398 trainAccuracy: 0.6804 delta: -0.0128
epoch: 21 validAccuracy: 0.4098 trainAccuracy: 0.7265 delta: -0.001
epoch: 22 validAccuracy: 0.4039 trainAccuracy: 0.7775 delta: -0.0069
epoch: 23 validAccuracy: 0.4088 trainAccuracy: 0.8186 delta: -0.002
epoch: 24 validAccuracy: 0.3931 trainAccuracy: 0.7598 delta: -0.0177
epoch: 25 validAccuracy: 0.4078 trainAccuracy: 0.7186 delta: -0.003
epoch: 26 validAccuracy: 0.4049 trainAccuracy: 0.8559 delta: -0.0059
epoch: 27 validAccuracy: 0.3971 trainAccuracy: 0.7412 delta: -0.0137
epoch: 28 validAccuracy: 0.4108 trainAccuracy: 0.8833 delta: 0.0
epoch: 29 validAccuracy: 0.4167 trainAccuracy: 0.8569 delta: 0.0059
epoch: 30 validAccuracy: 0.4127 trainAccuracy: 0.8676 delta: -0.004
epoch: 31 validAccuracy: 0.4176 trainAccuracy: 0.7853 delta: 0.0009
epoch: 32 validAccuracy: 0.4088 trainAccuracy: 0.8225 delta: -0.0088
epoch: 33 validAccuracy: 0.4098 trainAccuracy: 0.8716 delta: -0.0078
epoch: 34 validAccuracy: 0.399 trainAccuracy: 0.8255 delta: -0.0186
epoch: 35 validAccuracy: 0.4069 trainAccuracy: 0.8431 delta: -0.0107
epoch: 36 validAccuracy: 0.4088 trainAccuracy: 0.8686 delta: -0.0088
epoch: 37 validAccuracy: 0.4059 trainAccuracy: 0.7863 delta: -0.0117
epoch: 38 validAccuracy: 0.402 trainAccuracy: 0.8412 delta: -0.0156
epoch: 39 validAccuracy: 0.402 trainAccuracy: 0.8961 delta: -0.0156
epoch: 40 validAccuracy: 0.4196 trainAccuracy: 0.8559 delta: 0.002
epoch: 41 validAccuracy: 0.4078 trainAccuracy: 0.7794 delta: -0.0118
epoch: 42 validAccuracy: 0.4108 trainAccuracy: 0.8069 delta: -0.0088
epoch: 43 validAccuracy: 0.4225 trainAccuracy: 0.8304 delta: 0.0029
epoch: 44 validAccuracy: 0.4147 trainAccuracy: 0.8716 delta: -0.0078
epoch: 45 validAccuracy: 0.4059 trainAccuracy: 0.8078 delta: -0.0166
epoch: 46 validAccuracy: 0.4157 trainAccuracy: 0.7725 delta: -0.0068
epoch: 47 validAccuracy: 0.4059 trainAccuracy: 0.8588 delta: -0.0166
epoch: 48 validAccuracy: 0.4078 trainAccuracy: 0.8725 delta: -0.0147
epoch: 49 validAccuracy: 0.4088 trainAccuracy: 0.9069 delta: -0.0137
epoch: 50 validAccuracy: 0.4039 trainAccuracy: 0.9294 delta: -0.0186
epoch: 51 validAccuracy: 0.4059 trainAccuracy: 0.8814 delta: -0.0166
epoch: 52 validAccuracy: 0.3912 trainAccuracy: 0.8804 delta: -0.0313
