etaMin=1e-6
[38;5;2m[i 0326 23:19:34.781549 36 compiler.py:944] Jittor(1.3.1.48) src: /root/miniconda3/envs/jittor-fanxiaoyu/lib/python3.9/site-packages/jittor[m
[38;5;2m[i 0326 23:19:34.785754 36 compiler.py:945] g++ at /usr/bin/g++(9.4.0)[m
[38;5;2m[i 0326 23:19:34.785868 36 compiler.py:946] cache_path: /root/.cache/jittor/jt1.3.1/g++9.4.0/py3.9.7/Linux-5.4.0-96xb0/IntelRXeonRCPUx84/default[m
[38;5;2m[i 0326 23:19:34.789606 36 __init__.py:376] Found /usr/local/cuda/bin/nvcc(10.2.89) at /usr/local/cuda/bin/nvcc.[m
[38;5;2m[i 0326 23:19:34.793649 36 __init__.py:376] Found addr2line(2.34) at /usr/bin/addr2line.[m
[38;5;2m[i 0326 23:19:34.922429 36 compiler.py:999] cuda key:cu10.2.89_sm_61[m
[38;5;2m[i 0326 23:19:35.133244 36 __init__.py:191] Total mem: 219.71GB, using 16 procs for compiling.[m
[38;5;2m[i 0326 23:19:35.255630 36 jit_compiler.cc:27] Load cc_path: /usr/bin/g++[m
[38;5;2m[i 0326 23:19:35.722329 36 init.cc:62] Found cuda archs: [61,][m
[38;5;2m[i 0326 23:19:35.884107 36 __init__.py:376] Found mpicc(4.0.3) at /usr/bin/mpicc.[m
[38;5;2m[i 0326 23:19:36.016182 36 compile_extern.py:29] found /usr/local/cuda/include/cublas.h[m
[38;5;2m[i 0326 23:19:36.027039 36 compile_extern.py:29] found /usr/local/cuda/lib64/libcublas.so[m
[38;5;2m[i 0326 23:19:36.027312 36 compile_extern.py:29] found /usr/local/cuda/lib64/libcublasLt.so.10[m
[38;5;2m[i 0326 23:19:37.153168 36 compile_extern.py:29] found /usr/include/cudnn.h[m
[38;5;2m[i 0326 23:19:37.167450 36 compile_extern.py:29] found /usr/lib/x86_64-linux-gnu/libcudnn.so[m
[38;5;2m[i 0326 23:19:39.501555 36 compile_extern.py:29] found /usr/local/cuda/include/curand.h[m
[38;5;2m[i 0326 23:19:39.526117 36 compile_extern.py:29] found /usr/local/cuda/lib64/libcurand.so[m
[38;5;2m[i 0326 23:19:39.650747 36 cuda_flags.cc:32] CUDA enabled.[m
[38;5;2m[i 0326 23:19:40.682557 36 dataset.py:629] Found 102 classes and 1020 images.[m
[38;5;2m[i 0326 23:19:40.688622 36 dataset.py:629] Found 102 classes and 1020 images.[m
[38;5;2m[i 0326 23:19:40.714104 36 dataset.py:629] Found 102 classes and 6149 images.[m
----------------- A new trial ---------------------
modelName ViT learning rate: 5e-05 epochs 200
epoch: 0 validAccuracy: 0.0794 trainAccuracy: 0.0196 deepoch: 1 validAccuracy: 0.1951 trainAccuracy: 0.098 delta: 0.1157
epoch: 2 validAccuracy: 0.2333 trainAccuracy: 0.1775 delta: 0.0382
epoch: 3 validAccuracy: 0.2882 trainAccuracy: 0.2775 delta: 0.0549
epoch: 4 validAccuracy: 0.2794 trainAccuracy: 0.298 delta: -0.0088
epoch: 5 validAccuracy: 0.3294 trainAccuracy: 0.4078 delta: 0.0412
epoch: 6 validAccuracy: 0.3422 trainAccuracy: 0.4794 delta: 0.0128
epoch: 7 validAccuracy: 0.3618 trainAccuracy: 0.5324 delta: 0.0196
epoch: 8 validAccuracy: 0.3873 trainAccuracy: 0.6422 delta: 0.0255
epoch: 9 validAccuracy: 0.3873 trainAccuracy: 0.6569 delta: 0.0
epoch: 10 validAccuracy: 0.3971 trainAccuracy: 0.6657 delta: 0.0098
epoch: 11 validAccuracy: 0.3931 trainAccuracy: 0.7647 delta: -0.004
epoch: 12 validAccuracy: 0.398 trainAccuracy: 0.7255 delta: 0.0009
epoch: 13 validAccuracy: 0.3941 trainAccuracy: 0.6618 delta: -0.0039
epoch: 14 validAccuracy: 0.4069 trainAccuracy: 0.7137 delta: 0.0089
epoch: 15 validAccuracy: 0.402 trainAccuracy: 0.8098 delta: -0.0049
epoch: 16 validAccuracy: 0.402 trainAccuracy: 0.7108 delta: -0.0049
epoch: 17 validAccuracy: 0.399 trainAccuracy: 0.6775 delta: -0.0079
epoch: 18 validAccuracy: 0.401 trainAccuracy: 0.7206 delta: -0.0059
epoch: 19 validAccuracy: 0.4059 trainAccuracy: 0.9088 delta: -0.001
epoch: 20 validAccuracy: 0.4147 trainAccuracy: 0.6931 delta: 0.0078
epoch: 21 validAccuracy: 0.4069 trainAccuracy: 0.7324 delta: -0.0078
epoch: 22 validAccuracy: 0.4147 trainAccuracy: 0.7716 delta: 0.0
epoch: 23 validAccuracy: 0.4029 trainAccuracy: 0.802 delta: -0.0118
epoch: 24 validAccuracy: 0.3912 trainAccuracy: 0.7343 delta: -0.0235
epoch: 25 validAccuracy: 0.3931 trainAccuracy: 0.6961 delta: -0.0216
epoch: 26 validAccuracy: 0.3931 trainAccuracy: 0.8196 delta: -0.0216
