[38;5;2m[i 0326 22:28:32.658221 72 compiler.py:944] Jittor(1.3.1.48) src: /root/miniconda3/envs/jittor-fanxiaoyu/lib/python3.9/site-packages/jittor[m
[38;5;2m[i 0326 22:28:32.661623 72 compiler.py:945] g++ at /usr/bin/g++(9.4.0)[m
[38;5;2m[i 0326 22:28:32.661735 72 compiler.py:946] cache_path: /root/.cache/jittor/jt1.3.1/g++9.4.0/py3.9.7/Linux-5.4.0-96xb0/IntelRXeonRCPUx84/default[m
[38;5;2m[i 0326 22:28:32.665509 72 __init__.py:376] Found /usr/local/cuda/bin/nvcc(10.2.89) at /usr/local/cuda/bin/nvcc.[m
[38;5;2m[i 0326 22:28:32.669108 72 __init__.py:376] Found addr2line(2.34) at /usr/bin/addr2line.[m
[38;5;2m[i 0326 22:28:32.788686 72 compiler.py:999] cuda key:cu10.2.89_sm_61[m
[38;5;2m[i 0326 22:28:32.973587 72 __init__.py:191] Total mem: 219.71GB, using 16 procs for compiling.[m
[38;5;2m[i 0326 22:28:33.132965 72 jit_compiler.cc:27] Load cc_path: /usr/bin/g++[m
[38;5;2m[i 0326 22:28:33.443130 72 init.cc:62] Found cuda archs: [61,][m
[38;5;2m[i 0326 22:28:33.635672 72 __init__.py:376] Found mpicc(4.0.3) at /usr/bin/mpicc.[m
[38;5;2m[i 0326 22:28:33.787308 72 compile_extern.py:29] found /usr/local/cuda/include/cublas.h[m
[38;5;2m[i 0326 22:28:33.796588 72 compile_extern.py:29] found /usr/local/cuda/lib64/libcublas.so[m
[38;5;2m[i 0326 22:28:33.796746 72 compile_extern.py:29] found /usr/local/cuda/lib64/libcublasLt.so.10[m
[38;5;2m[i 0326 22:28:34.248126 72 compile_extern.py:29] found /usr/include/cudnn.h[m
[38;5;2m[i 0326 22:28:34.265920 72 compile_extern.py:29] found /usr/lib/x86_64-linux-gnu/libcudnn.so[m
[38;5;2m[i 0326 22:28:35.307159 72 compile_extern.py:29] found /usr/local/cuda/include/curand.h[m
[38;5;2m[i 0326 22:28:35.338808 72 compile_extern.py:29] found /usr/local/cuda/lib64/libcurand.so[m
[38;5;2m[i 0326 22:28:35.417525 72 cuda_flags.cc:32] CUDA enabled.[m
[38;5;2m[i 0326 22:28:36.278990 72 dataset.py:629] Found 102 classes and 1020 images.[m
[38;5;2m[i 0326 22:28:36.284770 72 dataset.py:629] Found 102 classes and 1020 images.[m
[38;5;2m[i 0326 22:28:36.309635 72 dataset.py:629] Found 102 classes and 6149 images.[m
----------------- A new trial ---------------------
modelName ViT learning rate: 5e-05 epochs 200
epoch: 0 validAccuracy: 0.0794 trainAccuracy: 0.0196 delta: 0.0794
epoch: 1 validAccuracy: 0.1951 trainAccuracy: 0.098 delta: 0.1157
epoch: 2 validAccuracy: 0.2333 trainAccuracy: 0.1775 delta: 0.0382
epoch: 3 validAccuracy: 0.2892 trainAccuracy: 0.2765 delta: 0.0559
epoch: 4 validAccuracy: 0.2775 trainAccuracy: 0.298 delta: -0.0117
epoch: 5 validAccuracy: 0.3314 trainAccuracy: 0.4039 delta: 0.0422
epoch: 6 validAccuracy: 0.3441 trainAccuracy: 0.4784 delta: 0.0127
epoch: 7 validAccuracy: 0.3637 trainAccuracy: 0.5265 delta: 0.0196
epoch: 8 validAccuracy: 0.3794 trainAccuracy: 0.6412 delta: 0.0157
epoch: 9 validAccuracy: 0.3716 trainAccuracy: 0.6598 delta: -0.0078
epoch: 10 validAccuracy: 0.3922 trainAccuracy: 0.6569 delta: 0.0128
epoch: 11 validAccuracy: 0.3912 trainAccuracy: 0.7637 delta: -0.001
epoch: 12 validAccuracy: 0.3971 trainAccuracy: 0.7333 delta: 0.0049
epoch: 13 validAccuracy: 0.4039 trainAccuracy: 0.6706 delta: 0.0068
epoch: 14 validAccuracy: 0.4049 trainAccuracy: 0.7098 delta: 0.001
epoch: 15 validAccuracy: 0.398 trainAccuracy: 0.8206 delta: -0.0069
epoch: 16 validAccuracy: 0.4059 trainAccuracy: 0.7451 delta: 0.001
epoch: 17 validAccuracy: 0.4088 trainAccuracy: 0.7098 delta: 0.0029
epoch: 18 validAccuracy: 0.4069 trainAccuracy: 0.7441 delta: -0.0019
epoch: 19 validAccuracy: 0.4157 trainAccuracy: 0.95 delta: 0.0069
epoch: 20 validAccuracy: 0.4176 trainAccuracy: 0.7216 delta: 0.0019
epoch: 21 validAccuracy: 0.4157 trainAccuracy: 0.7716 delta: -0.0019
epoch: 22 validAccuracy: 0.3971 trainAccuracy: 0.8039 delta: -0.0205
epoch: 23 validAccuracy: 0.4088 trainAccuracy: 0.8343 delta: -0.0088
epoch: 24 validAccuracy: 0.399 trainAccuracy: 0.7676 delta: -0.0186
epoch: 25 validAccuracy: 0.3971 trainAccuracy: 0.7225 delta: -0.0205
epoch: 26 validAccuracy: 0.3941 trainAccuracy: 0.8461 delta: -0.0235
epoch: 27 validAccuracy: 0.3755 trainAccuracy: 0.7225 delta: -0.0421
epoch: 28 validAccuracy: 0.3775 trainAccuracy: 0.8588 delta: -0.0401
epoch: 29 validAccuracy: 0.4196 trainAccuracy: 0.8451 delta: 0.002
epoch: 30 validAccuracy: 0.3814 trainAccuracy: 0.8578 delta: -0.0382
epoch: 31 validAccuracy: 0.3873 trainAccuracy: 0.7843 delta: -0.0323
epoch: 32 validAccuracy: 0.3794 trainAccuracy: 0.7843 delta: -0.0402
epoch: 33 validAccuracy: 0.3971 trainAccuracy: 0.8382 delta: -0.0225
epoch: 34 validAccuracy: 0.3696 trainAccuracy: 0.8059 delta: -0.05
epoch: 35 validAccuracy: 0.3912 trainAccuracy: 0.8235 delta: -0.0284
epoch: 36 validAccuracy: 0.3902 trainAccuracy: 0.8559 delta: -0.0294
epoch: 37 validAccuracy: 0.3765 trainAccuracy: 0.7696 delta: -0.0431
epoch: 38 validAccuracy: 0.3676 trainAccuracy: 0.8392 delta: -0.052
epoch: 39 validAccuracy: 0.3882 trainAccuracy: 0.8922 delta: -0.0314
epoch: 40 validAccuracy: 0.4118 trainAccuracy: 0.851 delta: -0.0078
epoch: 41 validAccuracy: 0.4059 trainAccuracy: 0.7775 delta: -0.0137
epoch: 42 validAccuracy: 0.4049 trainAccuracy: 0.8176 delta: -0.0147
epoch: 43 validAccuracy: 0.4049 trainAccuracy: 0.8324 delta: -0.0147
epoch: 44 validAccuracy: 0.4137 trainAccuracy: 0.8833 delta: -0.0059
epoch: 45 validAccuracy: 0.4108 trainAccuracy: 0.8196 delta: -0.0088
epoch: 46 validAccuracy: 0.4186 trainAccuracy: 0.7745 delta: -0.001
epoch: 47 validAccuracy: 0.4088 trainAccuracy: 0.8775 delta: -0.0108
epoch: 48 validAccuracy: 0.4059 trainAccuracy: 0.8843 delta: -0.0137
epoch: 49 validAccuracy: 0.4069 trainAccuracy: 0.9127 delta: -0.0127
epoch: 50 validAccuracy: 0.4069 trainAccuracy: 0.9314 delta: -0.0127
epoch: 51 validAccuracy: 0.4059 trainAccuracy: 0.8863 delta: -0.0137
epoch: 52 validAccuracy: 0.3882 trainAccuracy: 0.8745 delta: -0.0314
epoch: 53 validAccuracy: 0.4059 trainAccuracy: 0.8461 delta: -0.0137
epoch: 54 validAccuracy: 0.3961 trainAccuracy: 0.8951 delta: -0.0235
epoch: 55 validAccuracy: 0.3873 trainAccuracy: 0.8569 delta: -0.0323
epoch: 56 validAccuracy: 0.3814 trainAccuracy: 0.8539 delta: -0.0382
epoch: 57 validAccuracy: 0.3931 trainAccuracy: 0.8186 delta: -0.0265
epoch: 58 validAccuracy: 0.3902 trainAccuracy: 0.8971 delta: -0.0294
epoch: 59 validAccuracy: 0.3765 trainAccuracy: 0.8392 delta: -0.0431
epoch: 60 validAccuracy: 0.3706 trainAccuracy: 0.7578 delta: -0.049
epoch: 61 validAccuracy: 0.3814 trainAccuracy: 0.9245 delta: -0.0382
epoch: 62 validAccuracy: 0.3833 trainAccuracy: 0.8451 delta: -0.0363
epoch: 63 validAccuracy: 0.3775 trainAccuracy: 0.9294 delta: -0.0421
