[38;5;2m[i 0327 03:21:58.163176 80 compiler.py:944] Jittor(1.3.1.48) src: /root/miniconda3/envs/jittor-fanxiaoyu/lib/python3.9/site-packages/jittor[m
[38;5;2m[i 0327 03:21:58.167435 80 compiler.py:945] g++ at /usr/bin/g++(9.4.0)[m
[38;5;2m[i 0327 03:21:58.167545 80 compiler.py:946] cache_path: /root/.cache/jittor/jt1.3.1/g++9.4.0/py3.9.7/Linux-5.4.0-96xb0/IntelRXeonRCPUx84/default[m
[38;5;2m[i 0327 03:21:58.171417 80 __init__.py:376] Found /usr/local/cuda/bin/nvcc(10.2.89) at /usr/local/cuda/bin/nvcc.[m
[38;5;2m[i 0327 03:21:58.175193 80 __init__.py:376] Found addr2line(2.34) at /usr/bin/addr2line.[m
[38;5;2m[i 0327 03:21:58.297350 80 compiler.py:999] cuda key:cu10.2.89_sm_61[m
[38;5;2m[i 0327 03:21:58.484439 80 __init__.py:191] Total mem: 219.71GB, using 16 procs for compiling.[m
[38;5;2m[i 0327 03:21:58.601374 80 jit_compiler.cc:27] Load cc_path: /usr/bin/g++[m
[38;5;2m[i 0327 03:21:58.906100 80 init.cc:62] Found cuda archs: [61,][m
[38;5;2m[i 0327 03:21:59.071580 80 __init__.py:376] Found mpicc(4.0.3) at /usr/bin/mpicc.[m
[38;5;2m[i 0327 03:21:59.193120 80 compile_extern.py:29] found /usr/local/cuda/include/cublas.h[m
[38;5;2m[i 0327 03:21:59.201381 80 compile_extern.py:29] found /usr/local/cuda/lib64/libcublas.so[m
[38;5;2m[i 0327 03:21:59.201537 80 compile_extern.py:29] found /usr/local/cuda/lib64/libcublasLt.so.10[m
[38;5;2m[i 0327 03:21:59.409392 80 compile_extern.py:29] found /usr/include/cudnn.h[m
[38;5;2m[i 0327 03:21:59.430715 80 compile_extern.py:29] found /usr/lib/x86_64-linux-gnu/libcudnn.so[m
[38;5;2m[i 0327 03:22:00.149942 80 compile_extern.py:29] found /usr/local/cuda/include/curand.h[m
[38;5;2m[i 0327 03:22:00.198493 80 compile_extern.py:29] found /usr/local/cuda/lib64/libcurand.so[m
[38;5;2m[i 0327 03:22:00.270925 80 cuda_flags.cc:32] CUDA enabled.[m
[38;5;2m[i 0327 03:22:00.289972 80 dataset.py:629] Found 102 classes and 1020 images.[m
[38;5;2m[i 0327 03:22:00.295392 80 dataset.py:629] Found 102 classes and 1020 images.[m
[38;5;2m[i 0327 03:22:00.319339 80 dataset.py:629] Found 102 classes and 6149 images.[m
----------------- A new trial ---------------------
modelName ConvMixer learning rate: 0.0001 epochs 500
epoch: 0 validAccuracy: 0.0137 trainAccuracy: 0.0167 delta: 0.0137
epoch: 1 validAccuracy: 0.0147 trainAccuracy: 0.0412 delta: 0.001
epoch: 2 validAccuracy: 0.0245 trainAccuracy: 0.0559 delta: 0.0098
epoch: 3 validAccuracy: 0.0216 trainAccuracy: 0.0657 delta: -0.0029
epoch: 4 validAccuracy: 0.0167 trainAccuracy: 0.0843 delta: -0.0078
epoch: 5 validAccuracy: 0.0235 trainAccuracy: 0.0882 delta: -0.001
epoch: 6 validAccuracy: 0.0343 trainAccuracy: 0.1343 delta: 0.0098
epoch: 7 validAccuracy: 0.0284 trainAccuracy: 0.1167 delta: -0.0059
epoch: 8 validAccuracy: 0.0314 trainAccuracy: 0.1373 delta: -0.0029
epoch: 9 validAccuracy: 0.0294 trainAccuracy: 0.1598 delta: -0.0049
epoch: 10 validAccuracy: 0.0314 trainAccuracy: 0.1745 delta: -0.0029
epoch: 11 validAccuracy: 0.0304 trainAccuracy: 0.2186 delta: -0.0039
epoch: 12 validAccuracy: 0.0314 trainAccuracy: 0.2206 delta: -0.0029
epoch: 13 validAccuracy: 0.0324 trainAccuracy: 0.2275 delta: -0.0019
epoch: 14 validAccuracy: 0.0343 trainAccuracy: 0.2471 delta: 0.0
epoch: 15 validAccuracy: 0.0343 trainAccuracy: 0.2363 delta: 0.0
epoch: 16 validAccuracy: 0.0343 trainAccuracy: 0.2412 delta: 0.0
epoch: 17 validAccuracy: 0.0353 trainAccuracy: 0.2402 delta: 0.001
epoch: 18 validAccuracy: 0.0363 trainAccuracy: 0.2461 delta: 0.001
epoch: 19 validAccuracy: 0.0392 trainAccuracy: 0.2422 delta: 0.0029
epoch: 20 validAccuracy: 0.0314 trainAccuracy: 0.2225 delta: -0.0078
epoch: 21 validAccuracy: 0.0304 trainAccuracy: 0.2245 delta: -0.0088
epoch: 22 validAccuracy: 0.0343 trainAccuracy: 0.25 delta: -0.0049
epoch: 23 validAccuracy: 0.0284 trainAccuracy: 0.2049 delta: -0.0108
epoch: 24 validAccuracy: 0.0294 trainAccuracy: 0.2029 delta: -0.0098
epoch: 25 validAccuracy: 0.0324 trainAccuracy: 0.2147 delta: -0.0068
epoch: 26 validAccuracy: 0.0255 trainAccuracy: 0.2049 delta: -0.0137
epoch: 27 validAccuracy: 0.0353 trainAccuracy: 0.1902 delta: -0.0039
epoch: 28 validAccuracy: 0.0373 trainAccuracy: 0.2039 delta: -0.0019
epoch: 29 validAccuracy: 0.0265 trainAccuracy: 0.1804 delta: -0.0127
epoch: 30 validAccuracy: 0.0363 trainAccuracy: 0.1843 delta: -0.0029
epoch: 31 validAccuracy: 0.0392 trainAccuracy: 0.199 delta: 0.0
epoch: 32 validAccuracy: 0.0324 trainAccuracy: 0.2127 delta: -0.0068
epoch: 33 validAccuracy: 0.0402 trainAccuracy: 0.2422 delta: 0.001
epoch: 34 validAccuracy: 0.0412 trainAccuracy: 0.2588 delta: 0.001
epoch: 35 validAccuracy: 0.0392 trainAccuracy: 0.2725 delta: -0.002
epoch: 36 validAccuracy: 0.0314 trainAccuracy: 0.2784 delta: -0.0098
epoch: 37 validAccuracy: 0.0353 trainAccuracy: 0.3039 delta: -0.0059
epoch: 38 validAccuracy: 0.0412 trainAccuracy: 0.3304 delta: 0.0
epoch: 39 validAccuracy: 0.0461 trainAccuracy: 0.3686 delta: 0.0049
epoch: 40 validAccuracy: 0.0402 trainAccuracy: 0.3735 delta: -0.0059
epoch: 41 validAccuracy: 0.0431 trainAccuracy: 0.4039 delta: -0.003
epoch: 42 validAccuracy: 0.0412 trainAccuracy: 0.4098 delta: -0.0049
epoch: 43 validAccuracy: 0.048 trainAccuracy: 0.4265 delta: 0.0019
epoch: 44 validAccuracy: 0.048 trainAccuracy: 0.449 delta: 0.0
epoch: 45 validAccuracy: 0.0471 trainAccuracy: 0.4324 delta: -0.0009
epoch: 46 validAccuracy: 0.0471 trainAccuracy: 0.4441 delta: -0.0009
epoch: 47 validAccuracy: 0.0471 trainAccuracy: 0.4382 delta: -0.0009
epoch: 48 validAccuracy: 0.0451 trainAccuracy: 0.449 delta: -0.0029
epoch: 49 validAccuracy: 0.0422 trainAccuracy: 0.4363 delta: -0.0058
epoch: 50 validAccuracy: 0.0431 trainAccuracy: 0.4441 delta: -0.0049
epoch: 51 validAccuracy: 0.0392 trainAccuracy: 0.4196 delta: -0.0088
epoch: 52 validAccuracy: 0.0373 trainAccuracy: 0.4294 delta: -0.0107
epoch: 53 validAccuracy: 0.0382 trainAccuracy: 0.3824 delta: -0.0098
epoch: 54 validAccuracy: 0.0392 trainAccuracy: 0.3696 delta: -0.0088
epoch: 55 validAccuracy: 0.0343 trainAccuracy: 0.3657 delta: -0.0137
epoch: 56 validAccuracy: 0.0402 trainAccuracy: 0.349 delta: -0.0078
epoch: 57 validAccuracy: 0.0382 trainAccuracy: 0.351 delta: -0.0098
epoch: 58 validAccuracy: 0.0422 trainAccuracy: 0.3431 delta: -0.0058
epoch: 59 validAccuracy: 0.0461 trainAccuracy: 0.3471 delta: -0.0019
epoch: 60 validAccuracy: 0.0382 trainAccuracy: 0.3471 delta: -0.0098
epoch: 61 validAccuracy: 0.0441 trainAccuracy: 0.3225 delta: -0.0039
epoch: 62 validAccuracy: 0.0441 trainAccuracy: 0.3637 delta: -0.0039
epoch: 63 validAccuracy: 0.0422 trainAccuracy: 0.3608 delta: -0.0058
epoch: 64 validAccuracy: 0.05 trainAccuracy: 0.3892 delta: 0.002
epoch: 65 validAccuracy: 0.0529 trainAccuracy: 0.4216 delta: 0.0029
epoch: 66 validAccuracy: 0.05 trainAccuracy: 0.4294 delta: -0.0029
epoch: 67 validAccuracy: 0.052 trainAccuracy: 0.4814 delta: -0.0009
epoch: 68 validAccuracy: 0.052 trainAccuracy: 0.4922 delta: -0.0009
epoch: 69 validAccuracy: 0.0657 trainAccuracy: 0.5363 delta: 0.0128
epoch: 70 validAccuracy: 0.0539 trainAccuracy: 0.5529 delta: -0.0118
epoch: 71 validAccuracy: 0.0627 trainAccuracy: 0.5775 delta: -0.003
epoch: 72 validAccuracy: 0.0588 trainAccuracy: 0.6186 delta: -0.0069
epoch: 73 validAccuracy: 0.0608 trainAccuracy: 0.6245 delta: -0.0049
epoch: 74 validAccuracy: 0.0608 trainAccuracy: 0.6108 delta: -0.0049
epoch: 75 validAccuracy: 0.0608 trainAccuracy: 0.6304 delta: -0.0049
epoch: 76 validAccuracy: 0.0608 trainAccuracy: 0.6422 delta: -0.0049
epoch: 77 validAccuracy: 0.0618 trainAccuracy: 0.6402 delta: -0.0039
epoch: 78 validAccuracy: 0.0598 trainAccuracy: 0.6314 delta: -0.0059
epoch: 79 validAccuracy: 0.0588 trainAccuracy: 0.6343 delta: -0.0069
epoch: 80 validAccuracy: 0.0598 trainAccuracy: 0.6039 delta: -0.0059
epoch: 81 validAccuracy: 0.0618 trainAccuracy: 0.6049 delta: -0.0039
epoch: 82 validAccuracy: 0.0647 trainAccuracy: 0.5971 delta: -0.001
epoch: 83 validAccuracy: 0.0618 trainAccuracy: 0.5706 delta: -0.0039
epoch: 84 validAccuracy: 0.0637 trainAccuracy: 0.5245 delta: -0.002
epoch: 85 validAccuracy: 0.0569 trainAccuracy: 0.5382 delta: -0.0088
epoch: 86 validAccuracy: 0.0471 trainAccuracy: 0.5196 delta: -0.0186
epoch: 87 validAccuracy: 0.0588 trainAccuracy: 0.4941 delta: -0.0069
epoch: 88 validAccuracy: 0.0529 trainAccuracy: 0.4647 delta: -0.0128
epoch: 89 validAccuracy: 0.0637 trainAccuracy: 0.499 delta: -0.002
epoch: 90 validAccuracy: 0.0539 trainAccuracy: 0.4843 delta: -0.0118
epoch: 91 validAccuracy: 0.0637 trainAccuracy: 0.4833 delta: -0.002
epoch: 92 validAccuracy: 0.0608 trainAccuracy: 0.5069 delta: -0.0049
epoch: 93 validAccuracy: 0.0588 trainAccuracy: 0.5363 delta: -0.0069
epoch: 94 validAccuracy: 0.0549 trainAccuracy: 0.5324 delta: -0.0108
epoch: 95 validAccuracy: 0.0608 trainAccuracy: 0.5265 delta: -0.0049
epoch: 96 validAccuracy: 0.0706 trainAccuracy: 0.5863 delta: 0.0049
epoch: 97 validAccuracy: 0.0706 trainAccuracy: 0.6402 delta: 0.0
epoch: 98 validAccuracy: 0.0706 trainAccuracy: 0.6637 delta: 0.0
epoch: 99 validAccuracy: 0.0824 trainAccuracy: 0.7 delta: 0.0118
epoch: 100 validAccuracy: 0.0755 trainAccuracy: 0.7265 delta: -0.0069
epoch: 101 validAccuracy: 0.0814 trainAccuracy: 0.7363 delta: -0.001
epoch: 102 validAccuracy: 0.0686 trainAccuracy: 0.7412 delta: -0.0138
epoch: 103 validAccuracy: 0.0667 trainAccuracy: 0.7627 delta: -0.0157
epoch: 104 validAccuracy: 0.0696 trainAccuracy: 0.7794 delta: -0.0128
epoch: 105 validAccuracy: 0.0706 trainAccuracy: 0.7696 delta: -0.0118
epoch: 106 validAccuracy: 0.0706 trainAccuracy: 0.802 delta: -0.0118
epoch: 107 validAccuracy: 0.0716 trainAccuracy: 0.7814 delta: -0.0108
epoch: 108 validAccuracy: 0.0696 trainAccuracy: 0.8137 delta: -0.0128
epoch: 109 validAccuracy: 0.0716 trainAccuracy: 0.7951 delta: -0.0108
epoch: 110 validAccuracy: 0.0686 trainAccuracy: 0.7706 delta: -0.0138
epoch: 111 validAccuracy: 0.0765 trainAccuracy: 0.7784 delta: -0.0059
epoch: 112 validAccuracy: 0.0725 trainAccuracy: 0.7598 delta: -0.0099
epoch: 113 validAccuracy: 0.0755 trainAccuracy: 0.7392 delta: -0.0069
epoch: 114 validAccuracy: 0.0657 trainAccuracy: 0.7284 delta: -0.0167
epoch: 115 validAccuracy: 0.0676 trainAccuracy: 0.698 delta: -0.0148
epoch: 116 validAccuracy: 0.0686 trainAccuracy: 0.6382 delta: -0.0138
epoch: 117 validAccuracy: 0.0725 trainAccuracy: 0.6422 delta: -0.0099
epoch: 118 validAccuracy: 0.0676 trainAccuracy: 0.6108 delta: -0.0148
epoch: 119 validAccuracy: 0.0784 trainAccuracy: 0.599 delta: -0.004
epoch: 120 validAccuracy: 0.0745 trainAccuracy: 0.5824 delta: -0.0079
epoch: 121 validAccuracy: 0.0598 trainAccuracy: 0.6127 delta: -0.0226
epoch: 122 validAccuracy: 0.0755 trainAccuracy: 0.6206 delta: -0.0069
epoch: 123 validAccuracy: 0.0735 trainAccuracy: 0.6314 delta: -0.0089
epoch: 124 validAccuracy: 0.0725 trainAccuracy: 0.6706 delta: -0.0099
epoch: 125 validAccuracy: 0.0735 trainAccuracy: 0.6618 delta: -0.0089
epoch: 126 validAccuracy: 0.0794 trainAccuracy: 0.7225 delta: -0.003
epoch: 127 validAccuracy: 0.0784 trainAccuracy: 0.7559 delta: -0.004
epoch: 128 validAccuracy: 0.0853 trainAccuracy: 0.7784 delta: 0.0029
epoch: 129 validAccuracy: 0.0843 trainAccuracy: 0.8137 delta: -0.001
epoch: 130 validAccuracy: 0.0843 trainAccuracy: 0.8294 delta: -0.001
epoch: 131 validAccuracy: 0.0843 trainAccuracy: 0.8608 delta: -0.001
epoch: 132 validAccuracy: 0.0892 trainAccuracy: 0.8686 delta: 0.0039
epoch: 133 validAccuracy: 0.0843 trainAccuracy: 0.8784 delta: -0.0049
epoch: 134 validAccuracy: 0.0863 trainAccuracy: 0.9108 delta: -0.0029
epoch: 135 validAccuracy: 0.0853 trainAccuracy: 0.9069 delta: -0.0039
epoch: 136 validAccuracy: 0.0853 trainAccuracy: 0.8794 delta: -0.0039
epoch: 137 validAccuracy: 0.0843 trainAccuracy: 0.8931 delta: -0.0049
epoch: 138 validAccuracy: 0.0833 trainAccuracy: 0.8804 delta: -0.0059
epoch: 139 validAccuracy: 0.0873 trainAccuracy: 0.8961 delta: -0.0019
epoch: 140 validAccuracy: 0.0882 trainAccuracy: 0.8912 delta: -0.001
epoch: 141 validAccuracy: 0.0853 trainAccuracy: 0.8569 delta: -0.0039
epoch: 142 validAccuracy: 0.0814 trainAccuracy: 0.8716 delta: -0.0078
epoch: 143 validAccuracy: 0.0853 trainAccuracy: 0.8539 delta: -0.0039
epoch: 144 validAccuracy: 0.0892 trainAccuracy: 0.8265 delta: 0.0
epoch: 145 validAccuracy: 0.0716 trainAccuracy: 0.8069 delta: -0.0176
epoch: 146 validAccuracy: 0.0775 trainAccuracy: 0.7637 delta: -0.0117
epoch: 147 validAccuracy: 0.0882 trainAccuracy: 0.7167 delta: -0.001
epoch: 148 validAccuracy: 0.0637 trainAccuracy: 0.6863 delta: -0.0255
epoch: 149 validAccuracy: 0.0833 trainAccuracy: 0.6814 delta: -0.0059
epoch: 150 validAccuracy: 0.0824 trainAccuracy: 0.6941 delta: -0.0068
epoch: 151 validAccuracy: 0.0873 trainAccuracy: 0.6775 delta: -0.0019
epoch: 152 validAccuracy: 0.0804 trainAccuracy: 0.6902 delta: -0.0088
epoch: 153 validAccuracy: 0.0755 trainAccuracy: 0.7373 delta: -0.0137
epoch: 154 validAccuracy: 0.0725 trainAccuracy: 0.7725 delta: -0.0167
epoch: 155 validAccuracy: 0.0873 trainAccuracy: 0.7725 delta: -0.0019
epoch: 156 validAccuracy: 0.0775 trainAccuracy: 0.8069 delta: -0.0117
epoch: 157 validAccuracy: 0.098 trainAccuracy: 0.8422 delta: 0.0088
epoch: 158 validAccuracy: 0.0794 trainAccuracy: 0.8373 delta: -0.0186
epoch: 159 validAccuracy: 0.0863 trainAccuracy: 0.9 delta: -0.0117
epoch: 160 validAccuracy: 0.0843 trainAccuracy: 0.9098 delta: -0.0137
epoch: 161 validAccuracy: 0.0912 trainAccuracy: 0.9343 delta: -0.0068
epoch: 162 validAccuracy: 0.0824 trainAccuracy: 0.9235 delta: -0.0156
epoch: 163 validAccuracy: 0.0873 trainAccuracy: 0.9333 delta: -0.0107
epoch: 164 validAccuracy: 0.0912 trainAccuracy: 0.9275 delta: -0.0068
epoch: 165 validAccuracy: 0.0902 trainAccuracy: 0.9471 delta: -0.0078
epoch: 166 validAccuracy: 0.0902 trainAccuracy: 0.9373 delta: -0.0078
epoch: 167 validAccuracy: 0.0882 trainAccuracy: 0.9471 delta: -0.0098
epoch: 168 validAccuracy: 0.0853 trainAccuracy: 0.9343 delta: -0.0127
epoch: 169 validAccuracy: 0.0882 trainAccuracy: 0.9353 delta: -0.0098
epoch: 170 validAccuracy: 0.0853 trainAccuracy: 0.9363 delta: -0.0127
epoch: 171 validAccuracy: 0.0873 trainAccuracy: 0.9451 delta: -0.0107
epoch: 172 validAccuracy: 0.099 trainAccuracy: 0.9363 delta: 0.001
epoch: 173 validAccuracy: 0.0941 trainAccuracy: 0.9235 delta: -0.0049
epoch: 174 validAccuracy: 0.0971 trainAccuracy: 0.8971 delta: -0.0019
epoch: 175 validAccuracy: 0.0941 trainAccuracy: 0.8853 delta: -0.0049
