[38;5;2m[i 0327 04:56:45.656196 12 compiler.py:944] Jittor(1.3.1.48) src: /root/miniconda3/envs/jittor-fanxiaoyu/lib/python3.9/site-packages/jittor[m
[38;5;2m[i 0327 04:56:45.660011 12 compiler.py:945] g++ at /usr/bin/g++(9.4.0)[m
[38;5;2m[i 0327 04:56:45.660144 12 compiler.py:946] cache_path: /root/.cache/jittor/jt1.3.1/g++9.4.0/py3.9.7/Linux-5.4.0-96xb0/IntelRXeonRCPUx84/default[m
[38;5;2m[i 0327 04:56:45.663828 12 __init__.py:376] Found /usr/local/cuda/bin/nvcc(10.2.89) at /usr/local/cuda/bin/nvcc.[m
[38;5;2m[i 0327 04:56:45.667649 12 __init__.py:376] Found addr2line(2.34) at /usr/bin/addr2line.[m
[38;5;2m[i 0327 04:56:45.785618 12 compiler.py:999] cuda key:cu10.2.89_sm_61[m
[38;5;2m[i 0327 04:56:46.013309 12 __init__.py:191] Total mem: 219.71GB, using 16 procs for compiling.[m
[38;5;2m[i 0327 04:56:46.132180 12 jit_compiler.cc:27] Load cc_path: /usr/bin/g++[m
[38;5;2m[i 0327 04:56:46.445945 12 init.cc:62] Found cuda archs: [61,][m
[38;5;2m[i 0327 04:56:46.605960 12 __init__.py:376] Found mpicc(4.0.3) at /usr/bin/mpicc.[m
[38;5;2m[i 0327 04:56:46.761189 12 compile_extern.py:29] found /usr/local/cuda/include/cublas.h[m
[38;5;2m[i 0327 04:56:46.777872 12 compile_extern.py:29] found /usr/local/cuda/lib64/libcublas.so[m
[38;5;2m[i 0327 04:56:46.778072 12 compile_extern.py:29] found /usr/local/cuda/lib64/libcublasLt.so.10[m
[38;5;2m[i 0327 04:56:47.326405 12 compile_extern.py:29] found /usr/include/cudnn.h[m
[38;5;2m[i 0327 04:56:47.349399 12 compile_extern.py:29] found /usr/lib/x86_64-linux-gnu/libcudnn.so[m
[38;5;2m[i 0327 04:56:48.409245 12 compile_extern.py:29] found /usr/local/cuda/include/curand.h[m
[38;5;2m[i 0327 04:56:48.458143 12 compile_extern.py:29] found /usr/local/cuda/lib64/libcurand.so[m
[38;5;2m[i 0327 04:56:48.555215 12 cuda_flags.cc:32] CUDA enabled.[m
[38;5;2m[i 0327 04:56:48.588241 12 dataset.py:629] Found 1020 classes and 1020 images.[m
[38;5;2m[i 0327 04:56:48.593645 12 dataset.py:629] Found 102 classes and 1020 images.[m
[38;5;2m[i 0327 04:56:48.617937 12 dataset.py:629] Found 102 classes and 6149 images.[m
----------------- A new trial ---------------------
modelName ConvMixer learning rate: 0.003 epochs 800 etaMin 1e-08 savedName pretrained_1.pkl
epoch: 0 trainAccuracy: 0.0 delta: 0.0

Compiling Operators(15/15) used: 5.31s eta:    0s 

Compiling Operators(2/2) used: 5.31s eta:    0s 
epoch: 1 trainAccuracy: 0.001 delta: 0.001
epoch: 2 trainAccuracy: 0.0 delta: -0.001
epoch: 3 trainAccuracy: 0.0 delta: -0.001
epoch: 4 trainAccuracy: 0.002 delta: 0.001
epoch: 5 trainAccuracy: 0.0029 delta: 0.0009
epoch: 6 trainAccuracy: 0.0 delta: -0.0029
epoch: 7 trainAccuracy: 0.0039 delta: 0.001
epoch: 8 trainAccuracy: 0.0059 delta: 0.002
epoch: 9 trainAccuracy: 0.0029 delta: -0.003
epoch: 10 trainAccuracy: 0.0029 delta: -0.003
epoch: 11 trainAccuracy: 0.0059 delta: 0.0
epoch: 12 trainAccuracy: 0.0098 delta: 0.0039
epoch: 13 trainAccuracy: 0.0098 delta: 0.0
epoch: 14 trainAccuracy: 0.0118 delta: 0.002
epoch: 15 trainAccuracy: 0.0245 delta: 0.0127
epoch: 16 trainAccuracy: 0.0137 delta: -0.0108
epoch: 17 trainAccuracy: 0.0186 delta: -0.0059
epoch: 18 trainAccuracy: 0.0186 delta: -0.0059
epoch: 19 trainAccuracy: 0.0206 delta: -0.0039
epoch: 20 trainAccuracy: 0.0118 delta: -0.0127
epoch: 21 trainAccuracy: 0.0108 delta: -0.0137
epoch: 22 trainAccuracy: 0.0098 delta: -0.0147
epoch: 23 trainAccuracy: 0.0069 delta: -0.0176
epoch: 24 trainAccuracy: 0.0098 delta: -0.0147
epoch: 25 trainAccuracy: 0.0108 delta: -0.0137
epoch: 26 trainAccuracy: 0.0039 delta: -0.0206
epoch: 27 trainAccuracy: 0.0098 delta: -0.0147
epoch: 28 trainAccuracy: 0.0118 delta: -0.0127
epoch: 29 trainAccuracy: 0.0157 delta: -0.0088
epoch: 30 trainAccuracy: 0.0167 delta: -0.0078
epoch: 31 trainAccuracy: 0.0157 delta: -0.0088
epoch: 32 trainAccuracy: 0.0245 delta: 0.0
epoch: 33 trainAccuracy: 0.0284 delta: 0.0039
epoch: 34 trainAccuracy: 0.0353 delta: 0.0069
epoch: 35 trainAccuracy: 0.0422 delta: 0.0069
epoch: 36 trainAccuracy: 0.049 delta: 0.0068
epoch: 37 trainAccuracy: 0.0676 delta: 0.0186
epoch: 38 trainAccuracy: 0.0824 delta: 0.0148
epoch: 39 trainAccuracy: 0.1382 delta: 0.0558
