etaMin=1e-5
[38;5;2m[i 0327 04:23:23.515930 48 compiler.py:944] Jittor(1.3.1.48) src: /root/miniconda3/envs/jittor-fanxiaoyu/lib/python3.9/site-packages/jittor[m
[38;5;2m[i 0327 04:23:23.519161 48 compiler.py:945] g++ at /usr/bin/g++(9.4.0)[m
[38;5;2m[i 0327 04:23:23.519271 48 compiler.py:946] cache_path: /root/.cache/jittor/jt1.3.1/g++9.4.0/py3.9.7/Linux-5.4.0-96xb0/IntelRXeonRCPUx84/default[m
[38;5;2m[i 0327 04:23:23.522883 48 __init__.py:376] Found /usr/local/cuda/bin/nvcc(10.2.89) at /usr/local/cuda/bin/nvcc.[m
[38;5;2m[i 0327 04:23:23.526966 48 __init__.py:376] Found addr2line(2.34) at /usr/bin/addr2line.[m
[38;5;2m[i 0327 04:23:23.647799 48 compiler.py:999] cuda key:cu10.2.89_sm_61[m
[38;5;2m[i 0327 04:23:23.829497 48 __init__.py:191] Total mem: 219.71GB, using 16 procs for compiling.[m
[38;5;2m[i 0327 04:23:23.945827 48 jit_compiler.cc:27] Load cc_path: /usr/bin/g++[m
[38;5;2m[i 0327 04:23:24.277008 48 init.cc:62] Found cuda archs: [61,][m
[38;5;2m[i 0327 04:23:24.474488 48 __init__.py:376] Found mpicc(4.0.3) at /usr/bin/mpicc.[m
[38;5;2m[i 0327 04:23:24.596864 48 compile_extern.py:29] found /usr/local/cuda/include/cublas.h[m
[38;5;2m[i 0327 04:23:24.605568 48 compile_extern.py:29] found /usr/local/cuda/lib64/libcublas.so[m
[38;5;2m[i 0327 04:23:24.605728 48 compile_extern.py:29] found /usr/local/cuda/lib64/libcublasLt.so.10[m
[38;5;2m[i 0327 04:23:24.882971 48 compile_extern.py:29] found /usr/include/cudnn.h[m
[38;5;2m[i 0327 04:23:24.898136 48 compile_extern.py:29] found /usr/lib/x86_64-linux-gnu/libcudnn.so[m
[38;5;2m[i 0327 04:23:26.161767 48 compile_extern.py:29] found /usr/local/cuda/include/curand.h[m
[38;5;2m[i 0327 04:23:26.202460 48 compile_extern.py:29] found /usr/local/cuda/lib64/libcurand.so[m
[38;5;2m[i 0327 04:23:26.275975 48 cuda_flags.cc:32] CUDA enabled.[m
[38;5;2m[i 0327 04:23:26.291889 48 dataset.py:629] Found 102 classes and 1020 images.[m
[38;5;2m[i 0327 04:23:26.297241 48 dataset.py:629] Found 102 classes and 1020 images.[m
[38;5;2m[i 0327 04:23:26.321071 48 dataset.py:629] Found 102 classes and 6149 images.[m
----------------- A new trial ---------------------
modelName MLPMixer learning rate: 2.3e-05 epochs 200 etaMin 1e-05 savedName MLPepoch: 0 validAccuracy: 0.051 trainAccuracy: 0.0147 delta: 0.051
epoch: 1 validAccuracy: 0.0784 trainAccuracy: 0.051 delta: 0.0274
epoch: 2 validAccuracy: 0.1049 trainAccuracy: 0.0745 delta: 0.0265
epoch: 3 validAccuracy: 0.1275 trainAccuracy: 0.1127 delta: 0.0226
epoch: 4 validAccuracy: 0.1363 trainAccuracy: 0.1382 delta: 0.0088
epoch: 5 validAccuracy: 0.1559 trainAccuracy: 0.1686 delta: 0.0196
epoch: 6 validAccuracy: 0.1745 trainAccuracy: 0.1745 delta: 0.0186
epoch: 7 validAccuracy: 0.1892 trainAccuracy: 0.2284 delta: 0.0147
epoch: 8 validAccuracy: 0.2108 trainAccuracy: 0.2353 delta: 0.0216
epoch: 9 validAccuracy: 0.2176 trainAccuracy: 0.2696 delta: 0.0068
epoch: 10 validAccuracy: 0.2422 trainAccuracy: 0.3265 delta: 0.0246
epoch: 11 validAccuracy: 0.248 trainAccuracy: 0.3314 delta: 0.0058
epoch: 12 validAccuracy: 0.2657 trainAccuracy: 0.348 delta: 0.0177
epoch: 13 validAccuracy: 0.2618 trainAccuracy: 0.3706 delta: -0.0039
epoch: 14 validAccuracy: 0.2765 trainAccuracy: 0.3863 delta: 0.0108
epoch: 15 validAccuracy: 0.2784 trainAccuracy: 0.4069 delta: 0.0019
epoch: 16 validAccuracy: 0.2794 trainAccuracy: 0.4078 delta: 0.001
epoch: 17 validAccuracy: 0.2804 trainAccuracy: 0.4333 delta: 0.001
epoch: 18 validAccuracy: 0.2922 trainAccuracy: 0.4275 delta: 0.0118
epoch: 19 validAccuracy: 0.2853 trainAccuracy: 0.449 delta: -0.0069
epoch: 20 validAccuracy: 0.2882 trainAccuracy: 0.4539 delta: -0.004
epoch: 21 validAccuracy: 0.2794 trainAccuracy: 0.4559 delta: -0.0128
epoch: 22 validAccuracy: 0.3049 trainAccuracy: 0.4686 delta: 0.0127
epoch: 23 validAccuracy: 0.302 trainAccuracy: 0.4804 delta: -0.0029
epoch: 24 validAccuracy: 0.301 trainAccuracy: 0.5069 delta: -0.0039
epoch: 25 validAccuracy: 0.3137 trainAccuracy: 0.5127 delta: 0.0088
epoch: 26 validAccuracy: 0.302 trainAccuracy: 0.5255 delta: -0.0117
epoch: 27 validAccuracy: 0.3186 trainAccuracy: 0.549 delta: 0.0049
epoch: 28 validAccuracy: 0.3186 trainAccuracy: 0.5706 delta: 0.0
epoch: 29 validAccuracy: 0.3245 trainAccuracy: 0.5873 delta: 0.0059
epoch: 30 validAccuracy: 0.3098 trainAccuracy: 0.6147 delta: -0.0147
epoch: 31 validAccuracy: 0.3235 trainAccuracy: 0.6402 delta: -0.001
epoch: 32 validAccuracy: 0.3314 trainAccuracy: 0.6686 delta: 0.0069
epoch: 33 validAccuracy: 0.3235 trainAccuracy: 0.7059 delta: -0.0079
epoch: 34 validAccuracy: 0.3235 trainAccuracy: 0.7392 delta: -0.0079
epoch: 35 validAccuracy: 0.348 trainAccuracy: 0.7657 delta: 0.0166
epoch: 36 validAccuracy: 0.349 trainAccuracy: 0.8088 delta: 0.001
epoch: 37 validAccuracy: 0.3588 trainAccuracy: 0.8176 delta: 0.0098
epoch: 38 validAccuracy: 0.3402 trainAccuracy: 0.8529 delta: -0.0186
epoch: 39 validAccuracy: 0.3353 trainAccuracy: 0.8696 delta: -0.0235
epoch: 40 validAccuracy: 0.3598 trainAccuracy: 0.898 delta: 0.001
epoch: 41 validAccuracy: 0.348 trainAccuracy: 0.9127 delta: -0.0118
epoch: 42 validAccuracy: 0.3569 trainAccuracy: 0.9255 delta: -0.0029
epoch: 43 validAccuracy: 0.3588 trainAccuracy: 0.9402 delta: -0.001
epoch: 44 validAccuracy: 0.3706 trainAccuracy: 0.9431 delta: 0.0108
epoch: 45 validAccuracy: 0.3529 trainAccuracy: 0.9598 delta: -0.0177
epoch: 46 validAccuracy: 0.3627 trainAccuracy: 0.9588 delta: -0.0079
epoch: 47 validAccuracy: 0.3618 trainAccuracy: 0.9676 delta: -0.0088
epoch: 48 validAccuracy: 0.3627 trainAccuracy: 0.9706 delta: -0.0079
epoch: 49 validAccuracy: 0.3578 trainAccuracy: 0.9696 delta: -0.0128
epoch: 50 validAccuracy: 0.352 trainAccuracy: 0.9775 delta: -0.0186
epoch: 51 validAccuracy: 0.3657 trainAccuracy: 0.9745 delta: -0.0049
epoch: 52 validAccuracy: 0.3618 trainAccuracy: 0.9843 delta: -0.0088
epoch: 53 validAccuracy: 0.3657 trainAccuracy: 0.9745 delta: -0.0049
epoch: 54 validAccuracy: 0.3676 trainAccuracy: 0.9833 delta: -0.003
epoch: 55 validAccuracy: 0.3667 trainAccuracy: 0.9892 delta: -0.0039
epoch: 56 validAccuracy: 0.3549 trainAccuracy: 0.9882 delta: -0.0157
epoch: 57 validAccuracy: 0.3598 trainAccuracy: 0.9882 delta: -0.0108
epoch: 58 validAccuracy: 0.3676 trainAccuracy: 0.9833 delta: -0.003
epoch: 59 validAccuracy: 0.3637 trainAccuracy: 0.9931 delta: -0.0069
epoch: 60 validAccuracy: 0.3657 trainAccuracy: 0.9873 delta: -0.0049
epoch: 61 validAccuracy: 0.3529 trainAccuracy: 0.9951 delta: -0.0177
epoch: 62 validAccuracy: 0.3676 trainAccuracy: 0.9951 delta: -0.003
epoch: 63 validAccuracy: 0.3539 trainAccuracy: 0.9941 delta: -0.0167
epoch: 64 validAccuracy: 0.3686 trainAccuracy: 0.9971 delta: -0.002
epoch: 65 validAccuracy: 0.3716 trainAccuracy: 0.999 delta: 0.001
epoch: 66 validAccuracy: 0.3647 trainAccuracy: 1.0 delta: -0.0069
epoch: 67 validAccuracy: 0.3676 trainAccuracy: 0.999 delta: -0.004
epoch: 68 validAccuracy: 0.3706 trainAccuracy: 0.998 delta: -0.001
epoch: 69 validAccuracy: 0.3696 trainAccuracy: 1.0 delta: -0.002
epoch: 70 validAccuracy: 0.3686 trainAccuracy: 0.999 delta: -0.003
epoch: 71 validAccuracy: 0.3706 trainAccuracy: 1.0 delta: -0.001
epoch: 72 validAccuracy: 0.3706 trainAccuracy: 1.0 delta: -0.001
epoch: 73 validAccuracy: 0.3745 trainAccuracy: 0.999 delta: 0.0029
epoch: 74 validAccuracy: 0.3696 trainAccuracy: 0.999 delta: -0.0049
epoch: 75 validAccuracy: 0.3676 trainAccuracy: 1.0 delta: -0.0069
epoch: 76 validAccuracy: 0.3706 trainAccuracy: 1.0 delta: -0.0039
epoch: 77 validAccuracy: 0.3706 trainAccuracy: 1.0 delta: -0.0039
epoch: 78 validAccuracy: 0.3716 trainAccuracy: 1.0 delta: -0.0029
epoch: 79 validAccuracy: 0.3676 trainAccuracy: 1.0 delta: -0.0069
epoch: 80 validAccuracy: 0.3706 trainAccuracy: 1.0 delta: -0.0039
epoch: 81 validAccuracy: 0.3725 trainAccuracy: 1.0 delta: -0.002
epoch: 82 validAccuracy: 0.3765 trainAccuracy: 1.0 delta: 0.002
epoch: 83 validAccuracy: 0.3716 trainAccuracy: 1.0 delta: -0.0049
epoch: 84 validAccuracy: 0.3735 trainAccuracy: 1.0 delta: -0.003
epoch: 85 validAccuracy: 0.3706 trainAccuracy: 0.999 delta: -0.0059
epoch: 86 validAccuracy: 0.3755 trainAccuracy: 1.0 delta: -0.001
epoch: 87 validAccuracy: 0.3657 trainAccuracy: 1.0 delta: -0.0108
epoch: 88 validAccuracy: 0.3696 trainAccuracy: 1.0 delta: -0.0069
epoch: 89 validAccuracy: 0.3735 trainAccuracy: 1.0 delta: -0.003
epoch: 90 validAccuracy: 0.3814 trainAccuracy: 1.0 delta: 0.0049
epoch: 91 validAccuracy: 0.3765 trainAccuracy: 1.0 delta: -0.0049
epoch: 92 validAccuracy: 0.3716 trainAccuracy: 1.0 delta: -0.0098
epoch: 93 validAccuracy: 0.3784 trainAccuracy: 1.0 delta: -0.003
epoch: 94 validAccuracy: 0.3765 trainAccuracy: 1.0 delta: -0.0049
epoch: 95 validAccuracy: 0.3706 trainAccuracy: 1.0 delta: -0.0108
epoch: 96 validAccuracy: 0.3755 trainAccuracy: 1.0 delta: -0.0059
epoch: 97 validAccuracy: 0.3735 trainAccuracy: 1.0 delta: -0.0079
epoch: 98 validAccuracy: 0.3706 trainAccuracy: 1.0 delta: -0.0108
epoch: 99 validAccuracy: 0.3755 trainAccuracy: 1.0 delta: -0.0059
epoch: 100 validAccuracy: 0.3775 trainAccuracy: 1.0 delta: -0.0039
epoch: 101 validAccuracy: 0.3735 trainAccuracy: 0.999 delta: -0.0079
epoch: 102 validAccuracy: 0.3775 trainAccuracy: 0.999 delta: -0.0039
epoch: 103 validAccuracy: 0.3735 trainAccuracy: 1.0 delta: -0.0079
epoch: 104 validAccuracy: 0.3706 trainAccuracy: 1.0 delta: -0.0108
epoch: 105 validAccuracy: 0.3735 trainAccuracy: 1.0 delta: -0.0079
epoch: 106 validAccuracy: 0.3755 trainAccuracy: 1.0 delta: -0.0059
epoch: 107 validAccuracy: 0.3794 trainAccuracy: 1.0 delta: -0.002
epoch: 108 validAccuracy: 0.3745 trainAccuracy: 1.0 delta: -0.0069
epoch: 109 validAccuracy: 0.3725 trainAccuracy: 1.0 delta: -0.0089
epoch: 110 validAccuracy: 0.3765 trainAccuracy: 1.0 delta: -0.0049
epoch: 111 validAccuracy: 0.3735 trainAccuracy: 1.0 delta: -0.0079
epoch: 112 validAccuracy: 0.3794 trainAccuracy: 1.0 delta: -0.002
epoch: 113 validAccuracy: 0.3765 trainAccuracy: 1.0 delta: -0.0049
epoch: 114 validAccuracy: 0.3814 trainAccuracy: 1.0 delta: 0.0
epoch: 115 validAccuracy: 0.3794 trainAccuracy: 1.0 delta: -0.002
epoch: 116 validAccuracy: 0.3745 trainAccuracy: 1.0 delta: -0.0069
epoch: 117 validAccuracy: 0.3775 trainAccuracy: 1.0 delta: -0.0039
epoch: 118 validAccuracy: 0.3775 trainAccuracy: 1.0 delta: -0.0039
epoch: 119 validAccuracy: 0.3696 trainAccuracy: 0.999 delta: -0.0118
epoch: 120 validAccuracy: 0.3667 trainAccuracy: 1.0 delta: -0.0147
epoch: 121 validAccuracy: 0.3676 trainAccuracy: 1.0 delta: -0.0138
epoch: 122 validAccuracy: 0.3608 trainAccuracy: 0.9971 delta: -0.0206
epoch: 123 validAccuracy: 0.3657 trainAccuracy: 0.9971 delta: -0.0157
epoch: 124 validAccuracy: 0.3618 trainAccuracy: 0.9892 delta: -0.0196
epoch: 125 validAccuracy: 0.3667 trainAccuracy: 0.9961 delta: -0.0147
epoch: 126 validAccuracy: 0.35 trainAccuracy: 0.9971 delta: -0.0314
epoch: 127 validAccuracy: 0.3608 trainAccuracy: 0.998 delta: -0.0206
epoch: 128 validAccuracy: 0.3412 trainAccuracy: 0.9912 delta: -0.0402
epoch: 129 validAccuracy: 0.3578 trainAccuracy: 0.9971 delta: -0.0236
epoch: 130 validAccuracy: 0.3647 trainAccuracy: 1.0 delta: -0.0167
epoch: 131 validAccuracy: 0.3618 trainAccuracy: 0.999 delta: -0.0196
epoch: 132 validAccuracy: 0.3676 trainAccuracy: 1.0 delta: -0.0138
epoch: 133 validAccuracy: 0.3676 trainAccuracy: 1.0 delta: -0.0138
epoch: 134 validAccuracy: 0.3745 trainAccuracy: 1.0 delta: -0.0069
epoch: 135 validAccuracy: 0.3755 trainAccuracy: 1.0 delta: -0.0059
epoch: 136 validAccuracy: 0.3735 trainAccuracy: 1.0 delta: -0.0079
epoch: 137 validAccuracy: 0.3794 trainAccuracy: 1.0 delta: -0.002
epoch: 138 validAccuracy: 0.3706 trainAccuracy: 1.0 delta: -0.0108
epoch: 139 validAccuracy: 0.3745 trainAccuracy: 1.0 delta: -0.0069
epoch: 140 validAccuracy: 0.3716 trainAccuracy: 1.0 delta: -0.0098
==========================================================================================
validAccuracy 0.3814 bestEpoch 90 stopEpoch 140
==========================================================================================
