[38;5;2m[i 0319 07:59:22.255871 72 compiler.py:944] Jittor(1.3.1.48) src: /root/miniconda3/envs/jittor-fepoch: 0 validAccuracy: 0.0637 trainAccuracy: 0.0216 delta: 0.0637
epoch: 1 validAccuracy: 0.0882 trainAccuracy: 0.0549 delta: 0.0245
epoch: 2 validAccuracy: 0.0931 trainAccuracy: 0.0843 delta: 0.0049
epoch: 3 validAccuracy: 0.1284 trainAccuracy: 0.1098 delta: 0.0353
epoch: 4 validAccuracy: 0.1569 trainAccuracy: 0.1451 delta: 0.0285
epoch: 5 validAccuracy: 0.1843 trainAccuracy: 0.198 delta: 0.0274
epoch: 6 validAccuracy: 0.2147 trainAccuracy: 0.2353 delta: 0.0304
epoch: 7 validAccuracy: 0.2245 trainAccuracy: 0.2863 delta: 0.0098
epoch: 8 validAccuracy: 0.2225 trainAccuracy: 0.2971 delta: -0.002
m[i 0319 07:59:22.626038 72 __init__.py:191] Total mem: 219.71GB, using 16 procs for compiling.[m
[38;5;2m[i 0319 07:59:22.744018 72 jit_compiler.cc:27] Load cc_path: /usr/bin/g++[m
[38;5;2m[i 0319 07:59:22.995502 72 init.cc:62] Found cuda archs: [61,][m
[38;5;2m[i 0319 07:59:23.154588 72 __init__.py:376] Found mpicc(2.1.1) at /usr/bin/mpicc.[m
[38;5;2m[i 0319 07:59:23.259503 72 compile_extern.py:29] found /usr/include/cublas.h[m
[38;5;2m[i 0319 07:59:23.266623 72 compile_extern.py:29] found /usr/lib/x86_64-linux-gnu/libcublas.so[m
[38;5;2m[i 0319 07:59:23.266829 72 compile_extern.py:29] found /usr/lib/x86_64-linux-gnu/libcublasLt.so.10[m
[38;5;2m[i 0319 07:59:23.536636 72 compile_extern.py:29] found /usr/include/cudnn.h[m
[38;5;2m[i 0319 07:59:23.546666 72 compile_extern.py:29] found /usr/lib/x86_64-linux-gnu/libcudnn.so[m
[38;5;2m[i 0319 07:59:24.496503 72 compile_extern.py:29] found /usr/local/cuda/include/curand.h[m
[38;5;2m[i 0319 07:59:24.533698 72 compile_extern.py:29] found /usr/local/cuda/lib64/libcurand.so[m
[38;5;2m[i 0319 07:59:24.619477 72 cuda_flags.cc:32] CUDA enabled.[m
[38;5;2m[i 0319 07:59:24.639408 72 dataset.py:629] Found 102 classes and 1020 images.[m
[38;5;2m[i 0319 07:59:24.644951 72 dataset.py:629] Found 102 classes and 1020 images.[m
[38;5;2m[i 0319 07:59:24.669092 72 dataset.py:629] Found 102 classes and 6149 images.[m
----------------- A new trial ---------------------
modelName MLPMixer learning rate: 2.3e-05 epochs 200
epoch: 0 validAccuracy: 0.0637 trainAccuracy: 0.0216 delta: 0.0637
epoch: 1 validAccuracy: 0.0882 trainAccuracy: 0.0549 delta: 0.0245
epoch: 2 validAccuracy: 0.0931 trainAccuracy: 0.0843 delta: 0.0049
epoch: 3 validAccuracy: 0.1284 trainAccuracy: 0.1098 delta: 0.0353
epoch: 4 validAccuracy: 0.1569 trainAccuracy: 0.1451 delta: 0.0285
epoch: 5 validAccuracy: 0.1843 trainAccuracy: 0.198 delta: 0.0274
epoch: 6 validAccuracy: 0.2147 trainAccuracy: 0.2353 delta: 0.0304
epoch: 7 validAccuracy: 0.2245 trainAccuracy: 0.2863 delta: 0.0098
epoch: 8 validAccuracy: 0.2225 trainAccuracy: 0.2971 delta: -0.002
epoch: 9 validAccuracy: 0.251 trainAccuracy: 0.3549 delta: 0.0265
epoch: 10 validAccuracy: 0.2784 trainAccuracy: 0.3922 delta: 0.0274
epoch: 11 validAccuracy: 0.2676 trainAccuracy: 0.4402 delta: -0.0108
epoch: 12 validAccuracy: 0.2833 trainAccuracy: 0.4422 delta: 0.0049
epoch: 13 validAccuracy: 0.2951 trainAccuracy: 0.4794 delta: 0.0118
epoch: 14 validAccuracy: 0.2863 trainAccuracy: 0.4971 delta: -0.0088
epoch: 15 validAccuracy: 0.3049 trainAccuracy: 0.5265 delta: 0.0098
epoch: 16 validAccuracy: 0.3029 trainAccuracy: 0.5373 delta: -0.002
epoch: 17 validAccuracy: 0.3118 trainAccuracy: 0.5539 delta: 0.0069
epoch: 18 validAccuracy: 0.3069 trainAccuracy: 0.5588 delta: -0.0049
epoch: 19 validAccuracy: 0.3157 trainAccuracy: 0.5765 delta: 0.0039
epoch: 20 validAccuracy: 0.3176 trainAccuracy: 0.5725 delta: 0.0019
epoch: 21 validAccuracy: 0.3137 trainAccuracy: 0.5775 delta: -0.0039
epoch: 22 validAccuracy: 0.3059 trainAccuracy: 0.5902 delta: -0.0117
epoch: 23 validAccuracy: 0.3245 trainAccuracy: 0.6078 delta: 0.0069
epoch: 24 validAccuracy: 0.3098 trainAccuracy: 0.6392 delta: -0.0147
epoch: 25 validAccuracy: 0.3127 trainAccuracy: 0.6529 delta: -0.0118
epoch: 26 validAccuracy: 0.3167 trainAccuracy: 0.6971 delta: -0.0078
epoch: 27 validAccuracy: 0.3167 trainAccuracy: 0.6951 delta: -0.0078
epoch: 28 validAccuracy: 0.3412 trainAccuracy: 0.7471 delta: 0.0167
epoch: 29 validAccuracy: 0.3245 trainAccuracy: 0.7824 delta: -0.0167
epoch: 30 validAccuracy: 0.3255 trainAccuracy: 0.8147 delta: -0.0157
epoch: 31 validAccuracy: 0.3137 trainAccuracy: 0.8225 delta: -0.0275
epoch: 32 validAccuracy: 0.3353 trainAccuracy: 0.8775 delta: -0.0059
epoch: 33 validAccuracy: 0.3373 trainAccuracy: 0.9186 delta: -0.0039
epoch: 34 validAccuracy: 0.3382 trainAccuracy: 0.9392 delta: -0.003
epoch: 35 validAccuracy: 0.3382 trainAccuracy: 0.9608 delta: -0.003
epoch: 36 validAccuracy: 0.352 trainAccuracy: 0.9706 delta: 0.0108
epoch: 37 validAccuracy: 0.3549 trainAccuracy: 0.9775 delta: 0.0029
epoch: 38 validAccuracy: 0.3598 trainAccuracy: 0.9814 delta: 0.0049
epoch: 39 validAccuracy: 0.3608 trainAccuracy: 0.9912 delta: 0.001
epoch: 40 validAccuracy: 0.3637 trainAccuracy: 0.9971 delta: 0.0029
epoch: 41 validAccuracy: 0.3588 trainAccuracy: 0.999 delta: -0.0049
epoch: 42 validAccuracy: 0.3627 trainAccuracy: 0.999 delta: -0.001
epoch: 43 validAccuracy: 0.3529 trainAccuracy: 0.999 delta: -0.0108
epoch: 44 validAccuracy: 0.3529 trainAccuracy: 1.0 delta: -0.0108
epoch: 45 validAccuracy: 0.3618 trainAccuracy: 1.0 delta: -0.0019
epoch: 46 validAccuracy: 0.3569 trainAccuracy: 1.0 delta: -0.0068
epoch: 47 validAccuracy: 0.3539 trainAccuracy: 1.0 delta: -0.0098
epoch: 48 validAccuracy: 0.3549 trainAccuracy: 1.0 delta: -0.0088
epoch: 49 validAccuracy: 0.3549 trainAccuracy: 1.0 delta: -0.0088
epoch: 50 validAccuracy: 0.3539 trainAccuracy: 1.0 delta: -0.0098
epoch: 51 validAccuracy: 0.3608 trainAccuracy: 0.999 delta: -0.0029
epoch: 52 validAccuracy: 0.3598 trainAccuracy: 1.0 delta: -0.0039
epoch: 53 validAccuracy: 0.3569 trainAccuracy: 0.999 delta: -0.0068
epoch: 54 validAccuracy: 0.351 trainAccuracy: 0.999 delta: -0.0127
epoch: 55 validAccuracy: 0.3402 trainAccuracy: 0.998 delta: -0.0235
epoch: 56 validAccuracy: 0.35 trainAccuracy: 0.9902 delta: -0.0137
epoch: 57 validAccuracy: 0.3265 trainAccuracy: 0.9892 delta: -0.0372
epoch: 58 validAccuracy: 0.3196 trainAccuracy: 0.9784 delta: -0.0441
epoch: 59 validAccuracy: 0.349 trainAccuracy: 0.9784 delta: -0.0147
epoch: 60 validAccuracy: 0.3441 trainAccuracy: 0.9853 delta: -0.0196
epoch: 61 validAccuracy: 0.3363 trainAccuracy: 0.998 delta: -0.0274
epoch: 62 validAccuracy: 0.3392 trainAccuracy: 0.999 delta: -0.0245
epoch: 63 validAccuracy: 0.3569 trainAccuracy: 0.998 delta: -0.0068
epoch: 64 validAccuracy: 0.348 trainAccuracy: 0.9922 delta: -0.0157
epoch: 65 validAccuracy: 0.3422 trainAccuracy: 0.9912 delta: -0.0215
epoch: 66 validAccuracy: 0.3441 trainAccuracy: 0.998 delta: -0.0196
epoch: 67 validAccuracy: 0.3471 trainAccuracy: 0.9971 delta: -0.0166
epoch: 68 validAccuracy: 0.35 trainAccuracy: 0.998 delta: -0.0137
epoch: 69 validAccuracy: 0.352 trainAccuracy: 1.0 delta: -0.0117
epoch: 70 validAccuracy: 0.352 trainAccuracy: 1.0 delta: -0.0117
epoch: 71 validAccuracy: 0.3549 trainAccuracy: 1.0 delta: -0.0088
epoch: 72 validAccuracy: 0.3539 trainAccuracy: 1.0 delta: -0.0098
epoch: 73 validAccuracy: 0.3529 trainAccuracy: 1.0 delta: -0.0108
epoch: 74 validAccuracy: 0.351 trainAccuracy: 1.0 delta: -0.0127
epoch: 75 validAccuracy: 0.352 trainAccuracy: 1.0 delta: -0.0117
epoch: 76 validAccuracy: 0.352 trainAccuracy: 1.0 delta: -0.0117
epoch: 77 validAccuracy: 0.352 trainAccuracy: 1.0 delta: -0.0117
epoch: 78 validAccuracy: 0.3559 trainAccuracy: 1.0 delta: -0.0078
epoch: 79 validAccuracy: 0.352 trainAccuracy: 1.0 delta: -0.0117
epoch: 80 validAccuracy: 0.3539 trainAccuracy: 1.0 delta: -0.0098
epoch: 81 validAccuracy: 0.3588 trainAccuracy: 1.0 delta: -0.0049
epoch: 82 validAccuracy: 0.3549 trainAccuracy: 1.0 delta: -0.0088
epoch: 83 validAccuracy: 0.3549 trainAccuracy: 1.0 delta: -0.0088
epoch: 84 validAccuracy: 0.3549 trainAccuracy: 1.0 delta: -0.0088
epoch: 85 validAccuracy: 0.3578 trainAccuracy: 1.0 delta: -0.0059
epoch: 86 validAccuracy: 0.3569 trainAccuracy: 1.0 delta: -0.0068
epoch: 87 validAccuracy: 0.352 trainAccuracy: 1.0 delta: -0.0117
epoch: 88 validAccuracy: 0.3569 trainAccuracy: 1.0 delta: -0.0068
epoch: 89 validAccuracy: 0.2912 trainAccuracy: 0.9245 delta: -0.0725
epoch: 90 validAccuracy: 0.3118 trainAccuracy: 0.8353 delta: -0.0519
==========================================================================================
validAccuracy 0.3637 bestEpoch 40 testAccuracy 0.2843 stopEpoch 90
==========================================================================================
[38;5;2m[i 0319 08:43:58.874969 72 dataset.py:629] Found 102 classes and 1020 images.[m
[38;5;2m[i 0319 08:43:58.880163 72 dataset.py:629] Found 102 classes and 1020 images.[m
[38;5;2m[i 0319 08:43:58.903531 72 dataset.py:629] Found 102 classes and 6149 images.[m
----------------- A new trial ---------------------
modelName ViT learning rate: 5e-05 epochs 200
epoch: 0 validAccuracy: 0.0696 trainAccuracy: 0.0333 delta: 0.0696
epoch: 1 validAccuracy: 0.1431 trainAccuracy: 0.0755 delta: 0.0735
epoch: 2 validAccuracy: 0.1627 trainAccuracy: 0.1324 delta: 0.0196
epoch: 3 validAccuracy: 0.1922 trainAccuracy: 0.202 delta: 0.0295
epoch: 4 validAccuracy: 0.2402 trainAccuracy: 0.2588 delta: 0.048
epoch: 5 validAccuracy: 0.25 trainAccuracy: 0.3324 delta: 0.0098
epoch: 6 validAccuracy: 0.2765 trainAccuracy: 0.4127 delta: 0.0265
epoch: 7 validAccuracy: 0.3059 trainAccuracy: 0.4588 delta: 0.0294
epoch: 8 validAccuracy: 0.3127 trainAccuracy: 0.5304 delta: 0.0068
epoch: 9 validAccuracy: 0.3402 trainAccuracy: 0.6225 delta: 0.0275
epoch: 10 validAccuracy: 0.3647 trainAccuracy: 0.7029 delta: 0.0245
epoch: 11 validAccuracy: 0.351 trainAccuracy: 0.7892 delta: -0.0137
epoch: 12 validAccuracy: 0.3549 trainAccuracy: 0.8412 delta: -0.0098
epoch: 13 validAccuracy: 0.3735 trainAccuracy: 0.9029 delta: 0.0088
epoch: 14 validAccuracy: 0.3765 trainAccuracy: 0.9206 delta: 0.003
epoch: 15 validAccuracy: 0.3814 trainAccuracy: 0.9402 delta: 0.0049
epoch: 16 validAccuracy: 0.3863 trainAccuracy: 0.9529 delta: 0.0049
epoch: 17 validAccuracy: 0.3735 trainAccuracy: 0.9559 delta: -0.0128
epoch: 18 validAccuracy: 0.3824 trainAccuracy: 0.9588 delta: -0.0039
epoch: 19 validAccuracy: 0.3745 trainAccuracy: 0.9637 delta: -0.0118
epoch: 20 validAccuracy: 0.3873 trainAccuracy: 0.9578 delta: 0.001
epoch: 21 validAccuracy: 0.3686 trainAccuracy: 0.952 delta: -0.0187
epoch: 22 validAccuracy: 0.3667 trainAccuracy: 0.952 delta: -0.0206
epoch: 23 validAccuracy: 0.3578 trainAccuracy: 0.9186 delta: -0.0295
epoch: 24 validAccuracy: 0.3706 trainAccuracy: 0.8873 delta: -0.0167
epoch: 25 validAccuracy: 0.352 trainAccuracy: 0.8912 delta: -0.0353
epoch: 26 validAccuracy: 0.3431 trainAccuracy: 0.9314 delta: -0.0442
epoch: 27 validAccuracy: 0.3373 trainAccuracy: 0.9 delta: -0.05
epoch: 28 validAccuracy: 0.3412 trainAccuracy: 0.8931 delta: -0.0461
epoch: 29 validAccuracy: 0.352 trainAccuracy: 0.8912 delta: -0.0353
epoch: 30 validAccuracy: 0.349 trainAccuracy: 0.9324 delta: -0.0383
epoch: 31 validAccuracy: 0.3255 trainAccuracy: 0.9098 delta: -0.0618
epoch: 32 validAccuracy: 0.352 trainAccuracy: 0.9441 delta: -0.0353
epoch: 33 validAccuracy: 0.351 trainAccuracy: 0.952 delta: -0.0363
epoch: 34 validAccuracy: 0.3716 trainAccuracy: 0.9627 delta: -0.0157
epoch: 35 validAccuracy: 0.3843 trainAccuracy: 0.9716 delta: -0.003
epoch: 36 validAccuracy: 0.3676 trainAccuracy: 0.9892 delta: -0.0197
epoch: 37 validAccuracy: 0.3804 trainAccuracy: 0.998 delta: -0.0069
epoch: 38 validAccuracy: 0.3853 trainAccuracy: 1.0 delta: -0.002
epoch: 39 validAccuracy: 0.3853 trainAccuracy: 0.998 delta: -0.002
epoch: 40 validAccuracy: 0.3863 trainAccuracy: 1.0 delta: -0.001
epoch: 41 validAccuracy: 0.3863 trainAccuracy: 1.0 delta: -0.001
epoch: 42 validAccuracy: 0.3824 trainAccuracy: 1.0 delta: -0.0049
epoch: 43 validAccuracy: 0.3814 trainAccuracy: 0.999 delta: -0.0059
epoch: 44 validAccuracy: 0.3833 trainAccuracy: 1.0 delta: -0.004
epoch: 45 validAccuracy: 0.3843 trainAccuracy: 1.0 delta: -0.003
epoch: 46 validAccuracy: 0.3843 trainAccuracy: 1.0 delta: -0.003
epoch: 47 validAccuracy: 0.3804 trainAccuracy: 1.0 delta: -0.0069
epoch: 48 validAccuracy: 0.3824 trainAccuracy: 1.0 delta: -0.0049
epoch: 49 validAccuracy: 0.3794 trainAccuracy: 1.0 delta: -0.0079
epoch: 50 validAccuracy: 0.3863 trainAccuracy: 1.0 delta: -0.001
epoch: 51 validAccuracy: 0.3794 trainAccuracy: 1.0 delta: -0.0079
epoch: 52 validAccuracy: 0.3853 trainAccuracy: 1.0 delta: -0.002
epoch: 53 validAccuracy: 0.3843 trainAccuracy: 1.0 delta: -0.003
epoch: 54 validAccuracy: 0.3804 trainAccuracy: 1.0 delta: -0.0069
epoch: 55 validAccuracy: 0.3873 trainAccuracy: 1.0 delta: 0.0
epoch: 56 validAccuracy: 0.3765 trainAccuracy: 0.9971 delta: -0.0108
epoch: 57 validAccuracy: 0.3529 trainAccuracy: 0.9529 delta: -0.0344
epoch: 58 validAccuracy: 0.3167 trainAccuracy: 0.8176 delta: -0.0706
epoch: 59 validAccuracy: 0.3363 trainAccuracy: 0.8382 delta: -0.051
epoch: 60 validAccuracy: 0.3363 trainAccuracy: 0.8902 delta: -0.051
epoch: 61 validAccuracy: 0.3539 trainAccuracy: 0.9392 delta: -0.0334
epoch: 62 validAccuracy: 0.351 trainAccuracy: 0.9569 delta: -0.0363
epoch: 63 validAccuracy: 0.3382 trainAccuracy: 0.9608 delta: -0.0491
epoch: 64 validAccuracy: 0.348 trainAccuracy: 0.9657 delta: -0.0393
epoch: 65 validAccuracy: 0.3725 trainAccuracy: 0.9814 delta: -0.0148
epoch: 66 validAccuracy: 0.3686 trainAccuracy: 0.9922 delta: -0.0187
epoch: 67 validAccuracy: 0.3843 trainAccuracy: 0.9941 delta: -0.003
epoch: 68 validAccuracy: 0.3863 trainAccuracy: 0.999 delta: -0.001
epoch: 69 validAccuracy: 0.3804 trainAccuracy: 1.0 delta: -0.0069
epoch: 70 validAccuracy: 0.3824 trainAccuracy: 1.0 delta: -0.0049
==========================================================================================
validAccuracy 0.3873 bestEpoch 20 testAccuracy 0.3453 stopEpoch 70
==========================================================================================
