[38;5;2m[i 0327 11:40:04.170814 00 compiler.py:944] Jittor(1.3.1.48) src: /root/miniconda3/envs/jittor-fanxiaoyu/lib/python3.9/site-packages/jittor[m
[38;5;2m[i 0327 11:40:04.174079 00 compiler.py:945] g++ at /usr/bin/g++(9.4.0)[m
[38;5;2m[i 0327 11:40:04.174187 00 compiler.py:946] cache_path: /root/.cache/jittor/jt1.3.1/g++9.4.0/py3.9.7/Linux-5.4.0-96xb0/IntelRXeonRCPUx84/default[m
[38;5;2m[i 0327 11:40:04.177796 00 __init__.py:376] Found /usr/local/cuda/bin/nvcc(10.2.89) at /usr/local/cuda/bin/nvcc.[m
[38;5;2m[i 0327 11:40:04.181584 00 __init__.py:376] Found addr2line(2.34) at /usr/bin/addr2line.[m
[38;5;2m[i 0327 11:40:04.302954 00 compiler.py:999] cuda key:cu10.2.89_sm_61[m
[38;5;2m[i 0327 11:40:04.487669 00 __init__.py:191] Total mem: 219.71GB, using 16 procs for compiling.[m
[38;5;2m[i 0327 11:40:04.604319 00 jit_compiler.cc:27] Load cc_path: /usr/bin/g++[m
[38;5;2m[i 0327 11:40:04.872640 00 init.cc:62] Found cuda archs: [61,][m
[38;5;2m[i 0327 11:40:05.047161 00 __init__.py:376] Found mpicc(4.0.3) at /usr/bin/mpicc.[m
[38;5;2m[i 0327 11:40:05.167516 00 compile_extern.py:29] found /usr/local/cuda/include/cublas.h[m
[38;5;2m[i 0327 11:40:05.178584 00 compile_extern.py:29] found /usr/local/cuda/lib64/libcublas.so[m
[38;5;2m[i 0327 11:40:05.178773 00 compile_extern.py:29] found /usr/local/cuda/lib64/libcublasLt.so.10[m
[38;5;2m[i 0327 11:40:05.373952 00 compile_extern.py:29] found /usr/include/cudnn.h[m
[38;5;2m[i 0327 11:40:05.399562 00 compile_extern.py:29] found /usr/lib/x86_64-linux-gnu/libcudnn.so[m
[38;5;2m[i 0327 11:40:06.073193 00 compile_extern.py:29] found /usr/local/cuda/include/curand.h[m
[38;5;2m[i 0327 11:40:06.120822 00 compile_extern.py:29] found /usr/local/cuda/lib64/libcurand.so[m
[38;5;2m[i 0327 11:40:06.194734 00 cuda_flags.cc:32] CUDA enabled.[m
[38;5;2m[i 0327 11:40:06.225654 00 dataset.py:629] Found 1020 classes and 1020 images.[m
[38;5;2m[i 0327 11:40:06.231159 00 dataset.py:629] Found 102 classes and 1020 images.[m
[38;5;2m[i 0327 11:40:06.255083 00 dataset.py:629] Found 102 classes and 6149 images.[m
----------------- A new trial ---------------------
modelName ViT learning rate: 5e-05 epochs 300 etaMin 1e-05 savedName pretrained_4.pkl
epoch: 0 trainAccuracy: 0.0 delta: 0.0
epoch: 1 trainAccuracy: 0.0039 delta: 0.0039
epoch: 2 trainAccuracy: 0.002 delta: -0.0019
epoch: 3 trainAccuracy: 0.0069 delta: 0.003
epoch: 4 trainAccuracy: 0.0098 delta: 0.0029
epoch: 5 trainAccuracy: 0.0196 delta: 0.0098
epoch: 6 trainAccuracy: 0.0373 delta: 0.0177
epoch: 7 trainAccuracy: 0.051 delta: 0.0137
epoch: 8 trainAccuracy: 0.0735 delta: 0.0225
epoch: 9 trainAccuracy: 0.1206 delta: 0.0471
epoch: 10 trainAccuracy: 0.1373 delta: 0.0167
epoch: 11 trainAccuracy: 0.201 delta: 0.0637
epoch: 12 trainAccuracy: 0.2265 delta: 0.0255
epoch: 13 trainAccuracy: 0.2441 delta: 0.0176
epoch: 14 trainAccuracy: 0.2843 delta: 0.0402
epoch: 15 trainAccuracy: 0.3765 delta: 0.0922
epoch: 16 trainAccuracy: 0.3235 delta: -0.053
epoch: 17 trainAccuracy: 0.3078 delta: -0.0687
epoch: 18 trainAccuracy: 0.351 delta: -0.0255
epoch: 19 trainAccuracy: 0.5363 delta: 0.1598
epoch: 20 trainAccuracy: 0.3235 delta: -0.2128
epoch: 21 trainAccuracy: 0.401 delta: -0.1353
epoch: 22 trainAccuracy: 0.4059 delta: -0.1304
epoch: 23 trainAccuracy: 0.4902 delta: -0.0461
epoch: 24 trainAccuracy: 0.4147 delta: -0.1216
epoch: 25 trainAccuracy: 0.4255 delta: -0.1108
epoch: 26 trainAccuracy: 0.5441 delta: 0.0078
epoch: 27 trainAccuracy: 0.4559 delta: -0.0882
epoch: 28 trainAccuracy: 0.5735 delta: 0.0294
epoch: 29 trainAccuracy: 0.6 delta: 0.0265
epoch: 30 trainAccuracy: 0.6412 delta: 0.0412
epoch: 31 trainAccuracy: 0.599 delta: -0.0422
epoch: 32 trainAccuracy: 0.6049 delta: -0.0363
epoch: 33 trainAccuracy: 0.6765 delta: 0.0353
epoch: 34 trainAccuracy: 0.6392 delta: -0.0373
epoch: 35 trainAccuracy: 0.6745 delta: -0.002
epoch: 36 trainAccuracy: 0.7225 delta: 0.046
epoch: 37 trainAccuracy: 0.6706 delta: -0.0519
epoch: 38 trainAccuracy: 0.7206 delta: -0.0019
epoch: 39 trainAccuracy: 0.7941 delta: 0.0716
epoch: 40 trainAccuracy: 0.7775 delta: -0.0166
epoch: 41 trainAccuracy: 0.6304 delta: -0.1637
epoch: 42 trainAccuracy: 0.6784 delta: -0.1157
epoch: 43 trainAccuracy: 0.7176 delta: -0.0765
epoch: 44 trainAccuracy: 0.7912 delta: -0.0029
epoch: 45 trainAccuracy: 0.7196 delta: -0.0745
epoch: 46 trainAccuracy: 0.6696 delta: -0.1245
epoch: 47 trainAccuracy: 0.7824 delta: -0.0117
epoch: 48 trainAccuracy: 0.7971 delta: 0.003
epoch: 49 trainAccuracy: 0.8471 delta: 0.05
epoch: 50 trainAccuracy: 0.8735 delta: 0.0264
epoch: 51 trainAccuracy: 0.798 delta: -0.0755
epoch: 52 trainAccuracy: 0.7892 delta: -0.0843
epoch: 53 trainAccuracy: 0.7118 delta: -0.1617
epoch: 54 trainAccuracy: 0.8029 delta: -0.0706
epoch: 55 trainAccuracy: 0.7392 delta: -0.1343
epoch: 56 trainAccuracy: 0.7667 delta: -0.1068
epoch: 57 trainAccuracy: 0.7039 delta: -0.1696
epoch: 58 trainAccuracy: 0.8284 delta: -0.0451
epoch: 59 trainAccuracy: 0.7627 delta: -0.1108
epoch: 60 trainAccuracy: 0.6735 delta: -0.2
epoch: 61 trainAccuracy: 0.8667 delta: -0.0068
epoch: 62 trainAccuracy: 0.7794 delta: -0.0941
epoch: 63 trainAccuracy: 0.8882 delta: 0.0147
epoch: 64 trainAccuracy: 0.7931 delta: -0.0951
epoch: 65 trainAccuracy: 0.7824 delta: -0.1058
epoch: 66 trainAccuracy: 0.7392 delta: -0.149
epoch: 67 trainAccuracy: 0.7706 delta: -0.1176
epoch: 68 trainAccuracy: 0.8725 delta: -0.0157
epoch: 69 trainAccuracy: 0.8578 delta: -0.0304
epoch: 70 trainAccuracy: 0.8451 delta: -0.0431
epoch: 71 trainAccuracy: 0.6892 delta: -0.199
epoch: 72 trainAccuracy: 0.8833 delta: -0.0049
epoch: 73 trainAccuracy: 0.8333 delta: -0.0549
epoch: 74 trainAccuracy: 0.8637 delta: -0.0245
epoch: 75 trainAccuracy: 0.902 delta: 0.0138
epoch: 76 trainAccuracy: 0.8294 delta: -0.0726
epoch: 77 trainAccuracy: 0.8843 delta: -0.0177
epoch: 78 trainAccuracy: 0.8343 delta: -0.0677
epoch: 79 trainAccuracy: 0.8471 delta: -0.0549
epoch: 80 trainAccuracy: 0.8422 delta: -0.0598
epoch: 81 trainAccuracy: 0.8667 delta: -0.0353
epoch: 82 trainAccuracy: 0.8118 delta: -0.0902
epoch: 83 trainAccuracy: 0.899 delta: -0.003
epoch: 84 trainAccuracy: 0.8235 delta: -0.0785
epoch: 85 trainAccuracy: 0.8794 delta: -0.0226
epoch: 86 trainAccuracy: 0.7941 delta: -0.1079
epoch: 87 trainAccuracy: 0.7794 delta: -0.1226
epoch: 88 trainAccuracy: 0.8775 delta: -0.0245
epoch: 89 trainAccuracy: 0.8716 delta: -0.0304
epoch: 90 trainAccuracy: 0.8725 delta: -0.0295
epoch: 91 trainAccuracy: 0.8873 delta: -0.0147
epoch: 92 trainAccuracy: 0.8039 delta: -0.0981
epoch: 93 trainAccuracy: 0.6824 delta: -0.2196
epoch: 94 trainAccuracy: 0.7078 delta: -0.1942
epoch: 95 trainAccuracy: 0.801 delta: -0.101
epoch: 96 trainAccuracy: 0.8167 delta: -0.0853
epoch: 97 trainAccuracy: 0.8902 delta: -0.0118
epoch: 98 trainAccuracy: 0.8235 delta: -0.0785
epoch: 99 trainAccuracy: 0.8794 delta: -0.0226
epoch: 100 trainAccuracy: 0.7853 delta: -0.1167
epoch: 101 trainAccuracy: 0.9059 delta: 0.0039
epoch: 102 trainAccuracy: 0.9353 delta: 0.0294
epoch: 103 trainAccuracy: 0.9098 delta: -0.0255
epoch: 104 trainAccuracy: 0.8676 delta: -0.0677
epoch: 105 trainAccuracy: 0.9127 delta: -0.0226
epoch: 106 trainAccuracy: 0.8559 delta: -0.0794
epoch: 107 trainAccuracy: 0.852 delta: -0.0833
epoch: 108 trainAccuracy: 0.8637 delta: -0.0716
epoch: 109 trainAccuracy: 0.8392 delta: -0.0961
epoch: 110 trainAccuracy: 0.9686 delta: 0.0333
epoch: 111 trainAccuracy: 0.9373 delta: -0.0313
epoch: 112 trainAccuracy: 0.8422 delta: -0.1264
epoch: 113 trainAccuracy: 0.8402 delta: -0.1284
epoch: 114 trainAccuracy: 0.8775 delta: -0.0911
epoch: 115 trainAccuracy: 0.902 delta: -0.0666
epoch: 116 trainAccuracy: 0.6833 delta: -0.2853
epoch: 117 trainAccuracy: 0.6108 delta: -0.3578
epoch: 118 trainAccuracy: 0.8196 delta: -0.149
epoch: 119 trainAccuracy: 0.8725 delta: -0.0961
epoch: 120 trainAccuracy: 0.8206 delta: -0.148
epoch: 121 trainAccuracy: 0.8069 delta: -0.1617
epoch: 122 trainAccuracy: 0.8441 delta: -0.1245
epoch: 123 trainAccuracy: 0.8431 delta: -0.1255
epoch: 124 trainAccuracy: 0.851 delta: -0.1176
epoch: 125 trainAccuracy: 0.7833 delta: -0.1853
epoch: 126 trainAccuracy: 0.8569 delta: -0.1117
epoch: 127 trainAccuracy: 0.9216 delta: -0.047
epoch: 128 trainAccuracy: 0.7882 delta: -0.1804
epoch: 129 trainAccuracy: 0.8471 delta: -0.1215
epoch: 130 trainAccuracy: 0.7961 delta: -0.1725
epoch: 131 trainAccuracy: 0.8343 delta: -0.1343
epoch: 132 trainAccuracy: 0.9529 delta: -0.0157
epoch: 133 trainAccuracy: 0.8882 delta: -0.0804
epoch: 134 trainAccuracy: 0.8539 delta: -0.1147
epoch: 135 trainAccuracy: 0.8265 delta: -0.1421
epoch: 136 trainAccuracy: 0.8186 delta: -0.15
epoch: 137 trainAccuracy: 0.8627 delta: -0.1059
epoch: 138 trainAccuracy: 0.9167 delta: -0.0519
epoch: 139 trainAccuracy: 0.7853 delta: -0.1833
epoch: 140 trainAccuracy: 0.8588 delta: -0.1098
epoch: 141 trainAccuracy: 0.9 delta: -0.0686
epoch: 142 trainAccuracy: 0.8333 delta: -0.1353
epoch: 143 trainAccuracy: 0.8696 delta: -0.099
epoch: 144 trainAccuracy: 0.7961 delta: -0.1725
epoch: 145 trainAccuracy: 0.8765 delta: -0.0921
epoch: 146 trainAccuracy: 0.899 delta: -0.0696
epoch: 147 trainAccuracy: 0.7206 delta: -0.248
epoch: 148 trainAccuracy: 0.7275 delta: -0.2411
epoch: 149 trainAccuracy: 0.8922 delta: -0.0764
epoch: 150 trainAccuracy: 0.7745 delta: -0.1941
epoch: 151 trainAccuracy: 0.8765 delta: -0.0921
epoch: 152 trainAccuracy: 0.8667 delta: -0.1019
epoch: 153 trainAccuracy: 0.901 delta: -0.0676
epoch: 154 trainAccuracy: 0.9304 delta: -0.0382
epoch: 155 trainAccuracy: 0.95 delta: -0.0186
epoch: 156 trainAccuracy: 0.9304 delta: -0.0382
epoch: 157 trainAccuracy: 0.9588 delta: -0.0098
epoch: 158 trainAccuracy: 0.9127 delta: -0.0559
epoch: 159 trainAccuracy: 0.9275 delta: -0.0411
epoch: 160 trainAccuracy: 0.7833 delta: -0.1853
epoch: 161 trainAccuracy: 0.8578 delta: -0.1108
epoch: 162 trainAccuracy: 0.8853 delta: -0.0833
epoch: 163 trainAccuracy: 0.8912 delta: -0.0774
epoch: 164 trainAccuracy: 0.9676 delta: -0.001
epoch: 165 trainAccuracy: 0.902 delta: -0.0666
epoch: 166 trainAccuracy: 0.801 delta: -0.1676
epoch: 167 trainAccuracy: 0.8892 delta: -0.0794
epoch: 168 trainAccuracy: 0.849 delta: -0.1196
epoch: 169 trainAccuracy: 0.8225 delta: -0.1461
epoch: 170 trainAccuracy: 0.9392 delta: -0.0294
epoch: 171 trainAccuracy: 0.8314 delta: -0.1372
epoch: 172 trainAccuracy: 0.9265 delta: -0.0421
epoch: 173 trainAccuracy: 0.8931 delta: -0.0755
epoch: 174 trainAccuracy: 0.8892 delta: -0.0794
epoch: 175 trainAccuracy: 0.8775 delta: -0.0911
epoch: 176 trainAccuracy: 0.8667 delta: -0.1019
epoch: 177 trainAccuracy: 0.8225 delta: -0.1461
epoch: 178 trainAccuracy: 0.9196 delta: -0.049
epoch: 179 trainAccuracy: 0.9608 delta: -0.0078
epoch: 180 trainAccuracy: 0.8863 delta: -0.0823
epoch: 181 trainAccuracy: 0.8578 delta: -0.1108
epoch: 182 trainAccuracy: 0.9627 delta: -0.0059
epoch: 183 trainAccuracy: 0.7608 delta: -0.2078
epoch: 184 trainAccuracy: 0.8804 delta: -0.0882
epoch: 185 trainAccuracy: 0.8853 delta: -0.0833
epoch: 186 trainAccuracy: 0.8647 delta: -0.1039
epoch: 187 trainAccuracy: 0.8814 delta: -0.0872
epoch: 188 trainAccuracy: 0.9088 delta: -0.0598
epoch: 189 trainAccuracy: 0.901 delta: -0.0676
epoch: 190 trainAccuracy: 0.8804 delta: -0.0882
epoch: 191 trainAccuracy: 0.9275 delta: -0.0411
epoch: 192 trainAccuracy: 0.9029 delta: -0.0657
epoch: 193 trainAccuracy: 0.9373 delta: -0.0313
epoch: 194 trainAccuracy: 0.8216 delta: -0.147
epoch: 195 trainAccuracy: 0.9559 delta: -0.0127
epoch: 196 trainAccuracy: 0.8892 delta: -0.0794
epoch: 197 trainAccuracy: 0.9343 delta: -0.0343
epoch: 198 trainAccuracy: 0.9127 delta: -0.0559
epoch: 199 trainAccuracy: 0.9402 delta: -0.0284
epoch: 200 trainAccuracy: 0.8912 delta: -0.0774
epoch: 201 trainAccuracy: 0.8667 delta: -0.1019
epoch: 202 trainAccuracy: 0.9873 delta: 0.0187
epoch: 203 trainAccuracy: 0.95 delta: -0.0373
epoch: 204 trainAccuracy: 0.9118 delta: -0.0755
epoch: 205 trainAccuracy: 0.9265 delta: -0.0608
epoch: 206 trainAccuracy: 0.8814 delta: -0.1059
epoch: 207 trainAccuracy: 0.9294 delta: -0.0579
epoch: 208 trainAccuracy: 0.9265 delta: -0.0608
epoch: 209 trainAccuracy: 0.9167 delta: -0.0706
epoch: 210 trainAccuracy: 0.8059 delta: -0.1814
epoch: 211 trainAccuracy: 0.8892 delta: -0.0981
epoch: 212 trainAccuracy: 0.8922 delta: -0.0951
epoch: 213 trainAccuracy: 0.8588 delta: -0.1285
epoch: 214 trainAccuracy: 0.8765 delta: -0.1108
epoch: 215 trainAccuracy: 0.9186 delta: -0.0687
epoch: 216 trainAccuracy: 0.8578 delta: -0.1295
epoch: 217 trainAccuracy: 0.9059 delta: -0.0814
epoch: 218 trainAccuracy: 0.8275 delta: -0.1598
epoch: 219 trainAccuracy: 0.9196 delta: -0.0677
epoch: 220 trainAccuracy: 0.9245 delta: -0.0628
epoch: 221 trainAccuracy: 0.9206 delta: -0.0667
