[38;5;2m[i 0322 00:47:58.546994 20 compiler.py:944] Jittor(1.3.1.48) src: /root/miniconda3/envs/jittor-fanxiaoyu/lib/python3.9/site-packages/jittor[m
[38;5;2m[i 0322 00:47:58.551061 20 compiler.py:945] g++ at /usr/bin/g++(7.5.0)[m
[38;5;2m[i 0322 00:47:58.551170 20 compiler.py:946] cache_path: /root/.cache/jittor/jt1.3.1/g++7.5.0/py3.9.7/Linux-5.4.0-96xb0/IntelRXeonRCPUx84/default[m
[38;5;2m[i 0322 00:47:58.555512 20 __init__.py:376] Found /usr/local/cuda/bin/nvcc(10.2.89) at /usr/local/cuda/bin/nvcc.[m
[38;5;2m[i 0322 00:47:58.559576 20 __init__.py:376] Found addr2line(2.30) at /usr/bin/addr2line.[m
[38;5;2m[i 0322 00:47:58.690903 20 compiler.py:999] cuda key:cu10.2.89_sm_61[m
[38;5;2m[i 0322 00:47:58.917952 20 __init__.py:191] Total mem: 219.71GB, using 16 procs for compiling.[m
[38;5;2m[i 0322 00:47:59.041044 20 jit_compiler.cc:27] Load cc_path: /usr/bin/g++[m
[38;5;2m[i 0322 00:47:59.333233 20 init.cc:62] Found cuda archs: [61,][m
[38;5;2m[i 0322 00:47:59.528233 20 __init__.py:376] Found mpicc(2.1.1) at /usr/bin/mpicc.[m
[38;5;2m[i 0322 00:47:59.653555 20 compile_extern.py:29] found /usr/include/cublas.h[m
[38;5;2m[i 0322 00:47:59.663613 20 compile_extern.py:29] found /usr/lib/x86_64-linux-gnu/libcublas.so[m
[38;5;2m[i 0322 00:47:59.663805 20 compile_extern.py:29] found /usr/lib/x86_64-linux-gnu/libcublasLt.so.10[m
[38;5;2m[i 0322 00:47:59.861864 20 compile_extern.py:29] found /usr/include/cudnn.h[m
[38;5;2m[i 0322 00:47:59.878488 20 compile_extern.py:29] found /usr/lib/x86_64-linux-gnu/libcudnn.so[m
[38;5;2m[i 0322 00:48:00.636450 20 compile_extern.py:29] found /usr/local/cuda/include/curand.h[m
[38;5;2m[i 0322 00:48:00.677032 20 compile_extern.py:29] found /usr/local/cuda/lib64/libcurand.so[m
[38;5;2m[i 0322 00:48:00.750027 20 cuda_flags.cc:32] CUDA enabled.[m
[38;5;1m[e 0322 00:48:01.422678 20 __init__.py:1126] load parameter pos_embed failed: expect the shape of pos_embed to be [1,785,768,], but got [1,197,768,][m
[38;5;3m[w 0322 00:48:01.598966 20 __init__.py:1128] load total 96 params, 1 failed[m
[38;5;2m[i 0322 00:48:01.615017 20 dataset.py:629] Found 102 classes and 1020 images.[m
[38;5;2m[i 0322 00:48:01.622687 20 dataset.py:629] Found 102 classes and 1020 images.[m
[38;5;2m[i 0322 00:48:01.657098 20 dataset.py:629] Found 102 classes and 6149 images.[m
----------------- A new trial ---------------------
modelName ViT learning rate: 0.0005 epochs 800
epoch: 0 validAccuracy: 0.2804 trainAccuracy: 0.5284 delta: 0.2804
epoch: 1 validAccuracy: 0.2755 trainAccuracy: 0.5039 delta: -0.0049
epoch: 2 validAccuracy: 0.3431 trainAccuracy: 0.5431 delta: 0.0627
epoch: 3 validAccuracy: 0.3147 trainAccuracy: 0.6441 delta: -0.0284
epoch: 4 validAccuracy: 0.3412 trainAccuracy: 0.7049 delta: -0.0019
epoch: 5 validAccuracy: 0.3775 trainAccuracy: 0.7971 delta: 0.0344
epoch: 6 validAccuracy: 0.3882 trainAccuracy: 0.9049 delta: 0.0107
epoch: 7 validAccuracy: 0.3951 trainAccuracy: 0.952 delta: 0.0069
epoch: 8 validAccuracy: 0.4245 trainAccuracy: 0.9902 delta: 0.0294
epoch: 9 validAccuracy: 0.4098 trainAccuracy: 0.9931 delta: -0.0147
epoch: 10 validAccuracy: 0.4284 trainAccuracy: 0.999 delta: 0.0039
epoch: 11 validAccuracy: 0.4284 trainAccuracy: 1.0 delta: 0.0
epoch: 12 validAccuracy: 0.4324 trainAccuracy: 1.0 delta: 0.004
epoch: 13 validAccuracy: 0.4294 trainAccuracy: 1.0 delta: -0.003
epoch: 14 validAccuracy: 0.4265 trainAccuracy: 1.0 delta: -0.0059
epoch: 15 validAccuracy: 0.4245 trainAccuracy: 1.0 delta: -0.0079
epoch: 16 validAccuracy: 0.4245 trainAccuracy: 1.0 delta: -0.0079
