[38;5;2m[i 0321 13:40:46.107443 72 compiler.py:944] Jittor(1.3.1.48) src: /root/miniconda3/envs/jittor-fanxiaoyu/lib/python3.9/site-packages/jittor[m
[38;5;2m[i 0321 13:40:46.111592 72 compiler.py:945] g++ at /usr/bin/g++(7.5.0)[m
[38;5;2m[i 0321 13:40:46.111701 72 compiler.py:946] cache_path: /root/.cache/jittor/jt1.3.1/g++7.5.0/py3.9.7/Linux-5.4.0-96xb0/IntelRXeonRCPUx84/default[m
[38;5;2m[i 0321 13:40:46.115851 72 __init__.py:376] Found /usr/local/cuda/bin/nvcc(10.2.89) at /usr/local/cuda/bin/nvcc.[m
[38;5;2m[i 0321 13:40:46.120092 72 __init__.py:376] Found addr2line(2.30) at /usr/bin/addr2line.[m
[38;5;2m[i 0321 13:40:46.240276 72 compiler.py:999] cuda key:cu10.2.89_sm_61[m
[38;5;2m[i 0321 13:40:46.451370 72 __init__.py:191] Total mem: 219.71GB, using 16 procs for compiling.[m
[38;5;2m[i 0321 13:40:46.580872 72 jit_compiler.cc:27] Load cc_path: /usr/bin/g++[m
[38;5;2m[i 0321 13:40:46.979181 72 init.cc:62] Found cuda archs: [61,][m
[38;5;2m[i 0321 13:40:47.158296 72 __init__.py:376] Found mpicc(2.1.1) at /usr/bin/mpicc.[m
[38;5;2m[i 0321 13:40:47.268041 72 compile_extern.py:29] found /usr/include/cublas.h[m
[38;5;2m[i 0321 13:40:47.275953 72 compile_extern.py:29] found /usr/lib/x86_64-linux-gnu/libcublas.so[m
[38;5;2m[i 0321 13:40:47.276144 72 compile_extern.py:29] found /usr/lib/x86_64-linux-gnu/libcublasLt.so.10[m
[38;5;2m[i 0321 13:40:48.203755 72 compile_extern.py:29] found /usr/include/cudnn.h[m
[38;5;2m[i 0321 13:40:48.215462 72 compile_extern.py:29] found /usr/lib/x86_64-linux-gnu/libcudnn.so[m
[38;5;2m[i 0321 13:40:49.970145 72 compile_extern.py:29] found /usr/local/cuda/include/curand.h[m
[38;5;2m[i 0321 13:40:49.990742 72 compile_extern.py:29] found /usr/local/cuda/lib64/libcurand.so[m
[38;5;2m[i 0321 13:40:50.107727 72 cuda_flags.cc:32] CUDA enabled.[m
[38;5;2m[i 0321 13:40:50.129389 72 dataset.py:629] Found 102 classes and 1020 images.[m
[38;5;2m[i 0321 13:40:50.134952 72 dataset.py:629] Found 102 classes and 1020 images.[m
[38;5;2m[i 0321 13:40:50.158883 72 dataset.py:629] Found 102 classes and 6149 images.[m
----------------- A new trial ---------------------
modelName ViT learning rate: 0.0005 epochs 200
epoch: 0 validAccuracy: 0.0549 trainAccuracy: 0.0294 delta: 0.0549
epoch: 1 validAccuracy: 0.0824 trainAccuracy: 0.0461 delta: 0.0275
epoch: 2 validAccuracy: 0.0902 trainAccuracy: 0.0637 delta: 0.0078
epoch: 3 validAccuracy: 0.098 trainAccuracy: 0.0775 delta: 0.0078
epoch: 4 validAccuracy: 0.0873 trainAccuracy: 0.1118 delta: -0.0107
epoch: 5 validAccuracy: 0.1294 trainAccuracy: 0.1157 delta: 0.0314
epoch: 6 validAccuracy: 0.1245 trainAccuracy: 0.1216 delta: -0.0049
epoch: 7 validAccuracy: 0.1647 trainAccuracy: 0.152 delta: 0.0353
epoch: 8 validAccuracy: 0.1618 trainAccuracy: 0.1804 delta: -0.0029
epoch: 9 validAccuracy: 0.2059 trainAccuracy: 0.2255 delta: 0.0412
epoch: 10 validAccuracy: 0.2353 trainAccuracy: 0.2725 delta: 0.0294
epoch: 11 validAccuracy: 0.2676 trainAccuracy: 0.3147 delta: 0.0323
epoch: 12 validAccuracy: 0.2745 trainAccuracy: 0.3598 delta: 0.0069
epoch: 13 validAccuracy: 0.3029 trainAccuracy: 0.4412 delta: 0.0284
epoch: 14 validAccuracy: 0.3078 trainAccuracy: 0.4598 delta: 0.0049
epoch: 15 validAccuracy: 0.3196 trainAccuracy: 0.4735 delta: 0.0118
epoch: 16 validAccuracy: 0.3157 trainAccuracy: 0.4716 delta: -0.0039
epoch: 17 validAccuracy: 0.3176 trainAccuracy: 0.4912 delta: -0.002
epoch: 18 validAccuracy: 0.3167 trainAccuracy: 0.4922 delta: -0.0029
epoch: 19 validAccuracy: 0.3029 trainAccuracy: 0.4755 delta: -0.0167
epoch: 20 validAccuracy: 0.2922 trainAccuracy: 0.4657 delta: -0.0274
epoch: 21 validAccuracy: 0.2696 trainAccuracy: 0.4284 delta: -0.05
epoch: 22 validAccuracy: 0.2696 trainAccuracy: 0.4176 delta: -0.05
epoch: 23 validAccuracy: 0.2814 trainAccuracy: 0.4069 delta: -0.0382
epoch: 24 validAccuracy: 0.2775 trainAccuracy: 0.3922 delta: -0.0421
epoch: 25 validAccuracy: 0.2716 trainAccuracy: 0.3843 delta: -0.048
epoch: 26 validAccuracy: 0.2471 trainAccuracy: 0.3657 delta: -0.0725
epoch: 27 validAccuracy: 0.2451 trainAccuracy: 0.35 delta: -0.0745
epoch: 28 validAccuracy: 0.2451 trainAccuracy: 0.3343 delta: -0.0745
epoch: 29 validAccuracy: 0.249 trainAccuracy: 0.3353 delta: -0.0706
epoch: 30 validAccuracy: 0.2324 trainAccuracy: 0.3275 delta: -0.0872
epoch: 31 validAccuracy: 0.2157 trainAccuracy: 0.3127 delta: -0.1039
epoch: 32 validAccuracy: 0.2304 trainAccuracy: 0.2941 delta: -0.0892
epoch: 33 validAccuracy: 0.252 trainAccuracy: 0.3098 delta: -0.0676
epoch: 34 validAccuracy: 0.2588 trainAccuracy: 0.3412 delta: -0.0608
epoch: 35 validAccuracy: 0.2559 trainAccuracy: 0.3598 delta: -0.0637
epoch: 36 validAccuracy: 0.2461 trainAccuracy: 0.3863 delta: -0.0735
epoch: 37 validAccuracy: 0.2961 trainAccuracy: 0.4637 delta: -0.0235
epoch: 38 validAccuracy: 0.3 trainAccuracy: 0.502 delta: -0.0196
epoch: 39 validAccuracy: 0.3235 trainAccuracy: 0.5363 delta: 0.0039
epoch: 40 validAccuracy: 0.3363 trainAccuracy: 0.598 delta: 0.0128
epoch: 41 validAccuracy: 0.3451 trainAccuracy: 0.6373 delta: 0.0088
epoch: 42 validAccuracy: 0.349 trainAccuracy: 0.701 delta: 0.0039
epoch: 43 validAccuracy: 0.3647 trainAccuracy: 0.7343 delta: 0.0157
epoch: 44 validAccuracy: 0.3569 trainAccuracy: 0.7588 delta: -0.0078
epoch: 45 validAccuracy: 0.3637 trainAccuracy: 0.7794 delta: -0.001
epoch: 46 validAccuracy: 0.3588 trainAccuracy: 0.7775 delta: -0.0059
epoch: 47 validAccuracy: 0.3627 trainAccuracy: 0.7961 delta: -0.002
epoch: 48 validAccuracy: 0.3598 trainAccuracy: 0.7824 delta: -0.0049
epoch: 49 validAccuracy: 0.3471 trainAccuracy: 0.7892 delta: -0.0176
epoch: 50 validAccuracy: 0.3539 trainAccuracy: 0.7598 delta: -0.0108
epoch: 51 validAccuracy: 0.3461 trainAccuracy: 0.7471 delta: -0.0186
epoch: 52 validAccuracy: 0.3431 trainAccuracy: 0.7235 delta: -0.0216
epoch: 53 validAccuracy: 0.3196 trainAccuracy: 0.6696 delta: -0.0451
epoch: 54 validAccuracy: 0.3069 trainAccuracy: 0.6294 delta: -0.0578
epoch: 55 validAccuracy: 0.3333 trainAccuracy: 0.5765 delta: -0.0314
epoch: 56 validAccuracy: 0.2902 trainAccuracy: 0.552 delta: -0.0745
epoch: 57 validAccuracy: 0.3029 trainAccuracy: 0.5176 delta: -0.0618
epoch: 58 validAccuracy: 0.2294 trainAccuracy: 0.5108 delta: -0.1353
epoch: 59 validAccuracy: 0.2814 trainAccuracy: 0.4784 delta: -0.0833
epoch: 60 validAccuracy: 0.2755 trainAccuracy: 0.5059 delta: -0.0892
epoch: 61 validAccuracy: 0.2863 trainAccuracy: 0.502 delta: -0.0784
epoch: 62 validAccuracy: 0.3098 trainAccuracy: 0.5647 delta: -0.0549
epoch: 63 validAccuracy: 0.3127 trainAccuracy: 0.5255 delta: -0.052
epoch: 64 validAccuracy: 0.2814 trainAccuracy: 0.5971 delta: -0.0833
epoch: 65 validAccuracy: 0.3196 trainAccuracy: 0.6127 delta: -0.0451
epoch: 66 validAccuracy: 0.3382 trainAccuracy: 0.6775 delta: -0.0265
epoch: 67 validAccuracy: 0.3549 trainAccuracy: 0.7422 delta: -0.0098
epoch: 68 validAccuracy: 0.3549 trainAccuracy: 0.7765 delta: -0.0098
epoch: 69 validAccuracy: 0.3549 trainAccuracy: 0.8304 delta: -0.0098
epoch: 70 validAccuracy: 0.3814 trainAccuracy: 0.8863 delta: 0.0167
epoch: 71 validAccuracy: 0.3588 trainAccuracy: 0.9245 delta: -0.0226
epoch: 72 validAccuracy: 0.3696 trainAccuracy: 0.9471 delta: -0.0118
epoch: 73 validAccuracy: 0.3755 trainAccuracy: 0.9598 delta: -0.0059
epoch: 74 validAccuracy: 0.3775 trainAccuracy: 0.9667 delta: -0.0039
epoch: 75 validAccuracy: 0.3755 trainAccuracy: 0.9745 delta: -0.0059
epoch: 76 validAccuracy: 0.3784 trainAccuracy: 0.9784 delta: -0.003
epoch: 77 validAccuracy: 0.3755 trainAccuracy: 0.9706 delta: -0.0059
epoch: 78 validAccuracy: 0.3775 trainAccuracy: 0.9775 delta: -0.0039
epoch: 79 validAccuracy: 0.3765 trainAccuracy: 0.9608 delta: -0.0049
epoch: 80 validAccuracy: 0.3686 trainAccuracy: 0.9667 delta: -0.0128
epoch: 81 validAccuracy: 0.3863 trainAccuracy: 0.9578 delta: 0.0049
epoch: 82 validAccuracy: 0.3775 trainAccuracy: 0.9353 delta: -0.0088
epoch: 83 validAccuracy: 0.349 trainAccuracy: 0.901 delta: -0.0373
epoch: 84 validAccuracy: 0.35 trainAccuracy: 0.8245 delta: -0.0363
epoch: 85 validAccuracy: 0.3069 trainAccuracy: 0.7422 delta: -0.0794
epoch: 86 validAccuracy: 0.3118 trainAccuracy: 0.6775 delta: -0.0745
epoch: 87 validAccuracy: 0.2794 trainAccuracy: 0.6451 delta: -0.1069
epoch: 88 validAccuracy: 0.3059 trainAccuracy: 0.5657 delta: -0.0804
epoch: 89 validAccuracy: 0.3127 trainAccuracy: 0.5882 delta: -0.0736
epoch: 90 validAccuracy: 0.3147 trainAccuracy: 0.5804 delta: -0.0716
epoch: 91 validAccuracy: 0.299 trainAccuracy: 0.6245 delta: -0.0873
epoch: 92 validAccuracy: 0.3167 trainAccuracy: 0.648 delta: -0.0696
epoch: 93 validAccuracy: 0.3255 trainAccuracy: 0.6686 delta: -0.0608
epoch: 94 validAccuracy: 0.3265 trainAccuracy: 0.7627 delta: -0.0598
epoch: 95 validAccuracy: 0.3186 trainAccuracy: 0.7902 delta: -0.0677
epoch: 96 validAccuracy: 0.3529 trainAccuracy: 0.8118 delta: -0.0334
epoch: 97 validAccuracy: 0.3598 trainAccuracy: 0.8657 delta: -0.0265
epoch: 98 validAccuracy: 0.3725 trainAccuracy: 0.9108 delta: -0.0138
epoch: 99 validAccuracy: 0.3745 trainAccuracy: 0.952 delta: -0.0118
epoch: 100 validAccuracy: 0.3784 trainAccuracy: 0.9696 delta: -0.0079
epoch: 101 validAccuracy: 0.3725 trainAccuracy: 0.9882 delta: -0.0138
epoch: 102 validAccuracy: 0.3755 trainAccuracy: 0.9873 delta: -0.0108
epoch: 103 validAccuracy: 0.3882 trainAccuracy: 0.9941 delta: 0.0019
epoch: 104 validAccuracy: 0.3833 trainAccuracy: 0.9941 delta: -0.0049
epoch: 105 validAccuracy: 0.3804 trainAccuracy: 0.9931 delta: -0.0078
epoch: 106 validAccuracy: 0.3804 trainAccuracy: 0.9951 delta: -0.0078
epoch: 107 validAccuracy: 0.3804 trainAccuracy: 0.9931 delta: -0.0078
epoch: 108 validAccuracy: 0.3863 trainAccuracy: 0.9931 delta: -0.0019
epoch: 109 validAccuracy: 0.3902 trainAccuracy: 0.9951 delta: 0.002
epoch: 110 validAccuracy: 0.3735 trainAccuracy: 0.9951 delta: -0.0167
epoch: 111 validAccuracy: 0.3775 trainAccuracy: 0.9863 delta: -0.0127
epoch: 112 validAccuracy: 0.3725 trainAccuracy: 0.9853 delta: -0.0177
epoch: 113 validAccuracy: 0.3804 trainAccuracy: 0.9755 delta: -0.0098
epoch: 114 validAccuracy: 0.3529 trainAccuracy: 0.9353 delta: -0.0373
epoch: 115 validAccuracy: 0.3157 trainAccuracy: 0.8127 delta: -0.0745
epoch: 116 validAccuracy: 0.3167 trainAccuracy: 0.6853 delta: -0.0735
epoch: 117 validAccuracy: 0.2922 trainAccuracy: 0.6235 delta: -0.098
epoch: 118 validAccuracy: 0.3255 trainAccuracy: 0.6441 delta: -0.0647
epoch: 119 validAccuracy: 0.3147 trainAccuracy: 0.6784 delta: -0.0755
epoch: 120 validAccuracy: 0.3167 trainAccuracy: 0.6686 delta: -0.0735
epoch: 121 validAccuracy: 0.3304 trainAccuracy: 0.7 delta: -0.0598
epoch: 122 validAccuracy: 0.3265 trainAccuracy: 0.7255 delta: -0.0637
epoch: 123 validAccuracy: 0.3343 trainAccuracy: 0.7863 delta: -0.0559
epoch: 124 validAccuracy: 0.3304 trainAccuracy: 0.7951 delta: -0.0598
epoch: 125 validAccuracy: 0.352 trainAccuracy: 0.852 delta: -0.0382
epoch: 126 validAccuracy: 0.3627 trainAccuracy: 0.9176 delta: -0.0275
epoch: 127 validAccuracy: 0.3588 trainAccuracy: 0.9402 delta: -0.0314
epoch: 128 validAccuracy: 0.3725 trainAccuracy: 0.9716 delta: -0.0177
epoch: 129 validAccuracy: 0.3794 trainAccuracy: 0.9843 delta: -0.0108
epoch: 130 validAccuracy: 0.3794 trainAccuracy: 0.9951 delta: -0.0108
epoch: 131 validAccuracy: 0.3735 trainAccuracy: 0.9892 delta: -0.0167
epoch: 132 validAccuracy: 0.3706 trainAccuracy: 0.9941 delta: -0.0196
epoch: 133 validAccuracy: 0.3794 trainAccuracy: 0.9941 delta: -0.0108
epoch: 134 validAccuracy: 0.3804 trainAccuracy: 0.9941 delta: -0.0098
epoch: 135 validAccuracy: 0.3824 trainAccuracy: 0.998 delta: -0.0078
epoch: 136 validAccuracy: 0.3863 trainAccuracy: 0.998 delta: -0.0039
epoch: 137 validAccuracy: 0.3833 trainAccuracy: 0.998 delta: -0.0069
epoch: 138 validAccuracy: 0.3824 trainAccuracy: 1.0 delta: -0.0078
epoch: 139 validAccuracy: 0.3824 trainAccuracy: 0.9961 delta: -0.0078
epoch: 140 validAccuracy: 0.3824 trainAccuracy: 0.999 delta: -0.0078
epoch: 141 validAccuracy: 0.3804 trainAccuracy: 0.999 delta: -0.0098
epoch: 142 validAccuracy: 0.3794 trainAccuracy: 0.999 delta: -0.0108
epoch: 143 validAccuracy: 0.3784 trainAccuracy: 0.9971 delta: -0.0118
epoch: 144 validAccuracy: 0.348 trainAccuracy: 0.9863 delta: -0.0422
epoch: 145 validAccuracy: 0.3392 trainAccuracy: 0.9343 delta: -0.051
epoch: 146 validAccuracy: 0.2716 trainAccuracy: 0.7765 delta: -0.1186
epoch: 147 validAccuracy: 0.3049 trainAccuracy: 0.6696 delta: -0.0853
epoch: 148 validAccuracy: 0.2971 trainAccuracy: 0.6559 delta: -0.0931
epoch: 149 validAccuracy: 0.3157 trainAccuracy: 0.6627 delta: -0.0745
epoch: 150 validAccuracy: 0.3039 trainAccuracy: 0.6873 delta: -0.0863
epoch: 151 validAccuracy: 0.3127 trainAccuracy: 0.7382 delta: -0.0775
epoch: 152 validAccuracy: 0.3255 trainAccuracy: 0.7892 delta: -0.0647
epoch: 153 validAccuracy: 0.3333 trainAccuracy: 0.8422 delta: -0.0569
epoch: 154 validAccuracy: 0.3667 trainAccuracy: 0.8863 delta: -0.0235
epoch: 155 validAccuracy: 0.3676 trainAccuracy: 0.9304 delta: -0.0226
epoch: 156 validAccuracy: 0.3667 trainAccuracy: 0.9735 delta: -0.0235
epoch: 157 validAccuracy: 0.3725 trainAccuracy: 0.9725 delta: -0.0177
epoch: 158 validAccuracy: 0.3882 trainAccuracy: 0.9853 delta: -0.002
epoch: 159 validAccuracy: 0.3784 trainAccuracy: 0.9951 delta: -0.0118
==========================================================================================
validAccuracy 0.3902 bestEpoch 109 testAccuracy 0.344 stopEpoch 159
==========================================================================================
